
*** Running vivado
    with args -log blk_mem_8Kword.vdi -applog -m64 -messageDb vivado.pb -mode batch -source blk_mem_8Kword.tcl -notrace

WARNING: Default location for XILINX_VIVADO_HLS not found: 

****** Vivado v2015.2 (64-bit)
  **** SW Build 1266856 on Fri Jun 26 16:35:25 MDT 2015
  **** IP Build 1264090 on Wed Jun 24 14:22:01 MDT 2015
    ** Copyright 1986-2015 Xilinx, Inc. All Rights Reserved.

source blk_mem_8Kword.tcl -notrace
Command: open_checkpoint -netlist_only C:/Users/lab/Documents/EmbeddedSystems/Wednesday/AidanThomasTinu/SoC/DES_SoC/Hardware/DemoSystem.runs/blk_mem_8Kword_synth_1/blk_mem_8Kword.dcp
INFO: [Netlist 29-17] Analyzing 8 Unisim elements for replacement
INFO: [Netlist 29-28] Unisim Transformation completed in 0 CPU seconds
INFO: [Project 1-479] Netlist was created with Vivado 2015.2
INFO: [Device 21-403] Loading part xc7a100tcsg324-1
INFO: [Project 1-570] Preparing netlist for logic optimization
INFO: [Project 1-111] Unisim Transformation Summary:
No Unisim elements were transformed.

INFO: [Project 1-484] Checkpoint was created with build 1266856
Parsing XDC File [c:/Users/lab/Documents/EmbeddedSystems/Wednesday/AidanThomasTinu/SoC/DES_SoC/Hardware/DemoSystem.srcs/sources_1/ip/blk_mem_8Kword/blk_mem_8Kword_ooc.xdc]
Finished Parsing XDC File [c:/Users/lab/Documents/EmbeddedSystems/Wednesday/AidanThomasTinu/SoC/DES_SoC/Hardware/DemoSystem.srcs/sources_1/ip/blk_mem_8Kword/blk_mem_8Kword_ooc.xdc]
Command: opt_design
Attempting to get a license for feature 'Implementation' and/or device 'xc7a100t'
INFO: [Common 17-349] Got license for feature 'Implementation' and/or device 'xc7a100t'
INFO: [Common 17-1223] The version limit for your license is '2026.02' and will expire in -26 days. A version limit expiration means that, although you may be able to continue to use the current version of tools or IP with this license, you will not be eligible for any updates or new releases.
Running DRC as a precondition to command opt_design

Starting DRC Task
INFO: [DRC 23-27] Running DRC with 2 threads
INFO: [Project 1-461] DRC finished with 0 Errors
INFO: [Project 1-462] Please refer to the DRC report (report_drc) for more information.

Time (s): cpu = 00:00:00 ; elapsed = 00:00:00.041 . Memory (MB): peak = 460.410 ; gain = 1.559
INFO: [Timing 38-35] Done setting XDC timing constraints.

Starting Logic Optimization Task

Phase 1 Retarget

INFO: [Opt 31-138] Pushed 0 inverter(s) to 0 load pin(s).
INFO: [Opt 31-49] Retargeted 0 cell(s).
Phase 1 Retarget | Checksum: 95b263a4

Time (s): cpu = 00:00:00 ; elapsed = 00:00:00.017 . Memory (MB): peak = 903.090 ; gain = 0.000

Phase 2 Constant Propagation
INFO: [Opt 31-138] Pushed 0 inverter(s) to 0 load pin(s).
INFO: [Opt 31-10] Eliminated 0 cells.
Phase 2 Constant Propagation | Checksum: 95b263a4

Time (s): cpu = 00:00:00 ; elapsed = 00:00:00.020 . Memory (MB): peak = 903.090 ; gain = 0.000

Phase 3 Sweep
INFO: [Opt 31-12] Eliminated 0 unconnected nets.
INFO: [Opt 31-11] Eliminated 1 unconnected cells.
Phase 3 Sweep | Checksum: 378601b5

Time (s): cpu = 00:00:00 ; elapsed = 00:00:00.047 . Memory (MB): peak = 903.090 ; gain = 0.000

Starting Connectivity Check Task

Time (s): cpu = 00:00:00 ; elapsed = 00:00:00 . Memory (MB): peak = 903.090 ; gain = 0.000
Ending Logic Optimization Task | Checksum: 378601b5

Time (s): cpu = 00:00:00 ; elapsed = 00:00:00.047 . Memory (MB): peak = 903.090 ; gain = 0.000
Implement Debug Cores | Checksum: 10454bdb
Logic Optimization | Checksum: 10454bdb

Starting Power Optimization Task
INFO: [Pwropt 34-132] Skipping clock gating for clocks with a period < 3.13 ns.
INFO: [Pwropt 34-9] Applying IDT optimizations ...
INFO: [Pwropt 34-10] Applying ODC optimizations ...


Starting PowerOpt Patch Enables Task
INFO: [Pwropt 34-162] WRITE_MODE attribute of 8 BRAM(s) out of a total of 8 has been updated to save power. Run report_power_opt to get a complete listing of the BRAMs updated.
INFO: [Pwropt 34-201] Structural ODC has moved 0 WE to EN ports
Number of BRAM Ports augmented: 8 newly gated: 0 Total Ports: 16
Ending PowerOpt Patch Enables Task | Checksum: 646b26a4

Time (s): cpu = 00:00:00 ; elapsed = 00:00:00.006 . Memory (MB): peak = 930.570 ; gain = 0.000
Ending Power Optimization Task | Checksum: 646b26a4

Time (s): cpu = 00:00:00 ; elapsed = 00:00:00.359 . Memory (MB): peak = 930.570 ; gain = 27.480
INFO: [Common 17-83] Releasing license: Implementation
25 Infos, 0 Warnings, 0 Critical Warnings and 0 Errors encountered.
opt_design completed successfully
opt_design: Time (s): cpu = 00:00:06 ; elapsed = 00:00:06 . Memory (MB): peak = 930.570 ; gain = 472.742
INFO: [Timing 38-35] Done setting XDC timing constraints.
INFO: [DRC 23-27] Running DRC with 2 threads
INFO: [Coretcl 2-168] The results of DRC are in file C:/Users/lab/Documents/EmbeddedSystems/Wednesday/AidanThomasTinu/SoC/DES_SoC/Hardware/DemoSystem.runs/blk_mem_8Kword_impl_1/blk_mem_8Kword_drc_opted.rpt.
INFO: [#UNDEF] Cannot write hardware definition file as there are no IPI block design hardware handoff files present
Command: place_design
Attempting to get a license for feature 'Implementation' and/or device 'xc7a100t'
INFO: [Common 17-349] Got license for feature 'Implementation' and/or device 'xc7a100t'
INFO: [Common 17-1223] The version limit for your license is '2026.02' and will expire in -26 days. A version limit expiration means that, although you may be able to continue to use the current version of tools or IP with this license, you will not be eligible for any updates or new releases.
INFO: [DRC 23-27] Running DRC with 2 threads
INFO: [Vivado_Tcl 4-198] DRC finished with 0 Errors
INFO: [Vivado_Tcl 4-199] Please refer to the DRC report (report_drc) for more information.
Running DRC as a precondition to command place_design
INFO: [DRC 23-27] Running DRC with 2 threads
INFO: [Vivado_Tcl 4-198] DRC finished with 0 Errors
INFO: [Vivado_Tcl 4-199] Please refer to the DRC report (report_drc) for more information.

Starting Placer Task
INFO: [Place 30-611] Multithreading enabled for place_design using a maximum of 2 CPUs

Phase 1 Placer Runtime Estimator
Phase 1 Placer Runtime Estimator | Checksum: 00000000

Time (s): cpu = 00:00:00 ; elapsed = 00:00:00.015 . Memory (MB): peak = 947.594 ; gain = 0.000

Phase 2 Placer Initialization
Netlist sorting complete. Time (s): cpu = 00:00:00 ; elapsed = 00:00:00 . Memory (MB): peak = 947.594 ; gain = 0.000
INFO: [Opt 31-138] Pushed 0 inverter(s) to 0 load pin(s).
Netlist sorting complete. Time (s): cpu = 00:00:00 ; elapsed = 00:00:00 . Memory (MB): peak = 947.594 ; gain = 0.000

Phase 2.1 IO Placement/ Clock Placement/ Build Placer Device

Phase 2.1.1 Pre-Place Cells
Phase 2.1.1 Pre-Place Cells | Checksum: 00000000

Time (s): cpu = 00:00:00 ; elapsed = 00:00:00.032 . Memory (MB): peak = 947.594 ; gain = 0.000

Phase 2.1.2 IO & Clk Clean Up
Phase 2.1.2 IO & Clk Clean Up | Checksum: 00000000

Time (s): cpu = 00:00:01 ; elapsed = 00:00:00.472 . Memory (MB): peak = 947.594 ; gain = 0.000

Phase 2.1.3 Implementation Feasibility check On IDelay
Phase 2.1.3 Implementation Feasibility check On IDelay | Checksum: 00000000

Time (s): cpu = 00:00:01 ; elapsed = 00:00:00.472 . Memory (MB): peak = 947.594 ; gain = 0.000

Phase 2.1.4 Commit IO Placement
Phase 2.1.4 Commit IO Placement | Checksum: 00000000

Time (s): cpu = 00:00:01 ; elapsed = 00:00:00.472 . Memory (MB): peak = 947.594 ; gain = 0.000
Phase 2.1 IO Placement/ Clock Placement/ Build Placer Device | Checksum: 00000000

Time (s): cpu = 00:00:01 ; elapsed = 00:00:00.474 . Memory (MB): peak = 947.594 ; gain = 0.000

Phase 2.2 Build Placer Netlist Model

Phase 2.2.1 Place Init Design

Phase 2.2.1.1 Init Lut Pin Assignment
Phase 2.2.1.1 Init Lut Pin Assignment | Checksum: 6e150b58

Time (s): cpu = 00:00:01 ; elapsed = 00:00:00.479 . Memory (MB): peak = 947.594 ; gain = 0.000
Phase 2.2.1 Place Init Design | Checksum: b0261c92

Time (s): cpu = 00:00:01 ; elapsed = 00:00:00.507 . Memory (MB): peak = 947.594 ; gain = 0.000
Phase 2.2 Build Placer Netlist Model | Checksum: b0261c92

Time (s): cpu = 00:00:01 ; elapsed = 00:00:00.507 . Memory (MB): peak = 947.594 ; gain = 0.000

Phase 2.3 Constrain Clocks/Macros

Phase 2.3.1 Constrain Global/Regional Clocks
Phase 2.3.1 Constrain Global/Regional Clocks | Checksum: b0261c92

Time (s): cpu = 00:00:01 ; elapsed = 00:00:00.507 . Memory (MB): peak = 947.594 ; gain = 0.000
Phase 2.3 Constrain Clocks/Macros | Checksum: b0261c92

Time (s): cpu = 00:00:01 ; elapsed = 00:00:00.507 . Memory (MB): peak = 947.594 ; gain = 0.000
Phase 2 Placer Initialization | Checksum: b0261c92

Time (s): cpu = 00:00:01 ; elapsed = 00:00:00.509 . Memory (MB): peak = 947.594 ; gain = 0.000

Phase 3 Global Placement
Phase 3 Global Placement | Checksum: 1b7aa7a53

Time (s): cpu = 00:00:01 ; elapsed = 00:00:00.777 . Memory (MB): peak = 947.594 ; gain = 0.000

Phase 4 Detail Placement

Phase 4.1 Commit Multi Column Macros
Phase 4.1 Commit Multi Column Macros | Checksum: 1b7aa7a53

Time (s): cpu = 00:00:01 ; elapsed = 00:00:00.778 . Memory (MB): peak = 947.594 ; gain = 0.000

Phase 4.2 Commit Most Macros & LUTRAMs
Phase 4.2 Commit Most Macros & LUTRAMs | Checksum: 1495f50e6

Time (s): cpu = 00:00:01 ; elapsed = 00:00:00.786 . Memory (MB): peak = 947.594 ; gain = 0.000

Phase 4.3 Area Swap Optimization
Phase 4.3 Area Swap Optimization | Checksum: 180dc225c

Time (s): cpu = 00:00:01 ; elapsed = 00:00:00.792 . Memory (MB): peak = 947.594 ; gain = 0.000

Phase 4.4 Small Shape Detail Placement

Phase 4.4.1 Commit Small Macros & Core Logic

Phase 4.4.1.1 Commit Slice Clusters
Phase 4.4.1.1 Commit Slice Clusters | Checksum: 13fec10d7

Time (s): cpu = 00:00:01 ; elapsed = 00:00:00.861 . Memory (MB): peak = 947.594 ; gain = 0.000
Phase 4.4.1 Commit Small Macros & Core Logic | Checksum: 13fec10d7

Time (s): cpu = 00:00:01 ; elapsed = 00:00:00.861 . Memory (MB): peak = 947.594 ; gain = 0.000

Phase 4.4.2 Clock Restriction Legalization for Leaf Columns
Phase 4.4.2 Clock Restriction Legalization for Leaf Columns | Checksum: 13fec10d7

Time (s): cpu = 00:00:01 ; elapsed = 00:00:00.867 . Memory (MB): peak = 947.594 ; gain = 0.000

Phase 4.4.3 Clock Restriction Legalization for Non-Clock Pins
Phase 4.4.3 Clock Restriction Legalization for Non-Clock Pins | Checksum: 13fec10d7

Time (s): cpu = 00:00:01 ; elapsed = 00:00:00.867 . Memory (MB): peak = 947.594 ; gain = 0.000
Phase 4.4 Small Shape Detail Placement | Checksum: 13fec10d7

Time (s): cpu = 00:00:01 ; elapsed = 00:00:00.869 . Memory (MB): peak = 947.594 ; gain = 0.000

Phase 4.5 Re-assign LUT pins
Phase 4.5 Re-assign LUT pins | Checksum: 13fec10d7

Time (s): cpu = 00:00:01 ; elapsed = 00:00:00.871 . Memory (MB): peak = 947.594 ; gain = 0.000
Phase 4 Detail Placement | Checksum: 13fec10d7

Time (s): cpu = 00:00:01 ; elapsed = 00:00:00.871 . Memory (MB): peak = 947.594 ; gain = 0.000

Phase 5 Post Placement Optimization and Clean-Up

Phase 5.1 PCOPT Shape updates
Phase 5.1 PCOPT Shape updates | Checksum: 13fec10d7

Time (s): cpu = 00:00:01 ; elapsed = 00:00:00.872 . Memory (MB): peak = 947.594 ; gain = 0.000

Phase 5.2 Post Commit Optimization
Phase 5.2 Post Commit Optimization | Checksum: 13fec10d7

Time (s): cpu = 00:00:01 ; elapsed = 00:00:00.872 . Memory (MB): peak = 947.594 ; gain = 0.000

Phase 5.3 Sweep Clock Roots: Post-Placement
Phase 5.3 Sweep Clock Roots: Post-Placement | Checksum: 13fec10d7

Time (s): cpu = 00:00:01 ; elapsed = 00:00:00.872 . Memory (MB): peak = 947.594 ; gain = 0.000

Phase 5.4 Post Placement Cleanup
Phase 5.4 Post Placement Cleanup | Checksum: 13fec10d7

Time (s): cpu = 00:00:01 ; elapsed = 00:00:00.872 . Memory (MB): peak = 947.594 ; gain = 0.000

Phase 5.5 Placer Reporting
Phase 5.5 Placer Reporting | Checksum: 13fec10d7

Time (s): cpu = 00:00:01 ; elapsed = 00:00:00.872 . Memory (MB): peak = 947.594 ; gain = 0.000

Phase 5.6 Final Placement Cleanup
Phase 5.6 Final Placement Cleanup | Checksum: 13fec10d7

Time (s): cpu = 00:00:01 ; elapsed = 00:00:00.874 . Memory (MB): peak = 947.594 ; gain = 0.000
Phase 5 Post Placement Optimization and Clean-Up | Checksum: 13fec10d7

Time (s): cpu = 00:00:01 ; elapsed = 00:00:00.874 . Memory (MB): peak = 947.594 ; gain = 0.000
Ending Placer Task | Checksum: c688af09

Time (s): cpu = 00:00:01 ; elapsed = 00:00:00.880 . Memory (MB): peak = 947.594 ; gain = 0.000
INFO: [Common 17-83] Releasing license: Implementation
40 Infos, 0 Warnings, 0 Critical Warnings and 0 Errors encountered.
place_design completed successfully
Writing placer database...
Writing XDEF routing.
Writing XDEF routing logical nets.
Writing XDEF routing special nets.
Write XDEF Complete: Time (s): cpu = 00:00:00 ; elapsed = 00:00:00.025 . Memory (MB): peak = 947.594 ; gain = 0.000
report_io: Time (s): cpu = 00:00:00 ; elapsed = 00:00:00.019 . Memory (MB): peak = 947.594 ; gain = 0.000
report_utilization: Time (s): cpu = 00:00:00 ; elapsed = 00:00:00.024 . Memory (MB): peak = 947.594 ; gain = 0.000
report_control_sets: Time (s): cpu = 00:00:00 ; elapsed = 00:00:00.002 . Memory (MB): peak = 947.594 ; gain = 0.000
Command: route_design
Attempting to get a license for feature 'Implementation' and/or device 'xc7a100t'
INFO: [Common 17-349] Got license for feature 'Implementation' and/or device 'xc7a100t'
INFO: [Common 17-1223] The version limit for your license is '2026.02' and will expire in -26 days. A version limit expiration means that, although you may be able to continue to use the current version of tools or IP with this license, you will not be eligible for any updates or new releases.
Running DRC as a precondition to command route_design
INFO: [DRC 23-27] Running DRC with 2 threads
INFO: [Vivado_Tcl 4-198] DRC finished with 0 Errors
INFO: [Vivado_Tcl 4-199] Please refer to the DRC report (report_drc) for more information.


Starting Routing Task
INFO: [Route 35-254] Multithreading enabled for route_design using a maximum of 2 CPUs

Phase 1 Build RT Design
WARNING: [Route 35-198] Port "addra[12]" does not have an associated HD.PARTPIN_LOCS, which will prevent the partial routing of the signal "addra[12]". Without this partial route, timing analysis to/from this port will not be accurate, and no routing information for this port can be exported.
WARNING: [Route 35-198] Port "addra[11]" does not have an associated HD.PARTPIN_LOCS, which will prevent the partial routing of the signal "addra[11]". Without this partial route, timing analysis to/from this port will not be accurate, and no routing information for this port can be exported.
WARNING: [Route 35-198] Port "addra[10]" does not have an associated HD.PARTPIN_LOCS, which will prevent the partial routing of the signal "addra[10]". Without this partial route, timing analysis to/from this port will not be accurate, and no routing information for this port can be exported.
WARNING: [Route 35-198] Port "addra[9]" does not have an associated HD.PARTPIN_LOCS, which will prevent the partial routing of the signal "addra[9]". Without this partial route, timing analysis to/from this port will not be accurate, and no routing information for this port can be exported.
WARNING: [Route 35-198] Port "addra[8]" does not have an associated HD.PARTPIN_LOCS, which will prevent the partial routing of the signal "addra[8]". Without this partial route, timing analysis to/from this port will not be accurate, and no routing information for this port can be exported.
WARNING: [Route 35-198] Port "addra[7]" does not have an associated HD.PARTPIN_LOCS, which will prevent the partial routing of the signal "addra[7]". Without this partial route, timing analysis to/from this port will not be accurate, and no routing information for this port can be exported.
WARNING: [Route 35-198] Port "addra[6]" does not have an associated HD.PARTPIN_LOCS, which will prevent the partial routing of the signal "addra[6]". Without this partial route, timing analysis to/from this port will not be accurate, and no routing information for this port can be exported.
WARNING: [Route 35-198] Port "addra[5]" does not have an associated HD.PARTPIN_LOCS, which will prevent the partial routing of the signal "addra[5]". Without this partial route, timing analysis to/from this port will not be accurate, and no routing information for this port can be exported.
WARNING: [Route 35-198] Port "addra[4]" does not have an associated HD.PARTPIN_LOCS, which will prevent the partial routing of the signal "addra[4]". Without this partial route, timing analysis to/from this port will not be accurate, and no routing information for this port can be exported.
WARNING: [Route 35-198] Port "addra[3]" does not have an associated HD.PARTPIN_LOCS, which will prevent the partial routing of the signal "addra[3]". Without this partial route, timing analysis to/from this port will not be accurate, and no routing information for this port can be exported.
WARNING: [Route 35-198] Port "addra[2]" does not have an associated HD.PARTPIN_LOCS, which will prevent the partial routing of the signal "addra[2]". Without this partial route, timing analysis to/from this port will not be accurate, and no routing information for this port can be exported.
WARNING: [Route 35-198] Port "addra[1]" does not have an associated HD.PARTPIN_LOCS, which will prevent the partial routing of the signal "addra[1]". Without this partial route, timing analysis to/from this port will not be accurate, and no routing information for this port can be exported.
WARNING: [Route 35-198] Port "addra[0]" does not have an associated HD.PARTPIN_LOCS, which will prevent the partial routing of the signal "addra[0]". Without this partial route, timing analysis to/from this port will not be accurate, and no routing information for this port can be exported.
WARNING: [Route 35-198] Port "addrb[12]" does not have an associated HD.PARTPIN_LOCS, which will prevent the partial routing of the signal "addrb[12]". Without this partial route, timing analysis to/from this port will not be accurate, and no routing information for this port can be exported.
WARNING: [Route 35-198] Port "addrb[11]" does not have an associated HD.PARTPIN_LOCS, which will prevent the partial routing of the signal "addrb[11]". Without this partial route, timing analysis to/from this port will not be accurate, and no routing information for this port can be exported.
WARNING: [Route 35-198] Port "addrb[10]" does not have an associated HD.PARTPIN_LOCS, which will prevent the partial routing of the signal "addrb[10]". Without this partial route, timing analysis to/from this port will not be accurate, and no routing information for this port can be exported.
WARNING: [Route 35-198] Port "addrb[9]" does not have an associated HD.PARTPIN_LOCS, which will prevent the partial routing of the signal "addrb[9]". Without this partial route, timing analysis to/from this port will not be accurate, and no routing information for this port can be exported.
WARNING: [Route 35-198] Port "addrb[8]" does not have an associated HD.PARTPIN_LOCS, which will prevent the partial routing of the signal "addrb[8]". Without this partial route, timing analysis to/from this port will not be accurate, and no routing information for this port can be exported.
WARNING: [Route 35-198] Port "addrb[7]" does not have an associated HD.PARTPIN_LOCS, which will prevent the partial routing of the signal "addrb[7]". Without this partial route, timing analysis to/from this port will not be accurate, and no routing information for this port can be exported.
WARNING: [Route 35-198] Port "addrb[6]" does not have an associated HD.PARTPIN_LOCS, which will prevent the partial routing of the signal "addrb[6]". Without this partial route, timing analysis to/from this port will not be accurate, and no routing information for this port can be exported.
WARNING: [Route 35-198] Port "addrb[5]" does not have an associated HD.PARTPIN_LOCS, which will prevent the partial routing of the signal "addrb[5]". Without this partial route, timing analysis to/from this port will not be accurate, and no routing information for this port can be exported.
WARNING: [Route 35-198] Port "addrb[4]" does not have an associated HD.PARTPIN_LOCS, which will prevent the partial routing of the signal "addrb[4]". Without this partial route, timing analysis to/from this port will not be accurate, and no routing information for this port can be exported.
WARNING: [Route 35-198] Port "addrb[3]" does not have an associated HD.PARTPIN_LOCS, which will prevent the partial routing of the signal "addrb[3]". Without this partial route, timing analysis to/from this port will not be accurate, and no routing information for this port can be exported.
WARNING: [Route 35-198] Port "addrb[2]" does not have an associated HD.PARTPIN_LOCS, which will prevent the partial routing of the signal "addrb[2]". Without this partial route, timing analysis to/from this port will not be accurate, and no routing information for this port can be exported.
WARNING: [Route 35-198] Port "addrb[1]" does not have an associated HD.PARTPIN_LOCS, which will prevent the partial routing of the signal "addrb[1]". Without this partial route, timing analysis to/from this port will not be accurate, and no routing information for this port can be exported.
WARNING: [Route 35-198] Port "addrb[0]" does not have an associated HD.PARTPIN_LOCS, which will prevent the partial routing of the signal "addrb[0]". Without this partial route, timing analysis to/from this port will not be accurate, and no routing information for this port can be exported.
WARNING: [Route 35-198] Port "dina[23]" does not have an associated HD.PARTPIN_LOCS, which will prevent the partial routing of the signal "dina[23]". Without this partial route, timing analysis to/from this port will not be accurate, and no routing information for this port can be exported.
WARNING: [Route 35-198] Port "dina[22]" does not have an associated HD.PARTPIN_LOCS, which will prevent the partial routing of the signal "dina[22]". Without this partial route, timing analysis to/from this port will not be accurate, and no routing information for this port can be exported.
WARNING: [Route 35-198] Port "dina[21]" does not have an associated HD.PARTPIN_LOCS, which will prevent the partial routing of the signal "dina[21]". Without this partial route, timing analysis to/from this port will not be accurate, and no routing information for this port can be exported.
WARNING: [Route 35-198] Port "dina[20]" does not have an associated HD.PARTPIN_LOCS, which will prevent the partial routing of the signal "dina[20]". Without this partial route, timing analysis to/from this port will not be accurate, and no routing information for this port can be exported.
WARNING: [Route 35-198] Port "enb" does not have an associated HD.PARTPIN_LOCS, which will prevent the partial routing of the signal "enb". Without this partial route, timing analysis to/from this port will not be accurate, and no routing information for this port can be exported.
WARNING: [Route 35-198] Port "wea[0]" does not have an associated HD.PARTPIN_LOCS, which will prevent the partial routing of the signal "wea[0]". Without this partial route, timing analysis to/from this port will not be accurate, and no routing information for this port can be exported.
WARNING: [Route 35-198] Port "dina[15]" does not have an associated HD.PARTPIN_LOCS, which will prevent the partial routing of the signal "dina[15]". Without this partial route, timing analysis to/from this port will not be accurate, and no routing information for this port can be exported.
WARNING: [Route 35-198] Port "dina[14]" does not have an associated HD.PARTPIN_LOCS, which will prevent the partial routing of the signal "dina[14]". Without this partial route, timing analysis to/from this port will not be accurate, and no routing information for this port can be exported.
WARNING: [Route 35-198] Port "dina[13]" does not have an associated HD.PARTPIN_LOCS, which will prevent the partial routing of the signal "dina[13]". Without this partial route, timing analysis to/from this port will not be accurate, and no routing information for this port can be exported.
WARNING: [Route 35-198] Port "dina[12]" does not have an associated HD.PARTPIN_LOCS, which will prevent the partial routing of the signal "dina[12]". Without this partial route, timing analysis to/from this port will not be accurate, and no routing information for this port can be exported.
WARNING: [Route 35-198] Port "dina[31]" does not have an associated HD.PARTPIN_LOCS, which will prevent the partial routing of the signal "dina[31]". Without this partial route, timing analysis to/from this port will not be accurate, and no routing information for this port can be exported.
WARNING: [Route 35-198] Port "dina[30]" does not have an associated HD.PARTPIN_LOCS, which will prevent the partial routing of the signal "dina[30]". Without this partial route, timing analysis to/from this port will not be accurate, and no routing information for this port can be exported.
WARNING: [Route 35-198] Port "dina[29]" does not have an associated HD.PARTPIN_LOCS, which will prevent the partial routing of the signal "dina[29]". Without this partial route, timing analysis to/from this port will not be accurate, and no routing information for this port can be exported.
WARNING: [Route 35-198] Port "dina[28]" does not have an associated HD.PARTPIN_LOCS, which will prevent the partial routing of the signal "dina[28]". Without this partial route, timing analysis to/from this port will not be accurate, and no routing information for this port can be exported.
WARNING: [Route 35-198] Port "dina[19]" does not have an associated HD.PARTPIN_LOCS, which will prevent the partial routing of the signal "dina[19]". Without this partial route, timing analysis to/from this port will not be accurate, and no routing information for this port can be exported.
WARNING: [Route 35-198] Port "dina[18]" does not have an associated HD.PARTPIN_LOCS, which will prevent the partial routing of the signal "dina[18]". Without this partial route, timing analysis to/from this port will not be accurate, and no routing information for this port can be exported.
WARNING: [Route 35-198] Port "dina[17]" does not have an associated HD.PARTPIN_LOCS, which will prevent the partial routing of the signal "dina[17]". Without this partial route, timing analysis to/from this port will not be accurate, and no routing information for this port can be exported.
WARNING: [Route 35-198] Port "dina[16]" does not have an associated HD.PARTPIN_LOCS, which will prevent the partial routing of the signal "dina[16]". Without this partial route, timing analysis to/from this port will not be accurate, and no routing information for this port can be exported.
WARNING: [Route 35-198] Port "dina[11]" does not have an associated HD.PARTPIN_LOCS, which will prevent the partial routing of the signal "dina[11]". Without this partial route, timing analysis to/from this port will not be accurate, and no routing information for this port can be exported.
WARNING: [Route 35-198] Port "dina[10]" does not have an associated HD.PARTPIN_LOCS, which will prevent the partial routing of the signal "dina[10]". Without this partial route, timing analysis to/from this port will not be accurate, and no routing information for this port can be exported.
WARNING: [Route 35-198] Port "dina[9]" does not have an associated HD.PARTPIN_LOCS, which will prevent the partial routing of the signal "dina[9]". Without this partial route, timing analysis to/from this port will not be accurate, and no routing information for this port can be exported.
WARNING: [Route 35-198] Port "dina[8]" does not have an associated HD.PARTPIN_LOCS, which will prevent the partial routing of the signal "dina[8]". Without this partial route, timing analysis to/from this port will not be accurate, and no routing information for this port can be exported.
WARNING: [Route 35-198] Port "dina[3]" does not have an associated HD.PARTPIN_LOCS, which will prevent the partial routing of the signal "dina[3]". Without this partial route, timing analysis to/from this port will not be accurate, and no routing information for this port can be exported.
WARNING: [Route 35-198] Port "dina[2]" does not have an associated HD.PARTPIN_LOCS, which will prevent the partial routing of the signal "dina[2]". Without this partial route, timing analysis to/from this port will not be accurate, and no routing information for this port can be exported.
WARNING: [Route 35-198] Port "dina[1]" does not have an associated HD.PARTPIN_LOCS, which will prevent the partial routing of the signal "dina[1]". Without this partial route, timing analysis to/from this port will not be accurate, and no routing information for this port can be exported.
WARNING: [Route 35-198] Port "dina[0]" does not have an associated HD.PARTPIN_LOCS, which will prevent the partial routing of the signal "dina[0]". Without this partial route, timing analysis to/from this port will not be accurate, and no routing information for this port can be exported.
WARNING: [Route 35-198] Port "dina[27]" does not have an associated HD.PARTPIN_LOCS, which will prevent the partial routing of the signal "dina[27]". Without this partial route, timing analysis to/from this port will not be accurate, and no routing information for this port can be exported.
WARNING: [Route 35-198] Port "dina[26]" does not have an associated HD.PARTPIN_LOCS, which will prevent the partial routing of the signal "dina[26]". Without this partial route, timing analysis to/from this port will not be accurate, and no routing information for this port can be exported.
WARNING: [Route 35-198] Port "dina[25]" does not have an associated HD.PARTPIN_LOCS, which will prevent the partial routing of the signal "dina[25]". Without this partial route, timing analysis to/from this port will not be accurate, and no routing information for this port can be exported.
WARNING: [Route 35-198] Port "dina[24]" does not have an associated HD.PARTPIN_LOCS, which will prevent the partial routing of the signal "dina[24]". Without this partial route, timing analysis to/from this port will not be accurate, and no routing information for this port can be exported.
WARNING: [Route 35-198] Port "dina[7]" does not have an associated HD.PARTPIN_LOCS, which will prevent the partial routing of the signal "dina[7]". Without this partial route, timing analysis to/from this port will not be accurate, and no routing information for this port can be exported.
WARNING: [Route 35-198] Port "dina[6]" does not have an associated HD.PARTPIN_LOCS, which will prevent the partial routing of the signal "dina[6]". Without this partial route, timing analysis to/from this port will not be accurate, and no routing information for this port can be exported.
WARNING: [Route 35-198] Port "dina[5]" does not have an associated HD.PARTPIN_LOCS, which will prevent the partial routing of the signal "dina[5]". Without this partial route, timing analysis to/from this port will not be accurate, and no routing information for this port can be exported.
WARNING: [Route 35-198] Port "dina[4]" does not have an associated HD.PARTPIN_LOCS, which will prevent the partial routing of the signal "dina[4]". Without this partial route, timing analysis to/from this port will not be accurate, and no routing information for this port can be exported.
WARNING: [Route 35-198] Port "ena" does not have an associated HD.PARTPIN_LOCS, which will prevent the partial routing of the signal "ena". Without this partial route, timing analysis to/from this port will not be accurate, and no routing information for this port can be exported.
Phase 1 Build RT Design | Checksum: 155d3b5f7

Time (s): cpu = 00:00:18 ; elapsed = 00:00:16 . Memory (MB): peak = 1067.516 ; gain = 119.922

Phase 2 Router Initialization

Phase 2.1 Create Timer
Phase 2.1 Create Timer | Checksum: 155d3b5f7

Time (s): cpu = 00:00:18 ; elapsed = 00:00:16 . Memory (MB): peak = 1068.367 ; gain = 120.773

Phase 2.2 Pre Route Cleanup
Phase 2.2 Pre Route Cleanup | Checksum: 155d3b5f7

Time (s): cpu = 00:00:18 ; elapsed = 00:00:16 . Memory (MB): peak = 1076.633 ; gain = 129.039
 Number of Nodes with overlaps = 0

Phase 2.3 Update Timing
Phase 2.3 Update Timing | Checksum: 6fd0a373

Time (s): cpu = 00:00:18 ; elapsed = 00:00:16 . Memory (MB): peak = 1079.520 ; gain = 131.926
INFO: [Route 35-57] Estimated Timing Summary | WNS=1000000015047466200000000000000000000000.000| TNS=0.000  | WHS=1000000015047466200000000000000000000000.000| THS=0.000  |

Phase 2 Router Initialization | Checksum: 6fd0a373

Time (s): cpu = 00:00:18 ; elapsed = 00:00:16 . Memory (MB): peak = 1079.520 ; gain = 131.926

Phase 3 Initial Routing
 Number of Nodes with overlaps = 0
Phase 3 Initial Routing | Checksum: 1088b3c94

Time (s): cpu = 00:00:18 ; elapsed = 00:00:16 . Memory (MB): peak = 1079.520 ; gain = 131.926

Phase 4 Rip-up And Reroute

Phase 4.1 Global Iteration 0

Phase 4.1.1 Update Timing
Phase 4.1.1 Update Timing | Checksum: 1088b3c94

Time (s): cpu = 00:00:18 ; elapsed = 00:00:16 . Memory (MB): peak = 1079.520 ; gain = 131.926
INFO: [Route 35-57] Estimated Timing Summary | WNS=1000000015047466200000000000000000000000.000| TNS=0.000  | WHS=N/A    | THS=N/A    |

Phase 4.1 Global Iteration 0 | Checksum: 1088b3c94

Time (s): cpu = 00:00:18 ; elapsed = 00:00:16 . Memory (MB): peak = 1079.520 ; gain = 131.926

Phase 4.2 Global Iteration 1

Phase 4.2.1 Update Timing
Phase 4.2.1 Update Timing | Checksum: 1088b3c94

Time (s): cpu = 00:00:18 ; elapsed = 00:00:16 . Memory (MB): peak = 1079.520 ; gain = 131.926
INFO: [Route 35-57] Estimated Timing Summary | WNS=1000000015047466200000000000000000000000.000| TNS=0.000  | WHS=N/A    | THS=N/A    |

Phase 4.2 Global Iteration 1 | Checksum: 1088b3c94

Time (s): cpu = 00:00:18 ; elapsed = 00:00:16 . Memory (MB): peak = 1079.520 ; gain = 131.926

Phase 4.3 Global Iteration 2

Phase 4.3.1 Update Timing
Phase 4.3.1 Update Timing | Checksum: 1088b3c94

Time (s): cpu = 00:00:18 ; elapsed = 00:00:16 . Memory (MB): peak = 1079.520 ; gain = 131.926
INFO: [Route 35-57] Estimated Timing Summary | WNS=1000000015047466200000000000000000000000.000| TNS=0.000  | WHS=N/A    | THS=N/A    |

Phase 4.3 Global Iteration 2 | Checksum: 1088b3c94

Time (s): cpu = 00:00:18 ; elapsed = 00:00:16 . Memory (MB): peak = 1079.520 ; gain = 131.926

Phase 4.4 Global Iteration 3

Phase 4.4.1 Update Timing
Phase 4.4.1 Update Timing | Checksum: 1088b3c94

Time (s): cpu = 00:00:18 ; elapsed = 00:00:16 . Memory (MB): peak = 1079.520 ; gain = 131.926
INFO: [Route 35-57] Estimated Timing Summary | WNS=1000000015047466200000000000000000000000.000| TNS=0.000  | WHS=N/A    | THS=N/A    |

Phase 4.4 Global Iteration 3 | Checksum: 1088b3c94

Time (s): cpu = 00:00:18 ; elapsed = 00:00:16 . Memory (MB): peak = 1079.520 ; gain = 131.926

Phase 4.5 Global Iteration 4

Phase 4.5.1 Update Timing
Phase 4.5.1 Update Timing | Checksum: 1088b3c94

Time (s): cpu = 00:00:18 ; elapsed = 00:00:16 . Memory (MB): peak = 1079.520 ; gain = 131.926
INFO: [Route 35-57] Estimated Timing Summary | WNS=1000000015047466200000000000000000000000.000| TNS=0.000  | WHS=N/A    | THS=N/A    |

Phase 4.5 Global Iteration 4 | Checksum: 1088b3c94

Time (s): cpu = 00:00:18 ; elapsed = 00:00:16 . Memory (MB): peak = 1079.520 ; gain = 131.926
Phase 4 Rip-up And Reroute | Checksum: 1088b3c94

Time (s): cpu = 00:00:18 ; elapsed = 00:00:16 . Memory (MB): peak = 1079.520 ; gain = 131.926

Phase 5 Delay and Skew Optimization

Phase 5.1 Delay CleanUp

Phase 5.1.1 Update Timing
Phase 5.1.1 Update Timing | Checksum: 1088b3c94

Time (s): cpu = 00:00:18 ; elapsed = 00:00:16 . Memory (MB): peak = 1079.520 ; gain = 131.926
INFO: [Route 35-57] Estimated Timing Summary | WNS=1000000015047466200000000000000000000000.000| TNS=0.000  | WHS=N/A    | THS=N/A    |

Phase 5.1 Delay CleanUp | Checksum: 1088b3c94

Time (s): cpu = 00:00:18 ; elapsed = 00:00:16 . Memory (MB): peak = 1079.520 ; gain = 131.926

Phase 5.2 Clock Skew Optimization
Phase 5.2 Clock Skew Optimization | Checksum: 1088b3c94

Time (s): cpu = 00:00:18 ; elapsed = 00:00:16 . Memory (MB): peak = 1079.520 ; gain = 131.926
Phase 5 Delay and Skew Optimization | Checksum: 1088b3c94

Time (s): cpu = 00:00:18 ; elapsed = 00:00:16 . Memory (MB): peak = 1079.520 ; gain = 131.926

Phase 6 Post Hold Fix

Phase 6.1 Update Timing
Phase 6.1 Update Timing | Checksum: 1088b3c94

Time (s): cpu = 00:00:18 ; elapsed = 00:00:16 . Memory (MB): peak = 1079.520 ; gain = 131.926
INFO: [Route 35-57] Estimated Timing Summary | WNS=1000000015047466200000000000000000000000.000| TNS=0.000  | WHS=1000000015047466200000000000000000000000.000| THS=0.000  |

Phase 6 Post Hold Fix | Checksum: 1088b3c94

Time (s): cpu = 00:00:18 ; elapsed = 00:00:16 . Memory (MB): peak = 1079.520 ; gain = 131.926

Phase 7 Route finalize

Router Utilization Summary
  Global Vertical Routing Utilization    = 0.000696349 %
  Global Horizontal Routing Utilization  = 0.000568343 %
  Routable Net Status*
  *Does not include unroutable nets such as driverless and loadless.
  Run report_route_status for detailed report.
  Number of Failed Nets               = 0
  Number of Unrouted Nets             = 0
  Number of Partially Routed Nets     = 0
  Number of Node Overlaps             = 0

Phase 7 Route finalize | Checksum: 1088b3c94

Time (s): cpu = 00:00:18 ; elapsed = 00:00:16 . Memory (MB): peak = 1079.520 ; gain = 131.926

Phase 8 Verifying routed nets

 Verification completed successfully
Phase 8 Verifying routed nets | Checksum: 1088b3c94

Time (s): cpu = 00:00:18 ; elapsed = 00:00:16 . Memory (MB): peak = 1080.148 ; gain = 132.555

Phase 9 Depositing Routes
Phase 9 Depositing Routes | Checksum: 1088b3c94

Time (s): cpu = 00:00:18 ; elapsed = 00:00:16 . Memory (MB): peak = 1080.148 ; gain = 132.555

Phase 10 Post Router Timing
INFO: [Route 35-57] Estimated Timing Summary | WNS=1000000015047466200000000000000000000000.000| TNS=0.000  | WHS=1000000015047466200000000000000000000000.000| THS=0.000  |

INFO: [Route 35-327] The final timing numbers are based on the router estimated timing analysis. For a complete and accurate timing signoff, please run report_timing_summary.
Phase 10 Post Router Timing | Checksum: 1088b3c94

Time (s): cpu = 00:00:18 ; elapsed = 00:00:16 . Memory (MB): peak = 1080.148 ; gain = 132.555
INFO: [Route 35-16] Router Completed Successfully

Time (s): cpu = 00:00:18 ; elapsed = 00:00:16 . Memory (MB): peak = 1080.148 ; gain = 132.555

Routing Is Done.
INFO: [Common 17-83] Releasing license: Implementation
58 Infos, 61 Warnings, 0 Critical Warnings and 0 Errors encountered.
route_design completed successfully
route_design: Time (s): cpu = 00:00:19 ; elapsed = 00:00:16 . Memory (MB): peak = 1080.148 ; gain = 132.555
Writing placer database...
Writing XDEF routing.
Writing XDEF routing logical nets.
Writing XDEF routing special nets.
Write XDEF Complete: Time (s): cpu = 00:00:00 ; elapsed = 00:00:00.029 . Memory (MB): peak = 1080.148 ; gain = 0.000
INFO: [DRC 23-27] Running DRC with 2 threads
INFO: [Coretcl 2-168] The results of DRC are in file C:/Users/lab/Documents/EmbeddedSystems/Wednesday/AidanThomasTinu/SoC/DES_SoC/Hardware/DemoSystem.runs/blk_mem_8Kword_impl_1/blk_mem_8Kword_drc_routed.rpt.
INFO: [Timing 38-91] UpdateTimingParams: Speed grade: -1, Delay Type: min_max.
INFO: [Timing 38-191] Multithreading enabled for timing update using a maximum of 2 CPUs
Running Vector-less Activity Propagation...

Finished Running Vector-less Activity Propagation
INFO: [Common 17-206] Exiting Vivado at Thu Mar 26 14:57:04 2026...
