A51 MACRO ASSEMBLER  ADJUSTABLE_FREQEUNCIES                                               02/04/2026 20:55:03 PAGE     1


MACRO ASSEMBLER A51 V8.02c
OBJECT MODULE PLACED IN .\Objects\adjustable_freqeuncies.obj
ASSEMBLER INVOKED BY: C:\Keil_v5\C51\BIN\A51.EXE Source\adjustable_freqeuncies SET(SMALL) DEBUG PRINT(.\Listings\adjusta
                      ble_freqeuncies.lst) OBJECT(.\Objects\adjustable_freqeuncies.obj) EP

LOC  OBJ            LINE     SOURCE

                       1     ; Demo Program - using timer interrupts.
                       2     ; Written for ADuC841 evaluation board, with UCD extras.
                       3     ; Generates a square wave on P3.6.
                       4     ; Brian Mulkeen, September 2016
                       5     
                       6     ; Include the ADuC841 SFR definitions
                       7     $nomod51 
                       8     ;$include (MOD841)
                +1     9     ;REV.  1.0   30 September 2003
                +1    10     ;ADuC841   Apps, Analog Devices Inc.
  0080          +1    11     P0       DATA  080H  ;PORT 0    
  0081          +1    12     SP       DATA  081H  ;STACK POINTER     
  0082          +1    13     DPL      DATA  082H  ;DATA POINTER - LOW BYTE
  0083          +1    14     DPH      DATA  083H  ;DATA POINTER - HIGH BYTE
  0084          +1    15     DPP      DATA  084H  ;DATA POINTER - PAGE BYTE
  0087          +1    16     PCON     DATA  087H  ;POWER CONTROL
  0088          +1    17     TCON     DATA  088H  ;TIMER CONTROL
  0089          +1    18     TMOD     DATA  089H  ;TIMER MODE
  008A          +1    19     TL0      DATA  08AH  ;TIMER 0 - LOW BYTE
  008B          +1    20     TL1      DATA  08BH  ;TIMER 1 - LOW BYTE
  008C          +1    21     TH0      DATA  08CH  ;TIMER 0 - HIGH BYTE
  008D          +1    22     TH1      DATA  08DH  ;TIMER 1 - HIGH BYTE
  0090          +1    23     P1       DATA  090H  ;PORT 1
  0091          +1    24     I2CADD1  DATA  091H  ;I2C ADDRESS REGISTER1
  0092          +1    25     I2CADD2  DATA  092H  ;I2C ADDRESS REGISTER2
  0093          +1    26     I2CADD3  DATA  093H  ;I2C ADDRESS REGISTER3
  0098          +1    27     SCON     DATA  098H  ;SERIAL PORT CONTROL
  0099          +1    28     SBUF     DATA  099H  ;SERIAL PORT BUFFER
  009A          +1    29     I2CDAT   DATA  09AH  ;I2C DATA REGISTER
  009B          +1    30     I2CADD   DATA  09BH  ;I2C ADDRESS REGISTER
  009E          +1    31     T3CON    DATA  09EH  ;TIMER 3 CONTROL
  009D          +1    32     T3FD     DATA  09DH  ;TIMER 3 FRACTIONAL DIVIDER
  00A0          +1    33     P2       DATA  0A0H  ;PORT 2
  00A1          +1    34     TIMECON  DATA  0A1H  ;TIC CONTROL
  00A2          +1    35     HTHSEC   DATA  0A2H  ;TIC - HTHSEC DATA
  00A3          +1    36     SEC      DATA  0A3H  ;TIC - SEC DATA
  00A4          +1    37     MIN      DATA  0A4H  ;TIC - MIN DATA
  00A5          +1    38     HOUR     DATA  0A5H  ;TIC - HOUR DATA
  00A6          +1    39     INTVAL   DATA  0A6H  ;TIC INTERVAL REGISTER
  00A7          +1    40     DPCON    DATA  0A7H  ;DUAL DATA POINTER CONTROL REGISTER
  00A8          +1    41     IE       DATA  0A8H  ;INTERRUPT ENABLE 1
  00A9          +1    42     IEIP2    DATA  0A9H  ;INTERRUPT ENABLE 2
  00AE          +1    43     PWMCON   DATA  0AEH  ;PWM CONTROL REGISTER
  00AF          +1    44     CFG841   DATA  0AFH  ;GENERAL FLASH/PWM CONTROL REGISTER
  00B0          +1    45     P3       DATA  0B0H  ;PORT 3
  00B1          +1    46     PWM0L    DATA  0B1H  ;PWM DATA REGISTER
  00B2          +1    47     PWM0H    DATA  0B2H  ;PWM DATA REGISTER
  00B3          +1    48     PWM1L    DATA  0B3H  ;PWM DATA REGISTER
  00B4          +1    49     PWM1H    DATA  0B4H  ;PWM DATA REGISTER
  00B7          +1    50     SPH      DATA  0B7H  ;EXTENDED STACK POINTER REGISTER
  00B8          +1    51     IP       DATA  0B8H  ;INTERRUPT PRIORITY
  00B9          +1    52     ECON     DATA  0B9H  ;FLASH EEPROM CONTROL
  00BC          +1    53     EDATA1   DATA  0BCH  ;FLASH EEPROM DATA1 
  00BD          +1    54     EDATA2   DATA  0BDH  ;FLASH EEPROM DATA2 
  00BE          +1    55     EDATA3   DATA  0BEH  ;FLASH EEPROM DATA3 
  00BF          +1    56     EDATA4   DATA  0BFH  ;FLASH EEPROM DATA4 
  00C0          +1    57     WDCON    DATA  0C0H  ;WATCHDOG TIMER CONTROL
A51 MACRO ASSEMBLER  ADJUSTABLE_FREQEUNCIES                                               02/04/2026 20:55:03 PAGE     2

  00C2          +1    58     CHIPID   DATA  0C2H  ;CHIPID REGISTER
  00C6          +1    59     EADRL    DATA  0C6H  ;FLASH EEPROM PAGE ADDRESS - LOW BYTE
  00C7          +1    60     EADRH    DATA  0C7H  ;FLASH EEPROM PAGE ADDRESS - LOW BYTE
  00C8          +1    61     T2CON    DATA  0C8H  ;TIMER 2 CONTROL
  00CA          +1    62     RCAP2L   DATA  0CAH  ;TIMER 2 CAPTURE REGISTER - LOW BYTE
  00CB          +1    63     RCAP2H   DATA  0CBH  ;TIMER 2 CAPTURE REGISTER - HIGH BYTE
  00CC          +1    64     TL2      DATA  0CCH  ;TIMER 2 - LOW BYTE
  00CD          +1    65     TH2      DATA  0CDH  ;TIMER 2 - HIGH BYTE
  00D0          +1    66     PSW      DATA  0D0H  ;PROGRAM STATUS WORD
  00D2          +1    67     DMAL     DATA  0D2H  ;DMA ADDRESS LOW BYTE
  00D3          +1    68     DMAH     DATA  0D3H  ;DMA ADDRESS HIGH BYTE
  00D4          +1    69     DMAP     DATA  0D4H  ;DMA ADDRESS PAGE BYTE
  00D7          +1    70     PLLCON   DATA  0D7H  ;PLL CONTROL
  00D8          +1    71     ADCCON2  DATA  0D8H  ;ADC CONTROL
  00D9          +1    72     ADCDATAL DATA  0D9H  ;ADC DATA LOW BYTE
  00DA          +1    73     ADCDATAH DATA  0DAH  ;ADC DATA HIGH BYTE
  00DF          +1    74     PSMCON   DATA  0DFH  ;POWER SUPPLY MONITOR
  00E0          +1    75     ACC      DATA  0E0H  ;ACCUMULATOR
  00E8          +1    76     DCON     DATA  0E8H  ;D1 AND D0 CONTROL
  00E8          +1    77     I2CCON   DATA  0E8H  ;I2C CONTROL
  00EF          +1    78     ADCCON1  DATA  0EFH  ;ADC CONTROL
  00F0          +1    79     B        DATA  0F0H  ;MULTIPLICATION REGISTER
  00F1          +1    80     ADCOFSL  DATA  0F1H  ;ADC OFFSET LOW BYTE
  00F2          +1    81     ADCOFSH  DATA  0F2H  ;ADC OFFSET HIGH BYTE
  00F3          +1    82     ADCGAINL DATA  0F3H  ;ADC GAIN LOW BYTE
  00F4          +1    83     ADCGAINH DATA  0F4H  ;ADC GAIN HIGH BYTE
  00F5          +1    84     ADCCON3  DATA  0F5H  ;ADC CONTROL
  00F7          +1    85     SPIDAT   DATA  0F7H  ;SPI DATA REGISTER
  00F8          +1    86     SPICON   DATA  0F8H  ;SPI CONTROL REGISTER
  00F9          +1    87     DAC0L    DATA  0F9H  ;DAC0 LOW BYTE
  00FA          +1    88     DAC0H    DATA  0FAH  ;DAC0 HIGH BYTE
  00FB          +1    89     DAC1L    DATA  0FBH  ;DAC1 LOW BYTE
  00FC          +1    90     DAC1H    DATA  0FCH  ;DAC1 HIGH BYTE
  00FD          +1    91     DACCON   DATA  0FDH  ;DAC CONTROL REGISTER
  0088          +1    92     IT0      BIT   088H  ;TCON.0 - EXT. INTERRUPT 0 TYPE
  0089          +1    93     IE0      BIT   089H  ;TCON.1 - EXT. INTERRUPT 0 EDGE FLAG
  008A          +1    94     IT1      BIT   08AH  ;TCON.2 - EXT. INTERRUPT 1 TYPE
  008B          +1    95     IE1      BIT   08BH  ;TCON.3 - EXT. INTERRUPT 1 EDGE FLAG
  008C          +1    96     TR0      BIT   08CH  ;TCON.4 - TIMER 0 ON/OFF CONTROL
  008D          +1    97     TF0      BIT   08DH  ;TCON.5 - TIMER 0 OVERFLOW FLAG
  008E          +1    98     TR1      BIT   08EH  ;TCON.6 - TIMER 1 ON/OFF CONTROL
  008F          +1    99     TF1      BIT   08FH  ;TCON.7 - TIMER 1 OVERFLOW FLAG
  0090          +1   100     T2       BIT   090H  ;P1.0 - TIMER 2 TRIGGER INPUT
  0091          +1   101     T2EX     BIT   091H  ;P1.1 - TIMER 2 COUNT INPUT
  0098          +1   102     RI       BIT   098H  ;SCON.0 - RECEIVE INTERRUPT FLAG
  0099          +1   103     TI       BIT   099H  ;SCON.1 - TRANSMIT INTERRUPT FLAG
  009A          +1   104     RB8      BIT   09AH  ;SCON.2 - RECEIVE BIT 8
  009B          +1   105     TB8      BIT   09BH  ;SCON.3 - TRANSMIT BIT 8
  009C          +1   106     REN      BIT   09CH  ;SCON.4 - RECEIVE ENABLE
  009D          +1   107     SM2      BIT   09DH  ;SCON.5 - SERIAL MODE CONTROL BIT 2
  009E          +1   108     SM1      BIT   09EH  ;SCON.6 - SERIAL MODE CONTROL BIT 1
  009F          +1   109     SM0      BIT   09FH  ;SCON.7 - SERIAL MODE CONTROL BIT 0
  00A8          +1   110     EX0      BIT   0A8H  ;IE.0 - EXTERNAL INTERRUPT 0 ENABLE
  00A9          +1   111     ET0      BIT   0A9H  ;IE.1 - TIMER 0 INTERRUPT ENABLE
  00AA          +1   112     EX1      BIT   0AAH  ;IE.2 - EXTERNAL INTERRUPT 1 ENABLE
  00AB          +1   113     ET1      BIT   0ABH  ;IE.3 - TIMER 1 INTERRUPT ENABLE
  00AC          +1   114     ES       BIT   0ACH  ;IE.4 - SERIAL PORT INTERRUPT ENABLE
  00AD          +1   115     ET2      BIT   0ADH  ;IE.5 - TIMER 2 INTERRUPT ENABLE
  00AE          +1   116     EADC     BIT   0AEH  ;IE.6 - ENABLE ADC INTURRUPT
  00AF          +1   117     EA       BIT   0AFH  ;IE.7 - GLOBAL INTERRUPT ENABLE
  00B0          +1   118     RXD      BIT   0B0H  ;P3.0 - SERIAL PORT RECEIVE INPUT
  00B1          +1   119     TXD      BIT   0B1H  ;P3.1 - SERIAL PORT TRANSMIT OUTPUT
  00B2          +1   120     INT0     BIT   0B2H  ;P3.2 - EXTERNAL INTERRUPT 0 INPUT
  00B3          +1   121     INT1     BIT   0B3H  ;P3.3 - EXTERNAL INTERRUPT 1 INPUT
  00B4          +1   122     T0       BIT   0B4H  ;P3.4 - TIMER 0 COUNT INPUT
  00B5          +1   123     T1       BIT   0B5H  ;P3.5 - TIMER 1 COUNT INPUT
A51 MACRO ASSEMBLER  ADJUSTABLE_FREQEUNCIES                                               02/04/2026 20:55:03 PAGE     3

  00B6          +1   124     WR       BIT   0B6H  ;P3.6 - WRITE CONTROL FOR EXT. MEMORY
  00B7          +1   125     RD       BIT   0B7H  ;P3.7 - READ CONTROL FOR EXT. MEMORY
  00B8          +1   126     PX0      BIT   0B8H  ;IP.0 - EXTERNAL INTERRUPT 0 PRIORITY
  00B9          +1   127     PT0      BIT   0B9H  ;IP.1 - TIMER 0 PRIORITY
  00BA          +1   128     PX1      BIT   0BAH  ;IP.2 - EXTERNAL INTERRUPT 1 PRIORITY
  00BB          +1   129     PT1      BIT   0BBH  ;IP.3 - TIMER 1 PRIORITY
  00BC          +1   130     PS       BIT   0BCH  ;IP.4 - SERIAL PORT PRIORITY
  00BD          +1   131     PT2      BIT   0BDH  ;IP.5 - TIMER 2 PRIORITY
  00BE          +1   132     PADC     BIT   0BEH  ;IP.6 - ADC PRIORITY
  00BF          +1   133     PSI      BIT   0BFH  ;IP.7 - SPI OR 2-WIRE SERIAL INTERFACE PRIORITY
  00C0          +1   134     WDWR     BIT   0C0H  ;WDCON.0 - WATCHDOG WRITE ENABLE
  00C1          +1   135     WDE      BIT   0C1H  ;WDCON.1 - WATCHDOG ENABLE
  00C2          +1   136     WDS      BIT   0C2H  ;WDCON.2 - WATCHDOG STATUS BIT
  00C3          +1   137     WDIR     BIT   0C3H  ;WDCON.3 - WATCHDOG INTERRUPT RESPONSE ENABLE BIT
  00C4          +1   138     PRE0     BIT   0C4H  ;WDCON.4 - WATCHDOG TIMEOUT SELECTION BIT0
  00C5          +1   139     PRE1     BIT   0C5H  ;WDCON.5 - WATCHDOG TIMEOUT SELECTION BIT1
  00C6          +1   140     PRE2     BIT   0C6H  ;WDCON.6 - WATCHDOG TIMEOUT SELECTION BIT2
  00C7          +1   141     PRE3     BIT   0C7H  ;WDCON.7 - WATCHDOG TIMEOUT SELECTION BIT3
  00C8          +1   142     CAP2     BIT   0C8H  ;T2CON.0 - CAPTURE OR RELOAD SELECT
  00C9          +1   143     CNT2     BIT   0C9H  ;T2CON.1 - TIMER OR COUNTER SELECT
  00CA          +1   144     TR2      BIT   0CAH  ;T2CON.2 - TIMER 2 ON/OFF CONTROL
  00CB          +1   145     EXEN2    BIT   0CBH  ;T2CON.3 - TIMER 2 EXTERNAL ENABLE FLAG
  00CC          +1   146     TCLK     BIT   0CCH  ;T2CON.4 - TRANSMIT CLOCK SELECT
  00CD          +1   147     RCLK     BIT   0CDH  ;T2CON.5 - RECEIVE CLOCK SELECTT
  00CE          +1   148     EXF2     BIT   0CEH  ;T2CON.6 - EXTERNAL TRANSITION FLAG
  00CF          +1   149     TF2      BIT   0CFH  ;T2CON.7 - TIMER 2 OVERFLOW FLAG
  00D0          +1   150     P        BIT   0D0H  ;PSW.0 - ACCUMULATOR PARITY FLAG
  00D1          +1   151     F1       BIT   0D1H  ;PSW.1 - FLAG 0
  00D2          +1   152     OV       BIT   0D2H  ;PSW.2 - OVERFLOW FLAG
  00D3          +1   153     RS0      BIT   0D3H  ;PSW.3 - REGISTER BANK SELECT 0
  00D4          +1   154     RS1      BIT   0D4H  ;PSW.4 - REGISTER BANK SELECT 1
  00D5          +1   155     F0       BIT   0D5H  ;PSW.5 - FLAG 0
  00D6          +1   156     AC       BIT   0D6H  ;PSW.6 - AUXILIARY CARRY FLAG
  00D7          +1   157     CY       BIT   0D7H  ;PSW.7 - CARRY FLAG
  00D8          +1   158     CS0      BIT   0D8H  ;ADCCON2.0 - ADC INPUT CHANNEL SELECT BIT0
  00D9          +1   159     CS1      BIT   0D9H  ;ADCCON2.1 - ADC INPUT CHANNEL SELECT BIT1
  00DA          +1   160     CS2      BIT   0DAH  ;ADCCON2.2 - ADC INPUT CHANNEL SELECT BIT2
  00DB          +1   161     CS3      BIT   0DBH  ;ADCCON2.3 - ADC INPUT CHANNEL SELECT BIT3
  00DC          +1   162     SCONV    BIT   0DCH  ;ADCCON2.4 - SINGLE CONVERSION ENABLE
  00DD          +1   163     CCONV    BIT   0DDH  ;ADCCON2.5 - CONTINUOUS CONVERSION ENABLE
  00DE          +1   164     DMA      BIT   0DEH  ;ADCCON2.6 - DMA MODE ENABLE
  00DF          +1   165     ADCI     BIT   0DFH  ;ADCCON2.7 - ADC INTURRUPT FLAG
  00E8          +1   166     I2CI     BIT   0E8H  ;I2CCON.0 - I2C INTURRUPT FLAG
  00E9          +1   167     I2CTX    BIT   0E9H  ;I2CCON.1 - I2C TRANSMIT SELECT
  00EA          +1   168     I2CRS    BIT   0EAH  ;I2CCON.2 - I2C RESET
  00EB          +1   169     I2CM     BIT   0EBH  ;I2CCON.3 - I2C MASTER MODE SELECT
  00EC          +1   170     MDI      BIT   0ECH  ;I2CCON.4 - I2C MASTER MODE SDATA INPUT
  00EC          +1   171     I2CID0   BIT   0ECH  ;I2CCON.4 - I2C SLAVE MODE INTERRUPT DECODE
  00ED          +1   172     MCO      BIT   0EDH  ;I2CCON.5 - I2C MASTER MODE SCLOCK OUTPUT
  00ED          +1   173     I2CID1   BIT   0EDH  ;I2CCON.5 - I2C SLAVE MODE INTERRUPT DECODE
  00EE          +1   174     MDE      BIT   0EEH  ;I2CCON.6 - I2C MASTER MODE SDATA ENABLE
  00EE          +1   175     I2CGC    BIT   0EEH  ;I2CCON.6 - I2C SLAVE MODE GENERAL CALL STATUS BIT
  00EF          +1   176     MDO      BIT   0EFH  ;I2CCON.7 - I2C MASTER MODE SDATA OUTPUT
  00EF          +1   177     I2CSI    BIT   0EFH  ;I2CCON.7 - I2C SLAVE  MODE STOP INTERRUPT ENABLE 
  00F8          +1   178     SPR0     BIT   0F8H  ;SPICON.0 - SPI BITRATE SELECT BIT0
  00F9          +1   179     SPR1     BIT   0F9H  ;SPICON.1 - SPI BITRATE SELECT BIT1
  00FA          +1   180     CPHA     BIT   0FAH  ;SPICON.2 - SPI CLOCK PHASE SELECT
  00FB          +1   181     CPOL     BIT   0FBH  ;SPICON.3 - SPI CLOCK POLARITY SELECT
  00FC          +1   182     SPIM     BIT   0FCH  ;SPICON.4 - SPI MASTER/SLAVE MODE SELECT
  00FD          +1   183     SPE      BIT   0FDH  ;SPICON.5 - SPI INTERFACE ENABLE
  00FE          +1   184     WCOL     BIT   0FEH  ;SPICON.6 - SPI WRITE COLLISION ERROR FLAG
  00FF          +1   185     ISPI     BIT   0FFH  ;SPICON.7 - SPI END OF TRANSFER FLAG
                     186     
                     187             
  00B6               188     SOUND           EQU     P3.6    ; P3.6 will drive a transducer
  00A0               189     SWITCHES        EQU P2                  ;Switches
A51 MACRO ASSEMBLER  ADJUSTABLE_FREQEUNCIES                                               02/04/2026 20:55:03 PAGE     4

  0080               190     LEDS            EQU P0                  ;
                     191     
----                 192     CSEG
0000                 193                     ORG             0000h           ; set origin at start of code segment
0000 805E            194                     JMP             MAIN            ; jump to start of main program
                     195                     
000B                 196                     ORG             000Bh           ; Timer 0 overflow interrupt address
000B 8065            197                     JMP             TF0ISR          ; jump to interrupt service routine
                     198     
0060                 199                     ORG             0060h           ; set origin above interrupt addresses  
0060                 200     MAIN:   
                     201     ; ------ Setup part - happens once only ----------------------------
0060 758901          202                     MOV             TMOD, #01h      ; Timer 0 as a timer, mode 0, not gated
0063 75A882          203                     MOV             IE, #82h        ; enable Timer 0 overflow interrupt
0066 D28C            204                     SETB    TR0                     ; start Timer 0
                     205     
                     206                     
                     207                     
                     208     
                     209     ; ------ Loop forever (in this example, doing nothing) -------------
0068                 210     LOOP:   
0068 A9A0            211                     MOV     R1, SWITCHES; Read the status of the switches in register
                     212                     
006A 7401            213                     MOV A, #1h
                     214                     ; Call delay maybe?
006C 1181            215                     CALL SET_INCREMENT      ; Set increment amount based on R1
006E 11CD            216                     CALL DISPLAY_ONEHOT ; 
0070 80F6            217                     JMP             LOOP            ; repeat - waiting for interrupt
                     218     
                     219                     
                     220     ; ------ Interrupt service routine ---------------------------------    
0072                 221     TF0ISR:         ; Timer 0 overflow interrupt service routine
0072 11C2            222                     CALL INCREMENT16; Add the value from R2 to the count
                     223     
0074 32              224                     RETI                            ; return from interrupt
                     225     ;____________________________________________________________________
                     226                     ; SUBROUTINES
0075                 227     DELAY:  ; delay for time A x 10 ms.  A is not changed. 
0075 FD              228                     MOV     R5, A           ; set number of repetitions for outer loop
0076 7E90            229     DLY2:   MOV     R6, #144                ; middle loop repeats 144 times         
0078 7FFF            230     DLY1:   MOV     R7, #255                ; inner loop repeats 255 times      
007A DFFE            231                     DJNZ    R7, $           ; inner loop 255 x 3 cycles = 765 cycles           
                              
007C DEFA            232                     DJNZ    R6, DLY1                ; + 5 to reload, x 144 = 110880 cycles
007E DDF6            233                     DJNZ    R5, DLY2                ; + 5 to reload = 110885 cycles = 10.0264 m
                             s
0080 22              234                     RET                             ; return from subroutine
                     235                     
                     236                     
                     237                     
0081                 238     SET_INCREMENT:          ; reads SWITCHES, loads 16-bit increment into R3:R2 (hi:lo)
0081 E5A0            239             MOV     A, SWITCHES
0083 5407            240                     ANL     A, #00000111b;
0085 B40005          241             CJNE    A, #00h, CASE_01
0088 7A7E            242             MOV     R2, #07Eh       ; 18830 = 0x498E  -> lo=8Eh hi=49h (example below corrected
                             )
008A 7B49            243             MOV     R3, #049h
008C 22              244             RET
                     245     
008D                 246     CASE_01:
008D B40105          247             CJNE    A, #01h, CASE_02
0090 7A17            248             MOV     R2, #017h       ; 12567 = 0x3117 -> lo=17h hi=31h
0092 7B31            249             MOV     R3, #031h
0094 22              250             RET
                     251     
0095                 252     CASE_02:
A51 MACRO ASSEMBLER  ADJUSTABLE_FREQEUNCIES                                               02/04/2026 20:55:03 PAGE     5

0095 B40205          253             CJNE    A, #02h, CASE_03
0098 7AF7            254             MOV     R2, #0F7h       ; 9975  = 0x26F7 -> lo=F7h hi=26h
009A 7B26            255             MOV     R3, #026h
009C 22              256             RET
                     257     
009D                 258     CASE_03:
009D B40305          259             CJNE    A, #03h, CASE_04
00A0 7A35            260             MOV     R2, #035h       ; 7477  = 0x1D35 -> lo=35h hi=1Dh
00A2 7B1D            261             MOV     R3, #01Dh
00A4 22              262             RET
                     263     
00A5                 264     CASE_04:
00A5 B40405          265             CJNE    A, #04h, CASE_05
00A8 7A8C            266             MOV     R2, #08Ch       ; 6284  = 0x188C -> lo=8Ch hi=18h
00AA 7B18            267             MOV     R3, #018h
00AC 22              268             RET
                     269     
00AD                 270     CASE_05:
00AD B40505          271             CJNE    A, #05h, CASE_06
00B0 7A64            272             MOV     R2, #064h       ; 4708  = 0x1264 -> lo=64h hi=12h
00B2 7B12            273             MOV     R3, #012h
00B4 22              274             RET
                     275     
00B5                 276     CASE_06:
00B5 B40605          277             CJNE    A, #06h, CASE_07
00B8 7A46            278             MOV     R2, #046h       ; 3142  = 0x0C46 -> lo=46h hi=0Ch
00BA 7B0C            279             MOV     R3, #00Ch
00BC 22              280             RET
                     281     
00BD                 282     CASE_07:
                     283             ; default / #07h
00BD 7A32            284             MOV     R2, #032h       ; 2354  = 0x0932 -> lo=32h hi=09h
00BF 7B09            285             MOV     R3, #009h
00C1 22              286             RET
                     287     
                     288             
00C2                 289     INCREMENT16:
00C2 EC              290             MOV     A, R4          ; A = counter low
00C3 2A              291             ADD     A, R2          ; + inc low
00C4 FC              292             MOV     R4, A          ; store low result
                     293     
00C5 ED              294             MOV     A, R5          ; A = counter high
00C6 3B              295             ADDC    A, R3          ; + inc high + carry from low add
00C7 FD              296             MOV     R5, A          ; store high result
                     297     
00C8 5002            298             JNC     NO_OVF         ; if no carry after high byte, no 16-bit overflow
00CA B2B6            299             CPL     SOUND          ; overflow happened -> flip output
                     300     
00CC                 301     NO_OVF:
00CC 22              302             RET
                     303                     
00CD                 304     DISPLAY_ONEHOT:
00CD E5A0            305             MOV     A, SWITCHES
00CF 5407            306             ANL     A, #07h        ; keep 0..7
                     307     
00D1 B40004          308             CJNE    A, #00h, OH_1
00D4 758001          309             MOV     LEDS, #01h
00D7 22              310             RET
                     311     
00D8                 312     OH_1:
00D8 B40104          313             CJNE    A, #01h, OH_2
00DB 758002          314             MOV     LEDS, #02h
00DE 22              315             RET
                     316     
00DF                 317     OH_2:
00DF B40204          318             CJNE    A, #02h, OH_3
A51 MACRO ASSEMBLER  ADJUSTABLE_FREQEUNCIES                                               02/04/2026 20:55:03 PAGE     6

00E2 758004          319             MOV     LEDS, #04h
00E5 22              320             RET
                     321     
00E6                 322     OH_3:
00E6 B40304          323             CJNE    A, #03h, OH_4
00E9 758008          324             MOV     LEDS, #08h
00EC 22              325             RET
                     326     
00ED                 327     OH_4:
00ED B40404          328             CJNE    A, #04h, OH_5
00F0 758010          329             MOV     LEDS, #10h
00F3 22              330             RET
                     331     
00F4                 332     OH_5:
00F4 B40504          333             CJNE    A, #05h, OH_6
00F7 758020          334             MOV     LEDS, #20h
00FA 22              335             RET
                     336     
00FB                 337     OH_6:
00FB B40604          338             CJNE    A, #06h, OH_7
00FE 758040          339             MOV     LEDS, #40h
0101 22              340             RET
                     341     
0102                 342     OH_7:
0102 758000          343             MOV     LEDS, #00h     ; switch = 7 ? all LEDs off
0105 22              344             RET
                     345                     
                     346     END
A51 MACRO ASSEMBLER  ADJUSTABLE_FREQEUNCIES                                               02/04/2026 20:55:03 PAGE     7

SYMBOL TABLE LISTING
------ ----- -------


N A M E             T Y P E  V A L U E   ATTRIBUTES

AC . . . . . . . .  B ADDR   00D0H.6 A   
ACC. . . . . . . .  D ADDR   00E0H   A   
ADCCON1. . . . . .  D ADDR   00EFH   A   
ADCCON2. . . . . .  D ADDR   00D8H   A   
ADCCON3. . . . . .  D ADDR   00F5H   A   
ADCDATAH . . . . .  D ADDR   00DAH   A   
ADCDATAL . . . . .  D ADDR   00D9H   A   
ADCGAINH . . . . .  D ADDR   00F4H   A   
ADCGAINL . . . . .  D ADDR   00F3H   A   
ADCI . . . . . . .  B ADDR   00D8H.7 A   
ADCOFSH. . . . . .  D ADDR   00F2H   A   
ADCOFSL. . . . . .  D ADDR   00F1H   A   
B. . . . . . . . .  D ADDR   00F0H   A   
CAP2 . . . . . . .  B ADDR   00C8H.0 A   
CASE_01. . . . . .  C ADDR   008DH   A   
CASE_02. . . . . .  C ADDR   0095H   A   
CASE_03. . . . . .  C ADDR   009DH   A   
CASE_04. . . . . .  C ADDR   00A5H   A   
CASE_05. . . . . .  C ADDR   00ADH   A   
CASE_06. . . . . .  C ADDR   00B5H   A   
CASE_07. . . . . .  C ADDR   00BDH   A   
CCONV. . . . . . .  B ADDR   00D8H.5 A   
CFG841 . . . . . .  D ADDR   00AFH   A   
CHIPID . . . . . .  D ADDR   00C2H   A   
CNT2 . . . . . . .  B ADDR   00C8H.1 A   
CPHA . . . . . . .  B ADDR   00F8H.2 A   
CPOL . . . . . . .  B ADDR   00F8H.3 A   
CS0. . . . . . . .  B ADDR   00D8H.0 A   
CS1. . . . . . . .  B ADDR   00D8H.1 A   
CS2. . . . . . . .  B ADDR   00D8H.2 A   
CS3. . . . . . . .  B ADDR   00D8H.3 A   
CY . . . . . . . .  B ADDR   00D0H.7 A   
DAC0H. . . . . . .  D ADDR   00FAH   A   
DAC0L. . . . . . .  D ADDR   00F9H   A   
DAC1H. . . . . . .  D ADDR   00FCH   A   
DAC1L. . . . . . .  D ADDR   00FBH   A   
DACCON . . . . . .  D ADDR   00FDH   A   
DCON . . . . . . .  D ADDR   00E8H   A   
DELAY. . . . . . .  C ADDR   0075H   A   
DISPLAY_ONEHOT . .  C ADDR   00CDH   A   
DLY1 . . . . . . .  C ADDR   0078H   A   
DLY2 . . . . . . .  C ADDR   0076H   A   
DMA. . . . . . . .  B ADDR   00D8H.6 A   
DMAH . . . . . . .  D ADDR   00D3H   A   
DMAL . . . . . . .  D ADDR   00D2H   A   
DMAP . . . . . . .  D ADDR   00D4H   A   
DPCON. . . . . . .  D ADDR   00A7H   A   
DPH. . . . . . . .  D ADDR   0083H   A   
DPL. . . . . . . .  D ADDR   0082H   A   
DPP. . . . . . . .  D ADDR   0084H   A   
EA . . . . . . . .  B ADDR   00A8H.7 A   
EADC . . . . . . .  B ADDR   00A8H.6 A   
EADRH. . . . . . .  D ADDR   00C7H   A   
EADRL. . . . . . .  D ADDR   00C6H   A   
ECON . . . . . . .  D ADDR   00B9H   A   
EDATA1 . . . . . .  D ADDR   00BCH   A   
EDATA2 . . . . . .  D ADDR   00BDH   A   
EDATA3 . . . . . .  D ADDR   00BEH   A   
EDATA4 . . . . . .  D ADDR   00BFH   A   
ES . . . . . . . .  B ADDR   00A8H.4 A   
A51 MACRO ASSEMBLER  ADJUSTABLE_FREQEUNCIES                                               02/04/2026 20:55:03 PAGE     8

ET0. . . . . . . .  B ADDR   00A8H.1 A   
ET1. . . . . . . .  B ADDR   00A8H.3 A   
ET2. . . . . . . .  B ADDR   00A8H.5 A   
EX0. . . . . . . .  B ADDR   00A8H.0 A   
EX1. . . . . . . .  B ADDR   00A8H.2 A   
EXEN2. . . . . . .  B ADDR   00C8H.3 A   
EXF2 . . . . . . .  B ADDR   00C8H.6 A   
F0 . . . . . . . .  B ADDR   00D0H.5 A   
F1 . . . . . . . .  B ADDR   00D0H.1 A   
HOUR . . . . . . .  D ADDR   00A5H   A   
HTHSEC . . . . . .  D ADDR   00A2H   A   
I2CADD . . . . . .  D ADDR   009BH   A   
I2CADD1. . . . . .  D ADDR   0091H   A   
I2CADD2. . . . . .  D ADDR   0092H   A   
I2CADD3. . . . . .  D ADDR   0093H   A   
I2CCON . . . . . .  D ADDR   00E8H   A   
I2CDAT . . . . . .  D ADDR   009AH   A   
I2CGC. . . . . . .  B ADDR   00E8H.6 A   
I2CI . . . . . . .  B ADDR   00E8H.0 A   
I2CID0 . . . . . .  B ADDR   00E8H.4 A   
I2CID1 . . . . . .  B ADDR   00E8H.5 A   
I2CM . . . . . . .  B ADDR   00E8H.3 A   
I2CRS. . . . . . .  B ADDR   00E8H.2 A   
I2CSI. . . . . . .  B ADDR   00E8H.7 A   
I2CTX. . . . . . .  B ADDR   00E8H.1 A   
IE . . . . . . . .  D ADDR   00A8H   A   
IE0. . . . . . . .  B ADDR   0088H.1 A   
IE1. . . . . . . .  B ADDR   0088H.3 A   
IEIP2. . . . . . .  D ADDR   00A9H   A   
INCREMENT16. . . .  C ADDR   00C2H   A   
INT0 . . . . . . .  B ADDR   00B0H.2 A   
INT1 . . . . . . .  B ADDR   00B0H.3 A   
INTVAL . . . . . .  D ADDR   00A6H   A   
IP . . . . . . . .  D ADDR   00B8H   A   
ISPI . . . . . . .  B ADDR   00F8H.7 A   
IT0. . . . . . . .  B ADDR   0088H.0 A   
IT1. . . . . . . .  B ADDR   0088H.2 A   
LEDS . . . . . . .  D ADDR   0080H   A   
LOOP . . . . . . .  C ADDR   0068H   A   
MAIN . . . . . . .  C ADDR   0060H   A   
MCO. . . . . . . .  B ADDR   00E8H.5 A   
MDE. . . . . . . .  B ADDR   00E8H.6 A   
MDI. . . . . . . .  B ADDR   00E8H.4 A   
MDO. . . . . . . .  B ADDR   00E8H.7 A   
MIN. . . . . . . .  D ADDR   00A4H   A   
NO_OVF . . . . . .  C ADDR   00CCH   A   
OH_1 . . . . . . .  C ADDR   00D8H   A   
OH_2 . . . . . . .  C ADDR   00DFH   A   
OH_3 . . . . . . .  C ADDR   00E6H   A   
OH_4 . . . . . . .  C ADDR   00EDH   A   
OH_5 . . . . . . .  C ADDR   00F4H   A   
OH_6 . . . . . . .  C ADDR   00FBH   A   
OH_7 . . . . . . .  C ADDR   0102H   A   
OV . . . . . . . .  B ADDR   00D0H.2 A   
P. . . . . . . . .  B ADDR   00D0H.0 A   
P0 . . . . . . . .  D ADDR   0080H   A   
P1 . . . . . . . .  D ADDR   0090H   A   
P2 . . . . . . . .  D ADDR   00A0H   A   
P3 . . . . . . . .  D ADDR   00B0H   A   
PADC . . . . . . .  B ADDR   00B8H.6 A   
PCON . . . . . . .  D ADDR   0087H   A   
PLLCON . . . . . .  D ADDR   00D7H   A   
PRE0 . . . . . . .  B ADDR   00C0H.4 A   
PRE1 . . . . . . .  B ADDR   00C0H.5 A   
PRE2 . . . . . . .  B ADDR   00C0H.6 A   
PRE3 . . . . . . .  B ADDR   00C0H.7 A   
A51 MACRO ASSEMBLER  ADJUSTABLE_FREQEUNCIES                                               02/04/2026 20:55:03 PAGE     9

PS . . . . . . . .  B ADDR   00B8H.4 A   
PSI. . . . . . . .  B ADDR   00B8H.7 A   
PSMCON . . . . . .  D ADDR   00DFH   A   
PSW. . . . . . . .  D ADDR   00D0H   A   
PT0. . . . . . . .  B ADDR   00B8H.1 A   
PT1. . . . . . . .  B ADDR   00B8H.3 A   
PT2. . . . . . . .  B ADDR   00B8H.5 A   
PWM0H. . . . . . .  D ADDR   00B2H   A   
PWM0L. . . . . . .  D ADDR   00B1H   A   
PWM1H. . . . . . .  D ADDR   00B4H   A   
PWM1L. . . . . . .  D ADDR   00B3H   A   
PWMCON . . . . . .  D ADDR   00AEH   A   
PX0. . . . . . . .  B ADDR   00B8H.0 A   
PX1. . . . . . . .  B ADDR   00B8H.2 A   
RB8. . . . . . . .  B ADDR   0098H.2 A   
RCAP2H . . . . . .  D ADDR   00CBH   A   
RCAP2L . . . . . .  D ADDR   00CAH   A   
RCLK . . . . . . .  B ADDR   00C8H.5 A   
RD . . . . . . . .  B ADDR   00B0H.7 A   
REN. . . . . . . .  B ADDR   0098H.4 A   
RI . . . . . . . .  B ADDR   0098H.0 A   
RS0. . . . . . . .  B ADDR   00D0H.3 A   
RS1. . . . . . . .  B ADDR   00D0H.4 A   
RXD. . . . . . . .  B ADDR   00B0H.0 A   
SBUF . . . . . . .  D ADDR   0099H   A   
SCON . . . . . . .  D ADDR   0098H   A   
SCONV. . . . . . .  B ADDR   00D8H.4 A   
SEC. . . . . . . .  D ADDR   00A3H   A   
SET_INCREMENT. . .  C ADDR   0081H   A   
SM0. . . . . . . .  B ADDR   0098H.7 A   
SM1. . . . . . . .  B ADDR   0098H.6 A   
SM2. . . . . . . .  B ADDR   0098H.5 A   
SOUND. . . . . . .  B ADDR   00B0H.6 A   
SP . . . . . . . .  D ADDR   0081H   A   
SPE. . . . . . . .  B ADDR   00F8H.5 A   
SPH. . . . . . . .  D ADDR   00B7H   A   
SPICON . . . . . .  D ADDR   00F8H   A   
SPIDAT . . . . . .  D ADDR   00F7H   A   
SPIM . . . . . . .  B ADDR   00F8H.4 A   
SPR0 . . . . . . .  B ADDR   00F8H.0 A   
SPR1 . . . . . . .  B ADDR   00F8H.1 A   
SWITCHES . . . . .  D ADDR   00A0H   A   
T0 . . . . . . . .  B ADDR   00B0H.4 A   
T1 . . . . . . . .  B ADDR   00B0H.5 A   
T2 . . . . . . . .  B ADDR   0090H.0 A   
T2CON. . . . . . .  D ADDR   00C8H   A   
T2EX . . . . . . .  B ADDR   0090H.1 A   
T3CON. . . . . . .  D ADDR   009EH   A   
T3FD . . . . . . .  D ADDR   009DH   A   
TB8. . . . . . . .  B ADDR   0098H.3 A   
TCLK . . . . . . .  B ADDR   00C8H.4 A   
TCON . . . . . . .  D ADDR   0088H   A   
TF0. . . . . . . .  B ADDR   0088H.5 A   
TF0ISR . . . . . .  C ADDR   0072H   A   
TF1. . . . . . . .  B ADDR   0088H.7 A   
TF2. . . . . . . .  B ADDR   00C8H.7 A   
TH0. . . . . . . .  D ADDR   008CH   A   
TH1. . . . . . . .  D ADDR   008DH   A   
TH2. . . . . . . .  D ADDR   00CDH   A   
TI . . . . . . . .  B ADDR   0098H.1 A   
TIMECON. . . . . .  D ADDR   00A1H   A   
TL0. . . . . . . .  D ADDR   008AH   A   
TL1. . . . . . . .  D ADDR   008BH   A   
TL2. . . . . . . .  D ADDR   00CCH   A   
TMOD . . . . . . .  D ADDR   0089H   A   
TR0. . . . . . . .  B ADDR   0088H.4 A   
A51 MACRO ASSEMBLER  ADJUSTABLE_FREQEUNCIES                                               02/04/2026 20:55:03 PAGE    10

TR1. . . . . . . .  B ADDR   0088H.6 A   
TR2. . . . . . . .  B ADDR   00C8H.2 A   
TXD. . . . . . . .  B ADDR   00B0H.1 A   
WCOL . . . . . . .  B ADDR   00F8H.6 A   
WDCON. . . . . . .  D ADDR   00C0H   A   
WDE. . . . . . . .  B ADDR   00C0H.1 A   
WDIR . . . . . . .  B ADDR   00C0H.3 A   
WDS. . . . . . . .  B ADDR   00C0H.2 A   
WDWR . . . . . . .  B ADDR   00C0H.0 A   
WR . . . . . . . .  B ADDR   00B0H.6 A   


REGISTER BANK(S) USED: 0 


ASSEMBLY COMPLETE.  0 WARNING(S), 0 ERROR(S)
