INFO: [VRFC 10-2263] Analyzing Verilog file "C:/Users/lab/Documents/EmbeddedSystems/Wednesday/AidanThomasTinu/SoC/DES_SoC/Hardware/DemoSystem.srcs/CORTEXM0DS/imports/Source/cortexm0ds_logic.v" into library xil_defaultlib
INFO: [VRFC 10-311] analyzing module cortexm0ds_logic
INFO: [VRFC 10-2263] Analyzing Verilog file "C:/Users/lab/Documents/EmbeddedSystems/Wednesday/AidanThomasTinu/SoC/DES_SoC/Hardware/DemoSystem.srcs/CORTEXM0DS/imports/Source/CORTEXM0DS.v" into library xil_defaultlib
INFO: [VRFC 10-311] analyzing module CORTEXM0DS
INFO: [VRFC 10-2263] Analyzing Verilog file "C:/Users/lab/Documents/EmbeddedSystems/Wednesday/AidanThomasTinu/SoC/DES_SoC/Hardware/DemoSystem.srcs/sources_1/ip/blk_mem_4Kword/blk_mem_gen_v8_2/simulation/blk_mem_gen_v8_2.v" into library blk_mem_gen_v8_2
INFO: [VRFC 10-311] analyzing module STATE_LOGIC_v8_2
INFO: [VRFC 10-311] analyzing module beh_vlog_muxf7_v8_2
INFO: [VRFC 10-311] analyzing module beh_vlog_ff_clr_v8_2
INFO: [VRFC 10-311] analyzing module beh_vlog_ff_pre_v8_2
INFO: [VRFC 10-311] analyzing module beh_vlog_ff_ce_clr_v8_2
INFO: [VRFC 10-311] analyzing module write_netlist_v8_2
INFO: [VRFC 10-311] analyzing module read_netlist_v8_2
INFO: [VRFC 10-311] analyzing module blk_mem_axi_write_wrapper_beh_v8_2
INFO: [VRFC 10-311] analyzing module blk_mem_axi_read_wrapper_beh_v8_2
INFO: [VRFC 10-311] analyzing module blk_mem_axi_regs_fwd_v8_2
INFO: [VRFC 10-311] analyzing module BLK_MEM_GEN_v8_2_output_stage
INFO: [VRFC 10-311] analyzing module BLK_MEM_GEN_v8_2_softecc_output_reg_stage
INFO: [VRFC 10-311] analyzing module BLK_MEM_GEN_v8_2_mem_module
INFO: [VRFC 10-311] analyzing module blk_mem_gen_v8_2
INFO: [VRFC 10-2263] Analyzing Verilog file "C:/Users/lab/Documents/EmbeddedSystems/Wednesday/AidanThomasTinu/SoC/DES_SoC/Hardware/DemoSystem.srcs/sources_1/ip/blk_mem_4Kword/sim/blk_mem_4Kword.v" into library xil_defaultlib
INFO: [VRFC 10-311] analyzing module blk_mem_4Kword
INFO: [VRFC 10-2263] Analyzing Verilog file "C:/Users/lab/Documents/EmbeddedSystems/Wednesday/AidanThomasTinu/SoC/DES_SoC/Hardware/Design/uart_RXonly.v" into library xil_defaultlib
INFO: [VRFC 10-311] analyzing module uart_RXonly
INFO: [VRFC 10-2263] Analyzing SystemVerilog file "C:/Users/lab/Documents/EmbeddedSystems/Wednesday/AidanThomasTinu/SoC/DES_SoC/Hardware/Design/spi/spi_pkg.sv" into library xil_defaultlib
INFO: [VRFC 10-2263] Analyzing Verilog file "C:/Users/lab/Documents/EmbeddedSystems/Wednesday/AidanThomasTinu/SoC/DES_SoC/Hardware/Design/ram_loader.v" into library xil_defaultlib
INFO: [VRFC 10-311] analyzing module ram_loader
INFO: [VRFC 10-2263] Analyzing Verilog file "C:/Users/lab/Documents/EmbeddedSystems/Wednesday/AidanThomasTinu/SoC/DES_SoC/Hardware/Design/AHBrom.v" into library xil_defaultlib
INFO: [VRFC 10-311] analyzing module AHBrom
INFO: [VRFC 10-2263] Analyzing Verilog file "C:/Users/lab/Documents/EmbeddedSystems/Wednesday/AidanThomasTinu/SoC/DES_SoC/Hardware/Design/AHBram.v" into library xil_defaultlib
INFO: [VRFC 10-311] analyzing module AHBram
INFO: [VRFC 10-2263] Analyzing Verilog file "C:/Users/lab/Documents/EmbeddedSystems/Wednesday/AidanThomasTinu/SoC/DES_SoC/Hardware/Design/status_ind.v" into library xil_defaultlib
INFO: [VRFC 10-311] analyzing module status_ind
INFO: [VRFC 10-2263] Analyzing Verilog file "C:/Users/lab/Documents/EmbeddedSystems/Wednesday/AidanThomasTinu/SoC/DES_SoC/Hardware/Design/reset_gen.v" into library xil_defaultlib
INFO: [VRFC 10-311] analyzing module reset_gen
INFO: [VRFC 10-2263] Analyzing Verilog file "C:/Users/lab/Documents/EmbeddedSystems/Wednesday/AidanThomasTinu/SoC/DES_SoC/Hardware/Design/clock_gen.v" into library xil_defaultlib
INFO: [VRFC 10-311] analyzing module clock_gen
INFO: [VRFC 10-2263] Analyzing Verilog file "C:/Users/lab/Documents/EmbeddedSystems/Wednesday/AidanThomasTinu/SoC/DES_SoC/Hardware/Design/AHBMUX.v" into library xil_defaultlib
INFO: [VRFC 10-311] analyzing module AHBMUX
INFO: [VRFC 10-2263] Analyzing Verilog file "C:/Users/lab/Documents/EmbeddedSystems/Wednesday/AidanThomasTinu/SoC/DES_SoC/Hardware/Design/AHBDCD.v" into library xil_defaultlib
INFO: [VRFC 10-311] analyzing module AHBDCD
INFO: [VRFC 10-2263] Analyzing Verilog file "C:/Users/lab/Documents/EmbeddedSystems/Wednesday/AidanThomasTinu/SoC/DES_SoC/Hardware/Design/AHBliteTop.v" into library xil_defaultlib
INFO: [VRFC 10-311] analyzing module AHBliteTop
INFO: [VRFC 10-2263] Analyzing Verilog file "C:/Users/lab/Documents/EmbeddedSystems/Wednesday/AidanThomasTinu/SoC/DES_SoC/Hardware/Design/AHBuart.v" into library xil_defaultlib
INFO: [VRFC 10-311] analyzing module AHBuart
INFO: [VRFC 10-2263] Analyzing Verilog file "C:/Users/lab/Documents/EmbeddedSystems/Wednesday/AidanThomasTinu/SoC/DES_SoC/Hardware/Design/fifo.v" into library xil_defaultlib
INFO: [VRFC 10-311] analyzing module FIFO
INFO: [VRFC 10-2263] Analyzing Verilog file "C:/Users/lab/Documents/EmbeddedSystems/Wednesday/AidanThomasTinu/SoC/DES_SoC/Hardware/Design/uart.v" into library xil_defaultlib
INFO: [VRFC 10-311] analyzing module uart
INFO: [VRFC 10-2263] Analyzing Verilog file "C:/Users/lab/Documents/EmbeddedSystems/Wednesday/AidanThomasTinu/SoC/DES_SoC/Hardware/Design/AHBgpio.v" into library xil_defaultlib
INFO: [VRFC 10-311] analyzing module AHBgpio
INFO: [VRFC 10-2263] Analyzing Verilog file "C:/Users/lab/Documents/EmbeddedSystems/Wednesday/AidanThomasTinu/SoC/DES_SoC/Hardware/Design/AHBdisp.v" into library xil_defaultlib
INFO: [VRFC 10-311] analyzing module AHBdisp
INFO: [VRFC 10-2263] Analyzing Verilog file "C:/Users/lab/Documents/EmbeddedSystems/Wednesday/AidanThomasTinu/SoC/DES_SoC/Hardware/Design/AHBdummy.v" into library xil_defaultlib
INFO: [VRFC 10-311] analyzing module AHBdummy
INFO: [VRFC 10-2263] Analyzing SystemVerilog file "C:/Users/lab/Documents/EmbeddedSystems/Wednesday/AidanThomasTinu/SoC/DES_SoC/Hardware/Design/spi/spi_tb.sv" into library xil_defaultlib
INFO: [VRFC 10-311] analyzing module spi_core_TB
INFO: [VRFC 10-443] port direction not specified for function/task, assuming input [C:/Users/lab/Documents/EmbeddedSystems/Wednesday/AidanThomasTinu/SoC/DES_SoC/Hardware/Design/spi/spi_tb.sv:86]
INFO: [VRFC 10-443] port direction not specified for function/task, assuming input [C:/Users/lab/Documents/EmbeddedSystems/Wednesday/AidanThomasTinu/SoC/DES_SoC/Hardware/Design/spi/spi_tb.sv:86]
INFO: [VRFC 10-311] analyzing module AHBspi_TB
INFO: [VRFC 10-443] port direction not specified for function/task, assuming input [C:/Users/lab/Documents/EmbeddedSystems/Wednesday/AidanThomasTinu/SoC/DES_SoC/Hardware/Design/spi/spi_tb.sv:163]
INFO: [VRFC 10-443] port direction not specified for function/task, assuming input [C:/Users/lab/Documents/EmbeddedSystems/Wednesday/AidanThomasTinu/SoC/DES_SoC/Hardware/Design/spi/spi_tb.sv:163]
INFO: [VRFC 10-443] port direction not specified for function/task, assuming input [C:/Users/lab/Documents/EmbeddedSystems/Wednesday/AidanThomasTinu/SoC/DES_SoC/Hardware/Design/spi/spi_tb.sv:163]
INFO: [VRFC 10-2263] Analyzing SystemVerilog file "C:/Users/lab/Documents/EmbeddedSystems/Wednesday/AidanThomasTinu/SoC/DES_SoC/Hardware/Design/AHB_to_csr.sv" into library xil_defaultlib
INFO: [VRFC 10-311] analyzing module ahb_to_csr
INFO: [VRFC 10-2263] Analyzing SystemVerilog file "C:/Users/lab/Documents/EmbeddedSystems/Wednesday/AidanThomasTinu/SoC/DES_SoC/Hardware/Design/spi/AHBspi.sv" into library xil_defaultlib
INFO: [VRFC 10-311] analyzing module AHBspi
INFO: [VRFC 10-2263] Analyzing Verilog file "C:/Users/lab/Documents/EmbeddedSystems/Wednesday/AidanThomasTinu/SoC/DES_SoC/Hardware/Design/bin2bcd.v" into library xil_defaultlib
INFO: [VRFC 10-311] analyzing module bin2bcd
INFO: [VRFC 10-2263] Analyzing SystemVerilog file "C:/Users/lab/Documents/EmbeddedSystems/Wednesday/AidanThomasTinu/SoC/DES_SoC/Hardware/Design/spi/spi_controller.sv" into library xil_defaultlib
INFO: [VRFC 10-311] analyzing module spi_controller
INFO: [VRFC 10-2263] Analyzing SystemVerilog file "C:/Users/lab/Documents/EmbeddedSystems/Wednesday/AidanThomasTinu/SoC/DES_SoC/Hardware/Design/spi/spi_core.sv" into library xil_defaultlib
INFO: [VRFC 10-311] analyzing module spi_core
INFO: [VRFC 10-2263] Analyzing Verilog file "C:/Users/lab/Documents/EmbeddedSystems/Wednesday/AidanThomasTinu/SoC/DES_SoC/Hardware/DemoSystem.srcs/sources_1/ip/blk_mem_8Kword/blk_mem_gen_v8_2/simulation/blk_mem_gen_v8_2.v" into library blk_mem_gen_v8_2
INFO: [VRFC 10-311] analyzing module STATE_LOGIC_v8_2
WARNING: [VRFC 10-1195] overwriting previous definition of module STATE_LOGIC_v8_2 [C:/Users/lab/Documents/EmbeddedSystems/Wednesday/AidanThomasTinu/SoC/DES_SoC/Hardware/DemoSystem.srcs/sources_1/ip/blk_mem_8Kword/blk_mem_gen_v8_2/simulation/blk_mem_gen_v8_2.v:73]
INFO: [VRFC 10-311] analyzing module beh_vlog_muxf7_v8_2
WARNING: [VRFC 10-1195] overwriting previous definition of module beh_vlog_muxf7_v8_2 [C:/Users/lab/Documents/EmbeddedSystems/Wednesday/AidanThomasTinu/SoC/DES_SoC/Hardware/DemoSystem.srcs/sources_1/ip/blk_mem_8Kword/blk_mem_gen_v8_2/simulation/blk_mem_gen_v8_2.v:95]
INFO: [VRFC 10-311] analyzing module beh_vlog_ff_clr_v8_2
WARNING: [VRFC 10-1195] overwriting previous definition of module beh_vlog_ff_clr_v8_2 [C:/Users/lab/Documents/EmbeddedSystems/Wednesday/AidanThomasTinu/SoC/DES_SoC/Hardware/DemoSystem.srcs/sources_1/ip/blk_mem_8Kword/blk_mem_gen_v8_2/simulation/blk_mem_gen_v8_2.v:109]
INFO: [VRFC 10-311] analyzing module beh_vlog_ff_pre_v8_2
WARNING: [VRFC 10-1195] overwriting previous definition of module beh_vlog_ff_pre_v8_2 [C:/Users/lab/Documents/EmbeddedSystems/Wednesday/AidanThomasTinu/SoC/DES_SoC/Hardware/DemoSystem.srcs/sources_1/ip/blk_mem_8Kword/blk_mem_gen_v8_2/simulation/blk_mem_gen_v8_2.v:129]
INFO: [VRFC 10-311] analyzing module beh_vlog_ff_ce_clr_v8_2
WARNING: [VRFC 10-1195] overwriting previous definition of module beh_vlog_ff_ce_clr_v8_2 [C:/Users/lab/Documents/EmbeddedSystems/Wednesday/AidanThomasTinu/SoC/DES_SoC/Hardware/DemoSystem.srcs/sources_1/ip/blk_mem_8Kword/blk_mem_gen_v8_2/simulation/blk_mem_gen_v8_2.v:148]
INFO: [VRFC 10-311] analyzing module write_netlist_v8_2
WARNING: [VRFC 10-1195] overwriting previous definition of module write_netlist_v8_2 [C:/Users/lab/Documents/EmbeddedSystems/Wednesday/AidanThomasTinu/SoC/DES_SoC/Hardware/DemoSystem.srcs/sources_1/ip/blk_mem_8Kword/blk_mem_gen_v8_2/simulation/blk_mem_gen_v8_2.v:166]
INFO: [VRFC 10-311] analyzing module read_netlist_v8_2
WARNING: [VRFC 10-1195] overwriting previous definition of module read_netlist_v8_2 [C:/Users/lab/Documents/EmbeddedSystems/Wednesday/AidanThomasTinu/SoC/DES_SoC/Hardware/DemoSystem.srcs/sources_1/ip/blk_mem_8Kword/blk_mem_gen_v8_2/simulation/blk_mem_gen_v8_2.v:635]
INFO: [VRFC 10-311] analyzing module blk_mem_axi_write_wrapper_beh_v8_2
WARNING: [VRFC 10-1195] overwriting previous definition of module blk_mem_axi_write_wrapper_beh_v8_2 [C:/Users/lab/Documents/EmbeddedSystems/Wednesday/AidanThomasTinu/SoC/DES_SoC/Hardware/DemoSystem.srcs/sources_1/ip/blk_mem_8Kword/blk_mem_gen_v8_2/simulation/blk_mem_gen_v8_2.v:994]
INFO: [VRFC 10-311] analyzing module blk_mem_axi_read_wrapper_beh_v8_2
WARNING: [VRFC 10-1195] overwriting previous definition of module blk_mem_axi_read_wrapper_beh_v8_2 [C:/Users/lab/Documents/EmbeddedSystems/Wednesday/AidanThomasTinu/SoC/DES_SoC/Hardware/DemoSystem.srcs/sources_1/ip/blk_mem_8Kword/blk_mem_gen_v8_2/simulation/blk_mem_gen_v8_2.v:1270]
INFO: [VRFC 10-311] analyzing module blk_mem_axi_regs_fwd_v8_2
WARNING: [VRFC 10-1195] overwriting previous definition of module blk_mem_axi_regs_fwd_v8_2 [C:/Users/lab/Documents/EmbeddedSystems/Wednesday/AidanThomasTinu/SoC/DES_SoC/Hardware/DemoSystem.srcs/sources_1/ip/blk_mem_8Kword/blk_mem_gen_v8_2/simulation/blk_mem_gen_v8_2.v:1493]
INFO: [VRFC 10-311] analyzing module BLK_MEM_GEN_v8_2_output_stage
WARNING: [VRFC 10-1195] overwriting previous definition of module BLK_MEM_GEN_v8_2_output_stage [C:/Users/lab/Documents/EmbeddedSystems/Wednesday/AidanThomasTinu/SoC/DES_SoC/Hardware/DemoSystem.srcs/sources_1/ip/blk_mem_8Kword/blk_mem_gen_v8_2/simulation/blk_mem_gen_v8_2.v:1563]
INFO: [VRFC 10-311] analyzing module BLK_MEM_GEN_v8_2_softecc_output_reg_stage
WARNING: [VRFC 10-1195] overwriting previous definition of module BLK_MEM_GEN_v8_2_softecc_output_reg_stage [C:/Users/lab/Documents/EmbeddedSystems/Wednesday/AidanThomasTinu/SoC/DES_SoC/Hardware/DemoSystem.srcs/sources_1/ip/blk_mem_8Kword/blk_mem_gen_v8_2/simulation/blk_mem_gen_v8_2.v:1859]
INFO: [VRFC 10-311] analyzing module BLK_MEM_GEN_v8_2_mem_module
WARNING: [VRFC 10-1195] overwriting previous definition of module BLK_MEM_GEN_v8_2_mem_module [C:/Users/lab/Documents/EmbeddedSystems/Wednesday/AidanThomasTinu/SoC/DES_SoC/Hardware/DemoSystem.srcs/sources_1/ip/blk_mem_8Kword/blk_mem_gen_v8_2/simulation/blk_mem_gen_v8_2.v:1951]
INFO: [VRFC 10-311] analyzing module blk_mem_gen_v8_2
WARNING: [VRFC 10-1195] overwriting previous definition of module blk_mem_gen_v8_2 [C:/Users/lab/Documents/EmbeddedSystems/Wednesday/AidanThomasTinu/SoC/DES_SoC/Hardware/DemoSystem.srcs/sources_1/ip/blk_mem_8Kword/blk_mem_gen_v8_2/simulation/blk_mem_gen_v8_2.v:3401]
INFO: [VRFC 10-2263] Analyzing Verilog file "C:/Users/lab/Documents/EmbeddedSystems/Wednesday/AidanThomasTinu/SoC/DES_SoC/Hardware/DemoSystem.srcs/sources_1/ip/blk_mem_8Kword/sim/blk_mem_8Kword.v" into library xil_defaultlib
INFO: [VRFC 10-311] analyzing module blk_mem_8Kword
INFO: [VRFC 10-2263] Analyzing Verilog file "C:/Users/lab/Documents/EmbeddedSystems/Wednesday/AidanThomasTinu/SoC/DES_SoC/Hardware/Testbench/TB_toplevel.v" into library xil_defaultlib
INFO: [VRFC 10-311] analyzing module TB_toplevel
INFO: [VRFC 10-2263] Analyzing Verilog file "C:/Users/lab/Documents/EmbeddedSystems/Wednesday/AidanThomasTinu/SoC/DES_SoC/Hardware/DemoSystem.sim/sim_top/behav/glbl.v" into library xil_defaultlib
INFO: [VRFC 10-311] analyzing module glbl
