Vivado Simulator 2015.2
Copyright 1986-1999, 2001-2015 Xilinx, Inc. All Rights Reserved.
Running: C:/Xilinx/Vivado/2015.2/bin/unwrapped/win64.o/xelab.exe -wto 0cf0669fc6af4ee9943ea9c429f4cd74 --debug typical --relax --mt 2 -L xil_defaultlib -L blk_mem_gen_v8_2 -L unisims_ver -L unimacro_ver -L secureip --snapshot TB_toplevel_behav xil_defaultlib.TB_toplevel xil_defaultlib.glbl -log elaborate.log 
Using 2 slave threads.
Starting static elaboration
Completed static elaboration
Starting simulation data flow analysis
Completed simulation data flow analysis
Time Resolution for simulation is 1ps
Compiling module unisims_ver.IBUF
Compiling module unisims_ver.PLLE2_ADV(CLKFBOUT_MULT=8,CLKIN1...
Compiling module unisims_ver.BUFG
Compiling module xil_defaultlib.clock_gen
Compiling module xil_defaultlib.reset_gen
Compiling module xil_defaultlib.status_ind
Compiling module xil_defaultlib.cortexm0ds_logic
Compiling module xil_defaultlib.CORTEXM0DS
Compiling module xil_defaultlib.AHBDCD
Compiling module xil_defaultlib.AHBMUX
Compiling module xil_defaultlib.uart_RXonly
Compiling module xil_defaultlib.ram_loader(ADDR_WIDTH=15)
Compiling module blk_mem_gen_v8_2.BLK_MEM_GEN_v8_2_output_stage(C_...
Compiling module blk_mem_gen_v8_2.BLK_MEM_GEN_v8_2_output_stage(C_...
Compiling module blk_mem_gen_v8_2.BLK_MEM_GEN_v8_2_softecc_output_...
Compiling module blk_mem_gen_v8_2.BLK_MEM_GEN_v8_2_mem_module(C_CO...
Compiling module blk_mem_gen_v8_2.blk_mem_gen_v8_2(C_FAMILY="artix...
Compiling module xil_defaultlib.blk_mem_8Kword
Compiling module xil_defaultlib.AHBrom
Compiling module blk_mem_gen_v8_2.BLK_MEM_GEN_v8_2_output_stage(C_...
Compiling module blk_mem_gen_v8_2.BLK_MEM_GEN_v8_2_output_stage(C_...
Compiling module blk_mem_gen_v8_2.BLK_MEM_GEN_v8_2_softecc_output_...
Compiling module blk_mem_gen_v8_2.BLK_MEM_GEN_v8_2_mem_module(C_CO...
Compiling module blk_mem_gen_v8_2.blk_mem_gen_v8_2(C_FAMILY="artix...
Compiling module xil_defaultlib.blk_mem_4Kword
Compiling module xil_defaultlib.AHBram
Compiling module xil_defaultlib.AHBgpio
Compiling module xil_defaultlib.FIFO(AWIDTH=4)
Compiling module xil_defaultlib.uart
Compiling module xil_defaultlib.AHBuart
Compiling module xil_defaultlib.AHBdummy
Compiling module xil_defaultlib.spi_controller
Compiling module xil_defaultlib.ahb_to_csr(NUM_REGS=2)
Compiling module xil_defaultlib.spi_core
Compiling module xil_defaultlib.AHBspi
Compiling module xil_defaultlib.AHBliteTop
Compiling module xil_defaultlib.TB_toplevel
Compiling module xil_defaultlib.glbl
Compiling package xil_defaultlib.spi_pkg
Waiting for 7 sub-compilation(s) to finish...
Built simulation snapshot TB_toplevel_behav
