Copyright 1986-2015 Xilinx, Inc. All Rights Reserved.
---------------------------------------------------------------------------------------
| Tool Version : Vivado v.2015.2 (win64) Build 1266856 Fri Jun 26 16:35:25 MDT 2015
| Date         : Thu Mar 26 14:56:51 2026
| Host         : Eleclab59 running 64-bit major release  (build 9200)
| Command      : report_control_sets -verbose -file CORTEXM0DS_control_sets_placed.rpt
| Design       : CORTEXM0DS
| Device       : xc7a100t
---------------------------------------------------------------------------------------

Control Set Information

Table of Contents
-----------------
1. Summary
2. Flip-Flop Distribution
3. Detailed Control Set Information

1. Summary
----------

+-------------------------------------------------------------------+-------+
|                               Status                              | Count |
+-------------------------------------------------------------------+-------+
| Number of unique control sets                                     |   105 |
| Minimum Number of register sites lost to control set restrictions |   469 |
+-------------------------------------------------------------------+-------+


2. Flip-Flop Distribution
-------------------------

+--------------+-----------------------+------------------------+-----------------+--------------+
| Clock Enable | Synchronous Set/Reset | Asynchronous Set/Reset | Total Registers | Total Slices |
+--------------+-----------------------+------------------------+-----------------+--------------+
| No           | No                    | No                     |               0 |            0 |
| No           | No                    | Yes                    |             259 |          179 |
| No           | Yes                   | No                     |               0 |            0 |
| Yes          | No                    | No                     |               0 |            0 |
| Yes          | No                    | Yes                    |             584 |          355 |
| Yes          | Yes                   | No                     |               0 |            0 |
+--------------+-----------------------+------------------------+-----------------+--------------+


3. Detailed Control Set Information
-----------------------------------

+--------------+------------------------+------------------------+------------------+----------------+
| Clock Signal |      Enable Signal     |    Set/Reset Signal    | Slice Load Count | Bel Load Count |
+--------------+------------------------+------------------------+------------------+----------------+
|  HCLK        | u_logic/Hfyvx4         | u_logic/Cps2z4_i_3_n_0 |                1 |              1 |
|  HCLK        | u_logic/L0uvx4         | u_logic/Ytm2z4_i_1_n_0 |                1 |              1 |
|  HCLK        | HREADY                 | u_logic/Y1n2z4_i_1_n_0 |                1 |              1 |
|  HCLK        | u_logic/Vfyvx4         | u_logic/Ytm2z4_i_1_n_0 |                1 |              1 |
|  HCLK        | u_logic/Z0uvx4         | u_logic/Ytm2z4_i_1_n_0 |                1 |              1 |
|  HCLK        | u_logic/Teyvx4         | u_logic/Ypi3z4_i_2_n_0 |                1 |              1 |
|  HCLK        | u_logic/Rfpvx4         | u_logic/Y1n2z4_i_1_n_0 |                1 |              1 |
|  HCLK        | u_logic/Ofyvx4         | u_logic/Glj2z4_i_1_n_0 |                1 |              1 |
|  HCLK        | u_logic/Rdyvx4         | u_logic/Cps2z4_i_3_n_0 |                1 |              1 |
|  HCLK        | u_logic/Hfyvx4         | u_logic/Y1n2z4_i_1_n_0 |                1 |              1 |
|  HCLK        | u_logic/Okn2z4_i_1_n_0 | u_logic/Ypi3z4_i_2_n_0 |                1 |              1 |
|  HCLK        | u_logic/Hfyvx4         | u_logic/Ytm2z4_i_1_n_0 |                1 |              1 |
|  HCLK        | u_logic/Qztvx4         | u_logic/Glj2z4_i_1_n_0 |                1 |              1 |
|  HCLK        | u_logic/Ofyvx4         | u_logic/Y1n2z4_i_1_n_0 |                1 |              1 |
|  HCLK        | u_logic/W2uvx4         | u_logic/Glj2z4_i_1_n_0 |                1 |              1 |
|  HCLK        | u_logic/W2uvx4         | u_logic/Ypi3z4_i_2_n_0 |                1 |              1 |
|  HCLK        | u_logic/Yafwx4         | u_logic/Glj2z4_i_1_n_0 |                1 |              1 |
|  HCLK        | u_logic/Yafwx4         | u_logic/Cps2z4_i_3_n_0 |                1 |              1 |
|  HCLK        | u_logic/Ydyvx4         | u_logic/Ypi3z4_i_2_n_0 |                1 |              1 |
|  HCLK        | u_logic/Kdyvx4         | u_logic/Cps2z4_i_3_n_0 |                1 |              1 |
|  HCLK        | u_logic/Siqvx4         | u_logic/Cps2z4_i_3_n_0 |                1 |              1 |
|  HCLK        | HREADY                 | u_logic/Ytm2z4_i_1_n_0 |                1 |              1 |
|  HCLK        | u_logic/Rfpvx4         | u_logic/Glj2z4_i_1_n_0 |                1 |              1 |
|  HCLK        | u_logic/Qztvx4         | u_logic/Ypi3z4_i_2_n_0 |                1 |              1 |
|  HCLK        | u_logic/Meyvx4         | u_logic/Ypi3z4_i_2_n_0 |                2 |              2 |
|  HCLK        | u_logic/Vytvx4         | u_logic/Cps2z4_i_3_n_0 |                1 |              2 |
|  HCLK        | u_logic/Meyvx4         | u_logic/P9h3z4_i_2_n_0 |                1 |              2 |
|  HCLK        | u_logic/Siqvx4         | u_logic/Ypi3z4_i_2_n_0 |                1 |              2 |
|  HCLK        | u_logic/Hfyvx4         | u_logic/Ypi3z4_i_2_n_0 |                1 |              2 |
|  HCLK        | u_logic/Ddyvx4         | u_logic/Ek03z4_i_3_n_0 |                2 |              2 |
|  HCLK        | u_logic/Rfpvx4         | u_logic/Cps2z4_i_3_n_0 |                1 |              2 |
|  HCLK        | u_logic/I4zvx4         | u_logic/Ypi3z4_i_2_n_0 |                2 |              2 |
|  HCLK        | HREADY                 | u_logic/Cps2z4_i_3_n_0 |                2 |              2 |
|  HCLK        | u_logic/Afyvx4         | u_logic/Ek03z4_i_3_n_0 |                1 |              2 |
|  HCLK        | u_logic/Kdyvx4         | u_logic/Ek03z4_i_3_n_0 |                2 |              2 |
|  HCLK        | u_logic/C5ovx4         | u_logic/Glj2z4_i_1_n_0 |                2 |              2 |
|  HCLK        | u_logic/Yafwx4         | u_logic/Ek03z4_i_3_n_0 |                2 |              2 |
|  HCLK        | u_logic/W2uvx4         | u_logic/Y1n2z4_i_1_n_0 |                1 |              2 |
|  HCLK        | u_logic/Ydyvx4         | u_logic/Ek03z4_i_3_n_0 |                2 |              2 |
|  HCLK        | u_logic/Vytvx4         | u_logic/Ypi3z4_i_2_n_0 |                1 |              2 |
|  HCLK        | u_logic/Meyvx4         | u_logic/Ek03z4_i_3_n_0 |                2 |              3 |
|  HCLK        | u_logic/Wcyvx4         | u_logic/Ypi3z4_i_2_n_0 |                3 |              3 |
|  HCLK        | u_logic/Wcyvx4         | u_logic/Glj2z4_i_1_n_0 |                3 |              3 |
|  HCLK        | u_logic/Z0uvx4         | u_logic/Ypi3z4_i_2_n_0 |                1 |              3 |
|  HCLK        | u_logic/Wcyvx4         | u_logic/Ytm2z4_i_1_n_0 |                3 |              3 |
|  HCLK        | u_logic/I4zvx4         | u_logic/Cps2z4_i_3_n_0 |                2 |              3 |
|  HCLK        | u_logic/L0uvx4         | u_logic/Y1n2z4_i_1_n_0 |                1 |              3 |
|  HCLK        | u_logic/Ofyvx4         | u_logic/Ypi3z4_i_2_n_0 |                3 |              3 |
|  HCLK        | u_logic/Feyvx4         | u_logic/Ypi3z4_i_2_n_0 |                3 |              3 |
|  HCLK        | u_logic/Feyvx4         | u_logic/Cps2z4_i_3_n_0 |                3 |              3 |
|  HCLK        | u_logic/I4zvx4         | u_logic/Ytm2z4_i_1_n_0 |                3 |              4 |
|  HCLK        | u_logic/Vytvx4         | u_logic/Y1n2z4_i_1_n_0 |                2 |              4 |
|  HCLK        | u_logic/L0uvx4         | u_logic/Ypi3z4_i_2_n_0 |                2 |              4 |
|  HCLK        | u_logic/K6yvx4         | u_logic/Cps2z4_i_3_n_0 |                3 |              4 |
|  HCLK        | u_logic/Z0uvx4         | u_logic/Y1n2z4_i_1_n_0 |                1 |              4 |
|  HCLK        | u_logic/Siqvx4         | u_logic/Y1n2z4_i_1_n_0 |                4 |              5 |
|  HCLK        | u_logic/Teyvx4         | u_logic/Ek03z4_i_3_n_0 |                5 |              5 |
|  HCLK        | u_logic/C5ovx4         | u_logic/Ek03z4_i_3_n_0 |                4 |              5 |
|  HCLK        | u_logic/Wcyvx4         | u_logic/Y1n2z4_i_1_n_0 |                4 |              5 |
|  HCLK        | u_logic/Okn2z4_i_1_n_0 | u_logic/Cps2z4_i_3_n_0 |                5 |              6 |
|  HCLK        | u_logic/Wcyvx4         | u_logic/Ek03z4_i_3_n_0 |                5 |              6 |
|  HCLK        | u_logic/Ofyvx4         | u_logic/Ek03z4_i_3_n_0 |                5 |              6 |
|  HCLK        | u_logic/Okn2z4_i_1_n_0 | u_logic/Ek03z4_i_3_n_0 |                4 |              6 |
|  HCLK        | u_logic/Qztvx4         | u_logic/Y1n2z4_i_1_n_0 |                3 |              6 |
|  HCLK        | u_logic/Okn2z4_i_1_n_0 | u_logic/P9h3z4_i_2_n_0 |                5 |              7 |
|  HCLK        | u_logic/Feyvx4         | u_logic/Ek03z4_i_3_n_0 |                4 |              7 |
|  HCLK        | u_logic/C5ovx4         | u_logic/Y1n2z4_i_1_n_0 |                5 |              7 |
|  HCLK        | u_logic/Ofyvx4         | u_logic/Ytm2z4_i_1_n_0 |                5 |              7 |
|  HCLK        | u_logic/Vfyvx4         | u_logic/Ek03z4_i_3_n_0 |                6 |              7 |
|  HCLK        | u_logic/I4zvx4         | u_logic/Ek03z4_i_3_n_0 |                6 |              8 |
|  HCLK        | u_logic/Feyvx4         | u_logic/Ytm2z4_i_1_n_0 |                5 |              8 |
|  HCLK        | u_logic/Vfyvx4         | u_logic/Y1n2z4_i_1_n_0 |                4 |              8 |
|  HCLK        | u_logic/Siqvx4         | u_logic/Ek03z4_i_3_n_0 |                5 |              9 |
|  HCLK        | u_logic/Rdyvx4         | u_logic/Ek03z4_i_3_n_0 |                4 |              9 |
|  HCLK        | u_logic/Rdyvx4         | u_logic/Ytm2z4_i_1_n_0 |                6 |              9 |
|  HCLK        | u_logic/C5ovx4         | u_logic/Ypi3z4_i_2_n_0 |                6 |             10 |
|  HCLK        | u_logic/Okn2z4_i_1_n_0 | u_logic/Ytm2z4_i_1_n_0 |                5 |             10 |
|  HCLK        | u_logic/Teyvx4         | u_logic/Ytm2z4_i_1_n_0 |                7 |             11 |
|  HCLK        | u_logic/Feyvx4         | u_logic/P9h3z4_i_2_n_0 |                5 |             11 |
|  HCLK        | u_logic/Hfyvx4         | u_logic/Ek03z4_i_3_n_0 |                6 |             12 |
|  HCLK        | u_logic/Wcyvx4         | u_logic/P9h3z4_i_2_n_0 |                8 |             12 |
|  HCLK        | u_logic/I4zvx4         | u_logic/Glj2z4_i_1_n_0 |                6 |             13 |
|  HCLK        | u_logic/Rdyvx4         | u_logic/P9h3z4_i_2_n_0 |                6 |             13 |
|  HCLK        | u_logic/Ddyvx4         | u_logic/Y1n2z4_i_1_n_0 |                8 |             14 |
|  HCLK        | u_logic/Ofyvx4         | u_logic/P9h3z4_i_2_n_0 |                7 |             14 |
|  HCLK        | u_logic/Afyvx4         | u_logic/Y1n2z4_i_1_n_0 |                7 |             14 |
|  HCLK        | u_logic/Ydyvx4         | u_logic/Ytm2z4_i_1_n_0 |                6 |             14 |
|  HCLK        | u_logic/Kdyvx4         | u_logic/Ytm2z4_i_1_n_0 |                8 |             14 |
|  HCLK        | u_logic/Kdyvx4         | u_logic/P9h3z4_i_2_n_0 |                8 |             15 |
|  HCLK        | u_logic/Hfyvx4         | u_logic/Glj2z4_i_1_n_0 |                8 |             15 |
|  HCLK        | u_logic/Teyvx4         | u_logic/P9h3z4_i_2_n_0 |                8 |             15 |
|  HCLK        | u_logic/Ydyvx4         | u_logic/P9h3z4_i_2_n_0 |                9 |             15 |
|  HCLK        | u_logic/Siqvx4         | u_logic/Glj2z4_i_1_n_0 |                9 |             15 |
|  HCLK        | u_logic/Vfyvx4         | u_logic/Glj2z4_i_1_n_0 |                9 |             16 |
|  HCLK        | u_logic/Afyvx4         | u_logic/Glj2z4_i_1_n_0 |                8 |             16 |
|  HCLK        | u_logic/Xppvx4         | u_logic/P9h3z4_i_2_n_0 |                9 |             16 |
|  HCLK        | u_logic/Xppvx4         | u_logic/Ytm2z4_i_1_n_0 |                8 |             16 |
|  HCLK        | u_logic/Ddyvx4         | u_logic/Glj2z4_i_1_n_0 |                9 |             16 |
|  HCLK        |                        | u_logic/Ytm2z4_i_1_n_0 |               12 |             19 |
|  HCLK        |                        | u_logic/Glj2z4_i_1_n_0 |               17 |             19 |
|  HCLK        | u_logic/Meyvx4         | u_logic/Cps2z4_i_3_n_0 |                8 |             25 |
|  HCLK        |                        | u_logic/Ek03z4_i_3_n_0 |               22 |             27 |
|  HCLK        |                        | u_logic/Y1n2z4_i_1_n_0 |               31 |             44 |
|  HCLK        |                        | u_logic/Cps2z4_i_3_n_0 |               39 |             68 |
|  HCLK        |                        | u_logic/Ypi3z4_i_2_n_0 |               58 |             82 |
+--------------+------------------------+------------------------+------------------+----------------+


