
*** Running vivado
    with args -log CORTEXM0DS.vdi -applog -m64 -messageDb vivado.pb -mode batch -source CORTEXM0DS.tcl -notrace

WARNING: Default location for XILINX_VIVADO_HLS not found: 

****** Vivado v2015.2 (64-bit)
  **** SW Build 1266856 on Fri Jun 26 16:35:25 MDT 2015
  **** IP Build 1264090 on Wed Jun 24 14:22:01 MDT 2015
    ** Copyright 1986-2015 Xilinx, Inc. All Rights Reserved.

source CORTEXM0DS.tcl -notrace
Command: open_checkpoint -netlist_only C:/Users/lab/Documents/EmbeddedSystems/Wednesday/AidanThomasTinu/SoC/DES_SoC/Hardware/DemoSystem.runs/CORTEXM0DS_synth_1/CORTEXM0DS.dcp
INFO: [Netlist 29-17] Analyzing 40 Unisim elements for replacement
INFO: [Netlist 29-28] Unisim Transformation completed in 0 CPU seconds
WARNING: [Netlist 29-101] Netlist 'CORTEXM0DS' is not ideal for floorplanning, since the cellview 'CORTEXM0DS_cortexm0ds_logic' contains a large number of primitives.  Please consider enabling hierarchy in synthesis if you want to do floorplanning.
INFO: [Project 1-479] Netlist was created with Vivado 2015.2
INFO: [Device 21-403] Loading part xc7a100tcsg324-1
INFO: [Project 1-570] Preparing netlist for logic optimization
INFO: [Project 1-111] Unisim Transformation Summary:
No Unisim elements were transformed.

INFO: [Project 1-484] Checkpoint was created with build 1266856
Parsing XDC File [C:/Users/lab/Documents/EmbeddedSystems/Wednesday/AidanThomasTinu/SoC/DES_SoC/Hardware/DemoSystem.srcs/CORTEXM0DS/new/CORTEXM0DS_ooc.xdc]
Finished Parsing XDC File [C:/Users/lab/Documents/EmbeddedSystems/Wednesday/AidanThomasTinu/SoC/DES_SoC/Hardware/DemoSystem.srcs/CORTEXM0DS/new/CORTEXM0DS_ooc.xdc]
Command: opt_design
Attempting to get a license for feature 'Implementation' and/or device 'xc7a100t'
INFO: [Common 17-349] Got license for feature 'Implementation' and/or device 'xc7a100t'
INFO: [Common 17-1223] The version limit for your license is '2026.02' and will expire in -26 days. A version limit expiration means that, although you may be able to continue to use the current version of tools or IP with this license, you will not be eligible for any updates or new releases.
Running DRC as a precondition to command opt_design

Starting DRC Task
INFO: [DRC 23-27] Running DRC with 2 threads
INFO: [Project 1-461] DRC finished with 0 Errors
INFO: [Project 1-462] Please refer to the DRC report (report_drc) for more information.

Time (s): cpu = 00:00:00 ; elapsed = 00:00:00.053 . Memory (MB): peak = 464.695 ; gain = 0.953
INFO: [Timing 38-35] Done setting XDC timing constraints.

Starting Logic Optimization Task

Phase 1 Retarget

INFO: [Opt 31-138] Pushed 0 inverter(s) to 0 load pin(s).
INFO: [Opt 31-49] Retargeted 0 cell(s).
Phase 1 Retarget | Checksum: ec242d5c

Time (s): cpu = 00:00:00 ; elapsed = 00:00:00.077 . Memory (MB): peak = 950.863 ; gain = 0.000

Phase 2 Constant Propagation
INFO: [Opt 31-138] Pushed 0 inverter(s) to 0 load pin(s).
INFO: [Opt 31-10] Eliminated 0 cells.
Phase 2 Constant Propagation | Checksum: b8b541a9

Time (s): cpu = 00:00:00 ; elapsed = 00:00:00.148 . Memory (MB): peak = 950.863 ; gain = 0.000

Phase 3 Sweep
INFO: [Opt 31-12] Eliminated 111 unconnected nets.
INFO: [Opt 31-11] Eliminated 2 unconnected cells.
Phase 3 Sweep | Checksum: 8aa9d351

Time (s): cpu = 00:00:00 ; elapsed = 00:00:00.195 . Memory (MB): peak = 950.863 ; gain = 0.000

Starting Connectivity Check Task

Time (s): cpu = 00:00:00 ; elapsed = 00:00:00.004 . Memory (MB): peak = 950.863 ; gain = 0.000
Ending Logic Optimization Task | Checksum: 8aa9d351

Time (s): cpu = 00:00:00 ; elapsed = 00:00:00.201 . Memory (MB): peak = 950.863 ; gain = 0.000
Implement Debug Cores | Checksum: 12da50d78
Logic Optimization | Checksum: 12da50d78

Starting Power Optimization Task
INFO: [Pwropt 34-132] Skipping clock gating for clocks with a period < 3.13 ns.
Ending Power Optimization Task | Checksum: 8aa9d351

Time (s): cpu = 00:00:00 ; elapsed = 00:00:00.004 . Memory (MB): peak = 950.863 ; gain = 0.000
INFO: [Common 17-83] Releasing license: Implementation
21 Infos, 1 Warnings, 0 Critical Warnings and 0 Errors encountered.
opt_design completed successfully
opt_design: Time (s): cpu = 00:00:06 ; elapsed = 00:00:06 . Memory (MB): peak = 950.863 ; gain = 489.113
INFO: [Timing 38-35] Done setting XDC timing constraints.
INFO: [DRC 23-27] Running DRC with 2 threads
INFO: [Coretcl 2-168] The results of DRC are in file C:/Users/lab/Documents/EmbeddedSystems/Wednesday/AidanThomasTinu/SoC/DES_SoC/Hardware/DemoSystem.runs/CORTEXM0DS_impl_1/CORTEXM0DS_drc_opted.rpt.
INFO: [#UNDEF] Cannot write hardware definition file as there are no IPI block design hardware handoff files present
Command: place_design
Attempting to get a license for feature 'Implementation' and/or device 'xc7a100t'
INFO: [Common 17-349] Got license for feature 'Implementation' and/or device 'xc7a100t'
INFO: [Common 17-1223] The version limit for your license is '2026.02' and will expire in -26 days. A version limit expiration means that, although you may be able to continue to use the current version of tools or IP with this license, you will not be eligible for any updates or new releases.
INFO: [DRC 23-27] Running DRC with 2 threads
INFO: [Vivado_Tcl 4-198] DRC finished with 0 Errors
INFO: [Vivado_Tcl 4-199] Please refer to the DRC report (report_drc) for more information.
Running DRC as a precondition to command place_design
INFO: [DRC 23-27] Running DRC with 2 threads
INFO: [Vivado_Tcl 4-198] DRC finished with 0 Errors
INFO: [Vivado_Tcl 4-199] Please refer to the DRC report (report_drc) for more information.

Starting Placer Task
INFO: [Place 30-611] Multithreading enabled for place_design using a maximum of 2 CPUs

Phase 1 Placer Runtime Estimator
Phase 1 Placer Runtime Estimator | Checksum: 2bda9e10

Time (s): cpu = 00:00:00 ; elapsed = 00:00:00.025 . Memory (MB): peak = 987.113 ; gain = 0.000

Phase 2 Placer Initialization
Netlist sorting complete. Time (s): cpu = 00:00:00 ; elapsed = 00:00:00.002 . Memory (MB): peak = 987.113 ; gain = 0.000
Netlist sorting complete. Time (s): cpu = 00:00:00 ; elapsed = 00:00:00 . Memory (MB): peak = 987.113 ; gain = 0.000

Phase 2.1 IO Placement/ Clock Placement/ Build Placer Device

Phase 2.1.1 Pre-Place Cells
Phase 2.1.1 Pre-Place Cells | Checksum: 00000000

Time (s): cpu = 00:00:00 ; elapsed = 00:00:00.046 . Memory (MB): peak = 987.113 ; gain = 0.000

Phase 2.1.2 IO & Clk Clean Up
Phase 2.1.2 IO & Clk Clean Up | Checksum: 00000000

Time (s): cpu = 00:00:01 ; elapsed = 00:00:00.665 . Memory (MB): peak = 987.113 ; gain = 0.000

Phase 2.1.3 Implementation Feasibility check On IDelay
Phase 2.1.3 Implementation Feasibility check On IDelay | Checksum: 00000000

Time (s): cpu = 00:00:01 ; elapsed = 00:00:00.671 . Memory (MB): peak = 987.113 ; gain = 0.000

Phase 2.1.4 Commit IO Placement
Phase 2.1.4 Commit IO Placement | Checksum: 00000000

Time (s): cpu = 00:00:01 ; elapsed = 00:00:00.671 . Memory (MB): peak = 987.113 ; gain = 0.000
Phase 2.1 IO Placement/ Clock Placement/ Build Placer Device | Checksum: ccc32b03

Time (s): cpu = 00:00:01 ; elapsed = 00:00:00.671 . Memory (MB): peak = 987.113 ; gain = 0.000

Phase 2.2 Build Placer Netlist Model

Phase 2.2.1 Place Init Design

Phase 2.2.1.1 Init Lut Pin Assignment
Phase 2.2.1.1 Init Lut Pin Assignment | Checksum: 14a0e00e6

Time (s): cpu = 00:00:01 ; elapsed = 00:00:00.763 . Memory (MB): peak = 987.113 ; gain = 0.000
WARNING: [Timing 38-242] The property HD.CLK_SRC of clock port "HCLK" is not set. In out-of-context mode, this prevents timing estimation for clock delay/skew
Resolution: Set the HD.CLK_SRC property of the out-of-context port to the location of the clock buffer instance in the top-level design
Phase 2.2.1 Place Init Design | Checksum: 110aec9e1

Time (s): cpu = 00:00:01 ; elapsed = 00:00:01 . Memory (MB): peak = 987.113 ; gain = 0.000
Phase 2.2 Build Placer Netlist Model | Checksum: 110aec9e1

Time (s): cpu = 00:00:01 ; elapsed = 00:00:01 . Memory (MB): peak = 987.113 ; gain = 0.000

Phase 2.3 Constrain Clocks/Macros

Phase 2.3.1 Constrain Global/Regional Clocks
Phase 2.3.1 Constrain Global/Regional Clocks | Checksum: 110aec9e1

Time (s): cpu = 00:00:01 ; elapsed = 00:00:01 . Memory (MB): peak = 987.113 ; gain = 0.000
Phase 2.3 Constrain Clocks/Macros | Checksum: 110aec9e1

Time (s): cpu = 00:00:01 ; elapsed = 00:00:01 . Memory (MB): peak = 987.113 ; gain = 0.000
Phase 2 Placer Initialization | Checksum: 110aec9e1

Time (s): cpu = 00:00:01 ; elapsed = 00:00:01 . Memory (MB): peak = 987.113 ; gain = 0.000

Phase 3 Global Placement
Phase 3 Global Placement | Checksum: ea71cd9b

Time (s): cpu = 00:00:04 ; elapsed = 00:00:02 . Memory (MB): peak = 987.113 ; gain = 0.000

Phase 4 Detail Placement

Phase 4.1 Commit Multi Column Macros
Phase 4.1 Commit Multi Column Macros | Checksum: ea71cd9b

Time (s): cpu = 00:00:04 ; elapsed = 00:00:02 . Memory (MB): peak = 987.113 ; gain = 0.000

Phase 4.2 Commit Most Macros & LUTRAMs
Phase 4.2 Commit Most Macros & LUTRAMs | Checksum: 23a982bb0

Time (s): cpu = 00:00:04 ; elapsed = 00:00:03 . Memory (MB): peak = 987.113 ; gain = 0.000

Phase 4.3 Area Swap Optimization
Phase 4.3 Area Swap Optimization | Checksum: 25ea7b432

Time (s): cpu = 00:00:04 ; elapsed = 00:00:03 . Memory (MB): peak = 987.113 ; gain = 0.000

Phase 4.4 updateClock Trees: DP
Phase 4.4 updateClock Trees: DP | Checksum: 25ea7b432

Time (s): cpu = 00:00:04 ; elapsed = 00:00:03 . Memory (MB): peak = 987.113 ; gain = 0.000

Phase 4.5 Timing Path Optimizer
Phase 4.5 Timing Path Optimizer | Checksum: 26dc1f3db

Time (s): cpu = 00:00:04 ; elapsed = 00:00:03 . Memory (MB): peak = 987.113 ; gain = 0.000

Phase 4.6 Small Shape Detail Placement

Phase 4.6.1 Commit Small Macros & Core Logic

Phase 4.6.1.1 setBudgets
Phase 4.6.1.1 setBudgets | Checksum: 29906c6fd

Time (s): cpu = 00:00:04 ; elapsed = 00:00:03 . Memory (MB): peak = 987.113 ; gain = 0.000

Phase 4.6.1.2 Commit Slice Clusters
Phase 4.6.1.2 Commit Slice Clusters | Checksum: 1acd0d482

Time (s): cpu = 00:00:05 ; elapsed = 00:00:03 . Memory (MB): peak = 987.113 ; gain = 0.000
Phase 4.6.1 Commit Small Macros & Core Logic | Checksum: 1acd0d482

Time (s): cpu = 00:00:05 ; elapsed = 00:00:03 . Memory (MB): peak = 987.113 ; gain = 0.000

Phase 4.6.2 Clock Restriction Legalization for Leaf Columns
Phase 4.6.2 Clock Restriction Legalization for Leaf Columns | Checksum: 1acd0d482

Time (s): cpu = 00:00:05 ; elapsed = 00:00:03 . Memory (MB): peak = 987.113 ; gain = 0.000

Phase 4.6.3 Clock Restriction Legalization for Non-Clock Pins
Phase 4.6.3 Clock Restriction Legalization for Non-Clock Pins | Checksum: 1acd0d482

Time (s): cpu = 00:00:05 ; elapsed = 00:00:03 . Memory (MB): peak = 987.113 ; gain = 0.000
Phase 4.6 Small Shape Detail Placement | Checksum: 1acd0d482

Time (s): cpu = 00:00:05 ; elapsed = 00:00:03 . Memory (MB): peak = 987.113 ; gain = 0.000

Phase 4.7 Re-assign LUT pins
Phase 4.7 Re-assign LUT pins | Checksum: 1acd0d482

Time (s): cpu = 00:00:05 ; elapsed = 00:00:04 . Memory (MB): peak = 987.113 ; gain = 0.000
Phase 4 Detail Placement | Checksum: 1acd0d482

Time (s): cpu = 00:00:05 ; elapsed = 00:00:04 . Memory (MB): peak = 987.113 ; gain = 0.000

Phase 5 Post Placement Optimization and Clean-Up

Phase 5.1 PCOPT Shape updates
Phase 5.1 PCOPT Shape updates | Checksum: 149c8d626

Time (s): cpu = 00:00:05 ; elapsed = 00:00:04 . Memory (MB): peak = 987.113 ; gain = 0.000

Phase 5.2 Post Commit Optimization

Phase 5.2.1 updateClock Trees: PCOPT
Phase 5.2.1 updateClock Trees: PCOPT | Checksum: 149c8d626

Time (s): cpu = 00:00:05 ; elapsed = 00:00:04 . Memory (MB): peak = 987.113 ; gain = 0.000

Phase 5.2.2 Post Placement Optimization
WARNING: [Timing 38-242] The property HD.CLK_SRC of clock port "HCLK" is not set. In out-of-context mode, this prevents timing estimation for clock delay/skew
Resolution: Set the HD.CLK_SRC property of the out-of-context port to the location of the clock buffer instance in the top-level design

Phase 5.2.2.1 Post Placement Timing Optimization
INFO: [Place 30-746] Post Placement Timing Summary WNS=3.866. For the most accurate timing information please run report_timing.
Phase 5.2.2.1 Post Placement Timing Optimization | Checksum: 10edbe33d

Time (s): cpu = 00:00:06 ; elapsed = 00:00:04 . Memory (MB): peak = 987.113 ; gain = 0.000
Phase 5.2.2 Post Placement Optimization | Checksum: 10edbe33d

Time (s): cpu = 00:00:06 ; elapsed = 00:00:04 . Memory (MB): peak = 987.113 ; gain = 0.000
Phase 5.2 Post Commit Optimization | Checksum: 10edbe33d

Time (s): cpu = 00:00:06 ; elapsed = 00:00:04 . Memory (MB): peak = 987.113 ; gain = 0.000

Phase 5.3 Sweep Clock Roots: Post-Placement
Phase 5.3 Sweep Clock Roots: Post-Placement | Checksum: 10edbe33d

Time (s): cpu = 00:00:06 ; elapsed = 00:00:04 . Memory (MB): peak = 987.113 ; gain = 0.000

Phase 5.4 Post Placement Cleanup
Phase 5.4 Post Placement Cleanup | Checksum: 10edbe33d

Time (s): cpu = 00:00:06 ; elapsed = 00:00:04 . Memory (MB): peak = 987.113 ; gain = 0.000

Phase 5.5 Placer Reporting

Phase 5.5.1 Restore STA
Phase 5.5.1 Restore STA | Checksum: 10edbe33d

Time (s): cpu = 00:00:06 ; elapsed = 00:00:04 . Memory (MB): peak = 987.113 ; gain = 0.000
Phase 5.5 Placer Reporting | Checksum: 10edbe33d

Time (s): cpu = 00:00:06 ; elapsed = 00:00:04 . Memory (MB): peak = 987.113 ; gain = 0.000

Phase 5.6 Final Placement Cleanup
Phase 5.6 Final Placement Cleanup | Checksum: 14e7af28e

Time (s): cpu = 00:00:06 ; elapsed = 00:00:04 . Memory (MB): peak = 987.113 ; gain = 0.000
Phase 5 Post Placement Optimization and Clean-Up | Checksum: 14e7af28e

Time (s): cpu = 00:00:06 ; elapsed = 00:00:04 . Memory (MB): peak = 987.113 ; gain = 0.000
Ending Placer Task | Checksum: 1090e0732

Time (s): cpu = 00:00:06 ; elapsed = 00:00:04 . Memory (MB): peak = 987.113 ; gain = 0.000
INFO: [Common 17-83] Releasing license: Implementation
36 Infos, 3 Warnings, 0 Critical Warnings and 0 Errors encountered.
place_design completed successfully
Writing placer database...
Writing XDEF routing.
Writing XDEF routing logical nets.
Writing XDEF routing special nets.
Write XDEF Complete: Time (s): cpu = 00:00:01 ; elapsed = 00:00:00.248 . Memory (MB): peak = 987.113 ; gain = 0.000
report_io: Time (s): cpu = 00:00:00 ; elapsed = 00:00:00.019 . Memory (MB): peak = 987.113 ; gain = 0.000
report_utilization: Time (s): cpu = 00:00:00 ; elapsed = 00:00:00.052 . Memory (MB): peak = 987.113 ; gain = 0.000
report_control_sets: Time (s): cpu = 00:00:00 ; elapsed = 00:00:00.005 . Memory (MB): peak = 987.113 ; gain = 0.000
Command: route_design
Attempting to get a license for feature 'Implementation' and/or device 'xc7a100t'
INFO: [Common 17-349] Got license for feature 'Implementation' and/or device 'xc7a100t'
INFO: [Common 17-1223] The version limit for your license is '2026.02' and will expire in -26 days. A version limit expiration means that, although you may be able to continue to use the current version of tools or IP with this license, you will not be eligible for any updates or new releases.
Running DRC as a precondition to command route_design
INFO: [DRC 23-27] Running DRC with 2 threads
INFO: [Vivado_Tcl 4-198] DRC finished with 0 Errors
INFO: [Vivado_Tcl 4-199] Please refer to the DRC report (report_drc) for more information.


Starting Routing Task
INFO: [Route 35-254] Multithreading enabled for route_design using a maximum of 2 CPUs

Phase 1 Build RT Design
WARNING: [Route 35-198] Port "HREADY" does not have an associated HD.PARTPIN_LOCS, which will prevent the partial routing of the signal "HREADY". Without this partial route, timing analysis to/from this port will not be accurate, and no routing information for this port can be exported.
WARNING: [Route 35-197] Clock port "HCLK" does not have an associated HD.CLK_SRC. Without this constraint, timing analysis may not be accurate and upstream checks cannot be done to ensure correct clock placement.
WARNING: [Route 35-198] Port "HRDATA[14]" does not have an associated HD.PARTPIN_LOCS, which will prevent the partial routing of the signal "HRDATA[14]". Without this partial route, timing analysis to/from this port will not be accurate, and no routing information for this port can be exported.
WARNING: [Route 35-198] Port "HRDATA[10]" does not have an associated HD.PARTPIN_LOCS, which will prevent the partial routing of the signal "HRDATA[10]". Without this partial route, timing analysis to/from this port will not be accurate, and no routing information for this port can be exported.
WARNING: [Route 35-198] Port "HRDATA[26]" does not have an associated HD.PARTPIN_LOCS, which will prevent the partial routing of the signal "HRDATA[26]". Without this partial route, timing analysis to/from this port will not be accurate, and no routing information for this port can be exported.
WARNING: [Route 35-198] Port "HRDATA[13]" does not have an associated HD.PARTPIN_LOCS, which will prevent the partial routing of the signal "HRDATA[13]". Without this partial route, timing analysis to/from this port will not be accurate, and no routing information for this port can be exported.
WARNING: [Route 35-198] Port "HRDATA[29]" does not have an associated HD.PARTPIN_LOCS, which will prevent the partial routing of the signal "HRDATA[29]". Without this partial route, timing analysis to/from this port will not be accurate, and no routing information for this port can be exported.
WARNING: [Route 35-198] Port "HRDATA[1]" does not have an associated HD.PARTPIN_LOCS, which will prevent the partial routing of the signal "HRDATA[1]". Without this partial route, timing analysis to/from this port will not be accurate, and no routing information for this port can be exported.
WARNING: [Route 35-198] Port "HRDATA[17]" does not have an associated HD.PARTPIN_LOCS, which will prevent the partial routing of the signal "HRDATA[17]". Without this partial route, timing analysis to/from this port will not be accurate, and no routing information for this port can be exported.
WARNING: [Route 35-198] Port "HRDATA[15]" does not have an associated HD.PARTPIN_LOCS, which will prevent the partial routing of the signal "HRDATA[15]". Without this partial route, timing analysis to/from this port will not be accurate, and no routing information for this port can be exported.
WARNING: [Route 35-198] Port "HRDATA[31]" does not have an associated HD.PARTPIN_LOCS, which will prevent the partial routing of the signal "HRDATA[31]". Without this partial route, timing analysis to/from this port will not be accurate, and no routing information for this port can be exported.
WARNING: [Route 35-198] Port "HRESP" does not have an associated HD.PARTPIN_LOCS, which will prevent the partial routing of the signal "HRESP". Without this partial route, timing analysis to/from this port will not be accurate, and no routing information for this port can be exported.
WARNING: [Route 35-198] Port "HRDATA[9]" does not have an associated HD.PARTPIN_LOCS, which will prevent the partial routing of the signal "HRDATA[9]". Without this partial route, timing analysis to/from this port will not be accurate, and no routing information for this port can be exported.
WARNING: [Route 35-198] Port "HRDATA[25]" does not have an associated HD.PARTPIN_LOCS, which will prevent the partial routing of the signal "HRDATA[25]". Without this partial route, timing analysis to/from this port will not be accurate, and no routing information for this port can be exported.
WARNING: [Route 35-198] Port "HRDATA[30]" does not have an associated HD.PARTPIN_LOCS, which will prevent the partial routing of the signal "HRDATA[30]". Without this partial route, timing analysis to/from this port will not be accurate, and no routing information for this port can be exported.
WARNING: [Route 35-198] Port "HRDATA[2]" does not have an associated HD.PARTPIN_LOCS, which will prevent the partial routing of the signal "HRDATA[2]". Without this partial route, timing analysis to/from this port will not be accurate, and no routing information for this port can be exported.
WARNING: [Route 35-198] Port "HRDATA[18]" does not have an associated HD.PARTPIN_LOCS, which will prevent the partial routing of the signal "HRDATA[18]". Without this partial route, timing analysis to/from this port will not be accurate, and no routing information for this port can be exported.
WARNING: [Route 35-198] Port "HRDATA[7]" does not have an associated HD.PARTPIN_LOCS, which will prevent the partial routing of the signal "HRDATA[7]". Without this partial route, timing analysis to/from this port will not be accurate, and no routing information for this port can be exported.
WARNING: [Route 35-198] Port "HRDATA[23]" does not have an associated HD.PARTPIN_LOCS, which will prevent the partial routing of the signal "HRDATA[23]". Without this partial route, timing analysis to/from this port will not be accurate, and no routing information for this port can be exported.
WARNING: [Route 35-198] Port "HRDATA[20]" does not have an associated HD.PARTPIN_LOCS, which will prevent the partial routing of the signal "HRDATA[20]". Without this partial route, timing analysis to/from this port will not be accurate, and no routing information for this port can be exported.
WARNING: [Route 35-198] Port "HRDATA[4]" does not have an associated HD.PARTPIN_LOCS, which will prevent the partial routing of the signal "HRDATA[4]". Without this partial route, timing analysis to/from this port will not be accurate, and no routing information for this port can be exported.
WARNING: [Route 35-198] Port "HRDATA[6]" does not have an associated HD.PARTPIN_LOCS, which will prevent the partial routing of the signal "HRDATA[6]". Without this partial route, timing analysis to/from this port will not be accurate, and no routing information for this port can be exported.
WARNING: [Route 35-198] Port "HRDATA[22]" does not have an associated HD.PARTPIN_LOCS, which will prevent the partial routing of the signal "HRDATA[22]". Without this partial route, timing analysis to/from this port will not be accurate, and no routing information for this port can be exported.
WARNING: [Route 35-198] Port "HRDATA[0]" does not have an associated HD.PARTPIN_LOCS, which will prevent the partial routing of the signal "HRDATA[0]". Without this partial route, timing analysis to/from this port will not be accurate, and no routing information for this port can be exported.
WARNING: [Route 35-198] Port "HRDATA[16]" does not have an associated HD.PARTPIN_LOCS, which will prevent the partial routing of the signal "HRDATA[16]". Without this partial route, timing analysis to/from this port will not be accurate, and no routing information for this port can be exported.
WARNING: [Route 35-198] Port "HRDATA[11]" does not have an associated HD.PARTPIN_LOCS, which will prevent the partial routing of the signal "HRDATA[11]". Without this partial route, timing analysis to/from this port will not be accurate, and no routing information for this port can be exported.
WARNING: [Route 35-198] Port "HRDATA[27]" does not have an associated HD.PARTPIN_LOCS, which will prevent the partial routing of the signal "HRDATA[27]". Without this partial route, timing analysis to/from this port will not be accurate, and no routing information for this port can be exported.
WARNING: [Route 35-198] Port "HRDATA[8]" does not have an associated HD.PARTPIN_LOCS, which will prevent the partial routing of the signal "HRDATA[8]". Without this partial route, timing analysis to/from this port will not be accurate, and no routing information for this port can be exported.
WARNING: [Route 35-198] Port "HRDATA[12]" does not have an associated HD.PARTPIN_LOCS, which will prevent the partial routing of the signal "HRDATA[12]". Without this partial route, timing analysis to/from this port will not be accurate, and no routing information for this port can be exported.
WARNING: [Route 35-198] Port "HRDATA[21]" does not have an associated HD.PARTPIN_LOCS, which will prevent the partial routing of the signal "HRDATA[21]". Without this partial route, timing analysis to/from this port will not be accurate, and no routing information for this port can be exported.
WARNING: [Route 35-198] Port "HRDATA[3]" does not have an associated HD.PARTPIN_LOCS, which will prevent the partial routing of the signal "HRDATA[3]". Without this partial route, timing analysis to/from this port will not be accurate, and no routing information for this port can be exported.
WARNING: [Route 35-198] Port "HRDATA[19]" does not have an associated HD.PARTPIN_LOCS, which will prevent the partial routing of the signal "HRDATA[19]". Without this partial route, timing analysis to/from this port will not be accurate, and no routing information for this port can be exported.
WARNING: [Route 35-198] Port "HRDATA[5]" does not have an associated HD.PARTPIN_LOCS, which will prevent the partial routing of the signal "HRDATA[5]". Without this partial route, timing analysis to/from this port will not be accurate, and no routing information for this port can be exported.
WARNING: [Route 35-198] Port "HRDATA[24]" does not have an associated HD.PARTPIN_LOCS, which will prevent the partial routing of the signal "HRDATA[24]". Without this partial route, timing analysis to/from this port will not be accurate, and no routing information for this port can be exported.
WARNING: [Route 35-198] Port "HRDATA[28]" does not have an associated HD.PARTPIN_LOCS, which will prevent the partial routing of the signal "HRDATA[28]". Without this partial route, timing analysis to/from this port will not be accurate, and no routing information for this port can be exported.
WARNING: [Route 35-198] Port "HRESETn" does not have an associated HD.PARTPIN_LOCS, which will prevent the partial routing of the signal "HRESETn". Without this partial route, timing analysis to/from this port will not be accurate, and no routing information for this port can be exported.
WARNING: [Route 35-198] Port "NMI" does not have an associated HD.PARTPIN_LOCS, which will prevent the partial routing of the signal "NMI". Without this partial route, timing analysis to/from this port will not be accurate, and no routing information for this port can be exported.
WARNING: [Route 35-198] Port "RXEV" does not have an associated HD.PARTPIN_LOCS, which will prevent the partial routing of the signal "RXEV". Without this partial route, timing analysis to/from this port will not be accurate, and no routing information for this port can be exported.
WARNING: [Route 35-198] Port "IRQ[3]" does not have an associated HD.PARTPIN_LOCS, which will prevent the partial routing of the signal "IRQ[3]". Without this partial route, timing analysis to/from this port will not be accurate, and no routing information for this port can be exported.
WARNING: [Route 35-198] Port "IRQ[2]" does not have an associated HD.PARTPIN_LOCS, which will prevent the partial routing of the signal "IRQ[2]". Without this partial route, timing analysis to/from this port will not be accurate, and no routing information for this port can be exported.
WARNING: [Route 35-198] Port "IRQ[1]" does not have an associated HD.PARTPIN_LOCS, which will prevent the partial routing of the signal "IRQ[1]". Without this partial route, timing analysis to/from this port will not be accurate, and no routing information for this port can be exported.
WARNING: [Route 35-198] Port "IRQ[13]" does not have an associated HD.PARTPIN_LOCS, which will prevent the partial routing of the signal "IRQ[13]". Without this partial route, timing analysis to/from this port will not be accurate, and no routing information for this port can be exported.
WARNING: [Route 35-198] Port "IRQ[0]" does not have an associated HD.PARTPIN_LOCS, which will prevent the partial routing of the signal "IRQ[0]". Without this partial route, timing analysis to/from this port will not be accurate, and no routing information for this port can be exported.
WARNING: [Route 35-198] Port "IRQ[8]" does not have an associated HD.PARTPIN_LOCS, which will prevent the partial routing of the signal "IRQ[8]". Without this partial route, timing analysis to/from this port will not be accurate, and no routing information for this port can be exported.
WARNING: [Route 35-198] Port "IRQ[15]" does not have an associated HD.PARTPIN_LOCS, which will prevent the partial routing of the signal "IRQ[15]". Without this partial route, timing analysis to/from this port will not be accurate, and no routing information for this port can be exported.
WARNING: [Route 35-198] Port "IRQ[12]" does not have an associated HD.PARTPIN_LOCS, which will prevent the partial routing of the signal "IRQ[12]". Without this partial route, timing analysis to/from this port will not be accurate, and no routing information for this port can be exported.
WARNING: [Route 35-198] Port "IRQ[10]" does not have an associated HD.PARTPIN_LOCS, which will prevent the partial routing of the signal "IRQ[10]". Without this partial route, timing analysis to/from this port will not be accurate, and no routing information for this port can be exported.
WARNING: [Route 35-198] Port "IRQ[7]" does not have an associated HD.PARTPIN_LOCS, which will prevent the partial routing of the signal "IRQ[7]". Without this partial route, timing analysis to/from this port will not be accurate, and no routing information for this port can be exported.
WARNING: [Route 35-198] Port "IRQ[4]" does not have an associated HD.PARTPIN_LOCS, which will prevent the partial routing of the signal "IRQ[4]". Without this partial route, timing analysis to/from this port will not be accurate, and no routing information for this port can be exported.
WARNING: [Route 35-198] Port "IRQ[5]" does not have an associated HD.PARTPIN_LOCS, which will prevent the partial routing of the signal "IRQ[5]". Without this partial route, timing analysis to/from this port will not be accurate, and no routing information for this port can be exported.
WARNING: [Route 35-198] Port "IRQ[14]" does not have an associated HD.PARTPIN_LOCS, which will prevent the partial routing of the signal "IRQ[14]". Without this partial route, timing analysis to/from this port will not be accurate, and no routing information for this port can be exported.
WARNING: [Route 35-198] Port "IRQ[6]" does not have an associated HD.PARTPIN_LOCS, which will prevent the partial routing of the signal "IRQ[6]". Without this partial route, timing analysis to/from this port will not be accurate, and no routing information for this port can be exported.
WARNING: [Route 35-198] Port "IRQ[11]" does not have an associated HD.PARTPIN_LOCS, which will prevent the partial routing of the signal "IRQ[11]". Without this partial route, timing analysis to/from this port will not be accurate, and no routing information for this port can be exported.
WARNING: [Route 35-198] Port "IRQ[9]" does not have an associated HD.PARTPIN_LOCS, which will prevent the partial routing of the signal "IRQ[9]". Without this partial route, timing analysis to/from this port will not be accurate, and no routing information for this port can be exported.
Phase 1 Build RT Design | Checksum: 385a5197

Time (s): cpu = 00:00:17 ; elapsed = 00:00:15 . Memory (MB): peak = 1093.969 ; gain = 106.855

Phase 2 Router Initialization

Phase 2.1 Create Timer
Phase 2.1 Create Timer | Checksum: 385a5197

Time (s): cpu = 00:00:17 ; elapsed = 00:00:15 . Memory (MB): peak = 1095.793 ; gain = 108.680

Phase 2.2 Pre Route Cleanup
Phase 2.2 Pre Route Cleanup | Checksum: 385a5197

Time (s): cpu = 00:00:17 ; elapsed = 00:00:15 . Memory (MB): peak = 1104.023 ; gain = 116.910
 Number of Nodes with overlaps = 0

Phase 2.3 Update Timing
Phase 2.3 Update Timing | Checksum: 2043a0e8b

Time (s): cpu = 00:00:18 ; elapsed = 00:00:16 . Memory (MB): peak = 1106.785 ; gain = 119.672
INFO: [Route 35-57] Estimated Timing Summary | WNS=4.357  | TNS=0.000  | WHS=0.131  | THS=0.000  |

Phase 2 Router Initialization | Checksum: 168ca4fc6

Time (s): cpu = 00:00:18 ; elapsed = 00:00:16 . Memory (MB): peak = 1107.313 ; gain = 120.199

Phase 3 Initial Routing
Phase 3 Initial Routing | Checksum: 17c4ed73a

Time (s): cpu = 00:00:19 ; elapsed = 00:00:16 . Memory (MB): peak = 1107.313 ; gain = 120.199

Phase 4 Rip-up And Reroute

Phase 4.1 Global Iteration 0
 Number of Nodes with overlaps = 1512
 Number of Nodes with overlaps = 208
 Number of Nodes with overlaps = 40
 Number of Nodes with overlaps = 6
 Number of Nodes with overlaps = 2
 Number of Nodes with overlaps = 0

Phase 4.1.1 Update Timing
Phase 4.1.1 Update Timing | Checksum: 1f67252b0

Time (s): cpu = 00:00:22 ; elapsed = 00:00:18 . Memory (MB): peak = 1110.023 ; gain = 122.910
INFO: [Route 35-57] Estimated Timing Summary | WNS=3.892  | TNS=0.000  | WHS=N/A    | THS=N/A    |

Phase 4.1 Global Iteration 0 | Checksum: 2098f672c

Time (s): cpu = 00:00:22 ; elapsed = 00:00:18 . Memory (MB): peak = 1110.023 ; gain = 122.910
Phase 4 Rip-up And Reroute | Checksum: 2098f672c

Time (s): cpu = 00:00:22 ; elapsed = 00:00:18 . Memory (MB): peak = 1110.023 ; gain = 122.910

Phase 5 Delay and Skew Optimization

Phase 5.1 Delay CleanUp

Phase 5.1.1 Update Timing
Phase 5.1.1 Update Timing | Checksum: 2098f672c

Time (s): cpu = 00:00:22 ; elapsed = 00:00:18 . Memory (MB): peak = 1110.023 ; gain = 122.910
INFO: [Route 35-57] Estimated Timing Summary | WNS=3.892  | TNS=0.000  | WHS=N/A    | THS=N/A    |

Phase 5.1 Delay CleanUp | Checksum: 2098f672c

Time (s): cpu = 00:00:22 ; elapsed = 00:00:18 . Memory (MB): peak = 1110.023 ; gain = 122.910

Phase 5.2 Clock Skew Optimization
Phase 5.2 Clock Skew Optimization | Checksum: 2098f672c

Time (s): cpu = 00:00:22 ; elapsed = 00:00:18 . Memory (MB): peak = 1110.023 ; gain = 122.910
Phase 5 Delay and Skew Optimization | Checksum: 2098f672c

Time (s): cpu = 00:00:22 ; elapsed = 00:00:18 . Memory (MB): peak = 1110.023 ; gain = 122.910

Phase 6 Post Hold Fix

Phase 6.1 Update Timing
Phase 6.1 Update Timing | Checksum: 230704eb9

Time (s): cpu = 00:00:22 ; elapsed = 00:00:18 . Memory (MB): peak = 1110.023 ; gain = 122.910
INFO: [Route 35-57] Estimated Timing Summary | WNS=3.892  | TNS=0.000  | WHS=0.142  | THS=0.000  |

Phase 6 Post Hold Fix | Checksum: 230704eb9

Time (s): cpu = 00:00:22 ; elapsed = 00:00:18 . Memory (MB): peak = 1110.023 ; gain = 122.910

Phase 7 Route finalize

Router Utilization Summary
  Global Vertical Routing Utilization    = 1.04583 %
  Global Horizontal Routing Utilization  = 1.2478 %
  Routable Net Status*
  *Does not include unroutable nets such as driverless and loadless.
  Run report_route_status for detailed report.
  Number of Failed Nets               = 0
  Number of Unrouted Nets             = 0
  Number of Partially Routed Nets     = 0
  Number of Node Overlaps             = 0

Phase 7 Route finalize | Checksum: 2770792e1

Time (s): cpu = 00:00:22 ; elapsed = 00:00:18 . Memory (MB): peak = 1110.023 ; gain = 122.910

Phase 8 Verifying routed nets

 Verification completed successfully
Phase 8 Verifying routed nets | Checksum: 2770792e1

Time (s): cpu = 00:00:22 ; elapsed = 00:00:18 . Memory (MB): peak = 1111.816 ; gain = 124.703

Phase 9 Depositing Routes
Phase 9 Depositing Routes | Checksum: 234ce3807

Time (s): cpu = 00:00:22 ; elapsed = 00:00:18 . Memory (MB): peak = 1111.816 ; gain = 124.703

Phase 10 Post Router Timing
INFO: [Route 35-57] Estimated Timing Summary | WNS=3.892  | TNS=0.000  | WHS=0.142  | THS=0.000  |

INFO: [Route 35-327] The final timing numbers are based on the router estimated timing analysis. For a complete and accurate timing signoff, please run report_timing_summary.
Phase 10 Post Router Timing | Checksum: 234ce3807

Time (s): cpu = 00:00:22 ; elapsed = 00:00:18 . Memory (MB): peak = 1111.816 ; gain = 124.703
INFO: [Route 35-16] Router Completed Successfully

Time (s): cpu = 00:00:22 ; elapsed = 00:00:18 . Memory (MB): peak = 1111.816 ; gain = 124.703

Routing Is Done.
INFO: [Common 17-83] Releasing license: Implementation
50 Infos, 57 Warnings, 0 Critical Warnings and 0 Errors encountered.
route_design completed successfully
route_design: Time (s): cpu = 00:00:23 ; elapsed = 00:00:19 . Memory (MB): peak = 1111.816 ; gain = 124.703
Writing placer database...
Writing XDEF routing.
Writing XDEF routing logical nets.
Writing XDEF routing special nets.
Write XDEF Complete: Time (s): cpu = 00:00:01 ; elapsed = 00:00:00.231 . Memory (MB): peak = 1111.816 ; gain = 0.000
INFO: [DRC 23-27] Running DRC with 2 threads
INFO: [Coretcl 2-168] The results of DRC are in file C:/Users/lab/Documents/EmbeddedSystems/Wednesday/AidanThomasTinu/SoC/DES_SoC/Hardware/DemoSystem.runs/CORTEXM0DS_impl_1/CORTEXM0DS_drc_routed.rpt.
INFO: [Timing 38-91] UpdateTimingParams: Speed grade: -1, Delay Type: min_max.
INFO: [Timing 38-191] Multithreading enabled for timing update using a maximum of 2 CPUs
WARNING: [Timing 38-242] The property HD.CLK_SRC of clock port "HCLK" is not set. In out-of-context mode, this prevents timing estimation for clock delay/skew
Resolution: Set the HD.CLK_SRC property of the out-of-context port to the location of the clock buffer instance in the top-level design
Running Vector-less Activity Propagation...

Finished Running Vector-less Activity Propagation
INFO: [Common 17-206] Exiting Vivado at Thu Mar 26 14:57:12 2026...
