
*** Running vivado
    with args -log AHBliteTop.vds -m64 -mode batch -messageDb vivado.pb -notrace -source AHBliteTop.tcl

WARNING: Default location for XILINX_VIVADO_HLS not found: 

****** Vivado v2015.2 (64-bit)
  **** SW Build 1266856 on Fri Jun 26 16:35:25 MDT 2015
  **** IP Build 1264090 on Wed Jun 24 14:22:01 MDT 2015
    ** Copyright 1986-2015 Xilinx, Inc. All Rights Reserved.

source AHBliteTop.tcl -notrace
Command: synth_design -top AHBliteTop -part xc7a100tcsg324-1
Starting synth_design
Attempting to get a license for feature 'Synthesis' and/or device 'xc7a100t'
INFO: [Common 17-349] Got license for feature 'Synthesis' and/or device 'xc7a100t'
INFO: [Common 17-1223] The version limit for your license is '2026.02' and will expire in -26 days. A version limit expiration means that, although you may be able to continue to use the current version of tools or IP with this license, you will not be eligible for any updates or new releases.
---------------------------------------------------------------------------------
Starting RTL Elaboration : Time (s): cpu = 00:00:02 ; elapsed = 00:00:03 . Memory (MB): peak = 250.461 ; gain = 65.973
---------------------------------------------------------------------------------
INFO: [Synth 8-638] synthesizing module 'AHBliteTop' [C:/Users/lab/Documents/EmbeddedSystems/Wednesday/AidanThomasTinu/SoC/DES_SoC/Hardware/Design/AHBliteTop.v:17]
	Parameter BAD_DATA bound to: -559038737 - type: integer 
	Parameter OKAY bound to: 1'b0 
	Parameter ERROR bound to: 1'b1 
INFO: [Synth 8-638] synthesizing module 'clock_gen' [C:/Users/lab/Documents/EmbeddedSystems/Wednesday/AidanThomasTinu/SoC/DES_SoC/Hardware/Design/clock_gen.v:62]
INFO: [Synth 8-638] synthesizing module 'IBUF' [C:/Xilinx/Vivado/2015.2/scripts/rt/data/unisim_comp.v:10256]
	Parameter CAPACITANCE bound to: DONT_CARE - type: string 
	Parameter IBUF_DELAY_VALUE bound to: 0 - type: string 
	Parameter IBUF_LOW_PWR bound to: TRUE - type: string 
	Parameter IFD_DELAY_VALUE bound to: AUTO - type: string 
	Parameter IOSTANDARD bound to: DEFAULT - type: string 
INFO: [Synth 8-256] done synthesizing module 'IBUF' (1#1) [C:/Xilinx/Vivado/2015.2/scripts/rt/data/unisim_comp.v:10256]
INFO: [Synth 8-638] synthesizing module 'PLLE2_ADV' [C:/Xilinx/Vivado/2015.2/scripts/rt/data/unisim_comp.v:26066]
	Parameter BANDWIDTH bound to: OPTIMIZED - type: string 
	Parameter CLKFBOUT_MULT bound to: 8 - type: integer 
	Parameter CLKFBOUT_PHASE bound to: 0.000000 - type: float 
	Parameter CLKIN1_PERIOD bound to: 10.000000 - type: float 
	Parameter CLKIN2_PERIOD bound to: 0.000000 - type: float 
	Parameter CLKOUT0_DIVIDE bound to: 16 - type: integer 
	Parameter CLKOUT0_DUTY_CYCLE bound to: 0.500000 - type: float 
	Parameter CLKOUT0_PHASE bound to: 0.000000 - type: float 
	Parameter CLKOUT1_DIVIDE bound to: 1 - type: integer 
	Parameter CLKOUT1_DUTY_CYCLE bound to: 0.500000 - type: float 
	Parameter CLKOUT1_PHASE bound to: 0.000000 - type: float 
	Parameter CLKOUT2_DIVIDE bound to: 1 - type: integer 
	Parameter CLKOUT2_DUTY_CYCLE bound to: 0.500000 - type: float 
	Parameter CLKOUT2_PHASE bound to: 0.000000 - type: float 
	Parameter CLKOUT3_DIVIDE bound to: 1 - type: integer 
	Parameter CLKOUT3_DUTY_CYCLE bound to: 0.500000 - type: float 
	Parameter CLKOUT3_PHASE bound to: 0.000000 - type: float 
	Parameter CLKOUT4_DIVIDE bound to: 1 - type: integer 
	Parameter CLKOUT4_DUTY_CYCLE bound to: 0.500000 - type: float 
	Parameter CLKOUT4_PHASE bound to: 0.000000 - type: float 
	Parameter CLKOUT5_DIVIDE bound to: 1 - type: integer 
	Parameter CLKOUT5_DUTY_CYCLE bound to: 0.500000 - type: float 
	Parameter CLKOUT5_PHASE bound to: 0.000000 - type: float 
	Parameter COMPENSATION bound to: ZHOLD - type: string 
	Parameter DIVCLK_DIVIDE bound to: 1 - type: integer 
	Parameter IS_CLKINSEL_INVERTED bound to: 1'b0 
	Parameter IS_PWRDWN_INVERTED bound to: 1'b0 
	Parameter IS_RST_INVERTED bound to: 1'b0 
	Parameter REF_JITTER1 bound to: 0.010000 - type: float 
	Parameter REF_JITTER2 bound to: 0.010000 - type: float 
	Parameter STARTUP_WAIT bound to: FALSE - type: string 
INFO: [Synth 8-256] done synthesizing module 'PLLE2_ADV' (2#1) [C:/Xilinx/Vivado/2015.2/scripts/rt/data/unisim_comp.v:26066]
INFO: [Synth 8-638] synthesizing module 'BUFG' [C:/Xilinx/Vivado/2015.2/scripts/rt/data/unisim_comp.v:607]
INFO: [Synth 8-256] done synthesizing module 'BUFG' (3#1) [C:/Xilinx/Vivado/2015.2/scripts/rt/data/unisim_comp.v:607]
INFO: [Synth 8-256] done synthesizing module 'clock_gen' (4#1) [C:/Users/lab/Documents/EmbeddedSystems/Wednesday/AidanThomasTinu/SoC/DES_SoC/Hardware/Design/clock_gen.v:62]
INFO: [Synth 8-638] synthesizing module 'reset_gen' [C:/Users/lab/Documents/EmbeddedSystems/Wednesday/AidanThomasTinu/SoC/DES_SoC/Hardware/Design/reset_gen.v:20]
INFO: [Synth 8-256] done synthesizing module 'reset_gen' (5#1) [C:/Users/lab/Documents/EmbeddedSystems/Wednesday/AidanThomasTinu/SoC/DES_SoC/Hardware/Design/reset_gen.v:20]
INFO: [Synth 8-638] synthesizing module 'status_ind' [C:/Users/lab/Documents/EmbeddedSystems/Wednesday/AidanThomasTinu/SoC/DES_SoC/Hardware/Design/status_ind.v:20]
	Parameter BRIGHTNESS bound to: 3'b100 
INFO: [Synth 8-256] done synthesizing module 'status_ind' (6#1) [C:/Users/lab/Documents/EmbeddedSystems/Wednesday/AidanThomasTinu/SoC/DES_SoC/Hardware/Design/status_ind.v:20]
INFO: [Synth 8-638] synthesizing module 'CORTEXM0DS' [C:/Users/lab/Documents/EmbeddedSystems/Wednesday/AidanThomasTinu/SoC/DES_SoC/Hardware/DemoSystem.runs/synth_1/.Xil/Vivado-9476-Eleclab59/realtime/CORTEXM0DS_stub.v:6]
INFO: [Synth 8-256] done synthesizing module 'CORTEXM0DS' (7#1) [C:/Users/lab/Documents/EmbeddedSystems/Wednesday/AidanThomasTinu/SoC/DES_SoC/Hardware/DemoSystem.runs/synth_1/.Xil/Vivado-9476-Eleclab59/realtime/CORTEXM0DS_stub.v:6]
INFO: [Synth 8-638] synthesizing module 'AHBDCD' [C:/Users/lab/Documents/EmbeddedSystems/Wednesday/AidanThomasTinu/SoC/DES_SoC/Hardware/Design/AHBDCD.v:39]
INFO: [Synth 8-256] done synthesizing module 'AHBDCD' (8#1) [C:/Users/lab/Documents/EmbeddedSystems/Wednesday/AidanThomasTinu/SoC/DES_SoC/Hardware/Design/AHBDCD.v:39]
INFO: [Synth 8-638] synthesizing module 'AHBMUX' [C:/Users/lab/Documents/EmbeddedSystems/Wednesday/AidanThomasTinu/SoC/DES_SoC/Hardware/Design/AHBMUX.v:39]
INFO: [Synth 8-256] done synthesizing module 'AHBMUX' (9#1) [C:/Users/lab/Documents/EmbeddedSystems/Wednesday/AidanThomasTinu/SoC/DES_SoC/Hardware/Design/AHBMUX.v:39]
INFO: [Synth 8-638] synthesizing module 'AHBrom' [C:/Users/lab/Documents/EmbeddedSystems/Wednesday/AidanThomasTinu/SoC/DES_SoC/Hardware/Design/AHBrom.v:17]
	Parameter ADDR_WIDTH bound to: 15 - type: integer 
INFO: [Synth 8-638] synthesizing module 'uart_RXonly' [C:/Users/lab/Documents/EmbeddedSystems/Wednesday/AidanThomasTinu/SoC/DES_SoC/Hardware/Design/uart_RXonly.v:19]
	Parameter INCR bound to: 20'b00000000110010010101 
	Parameter INIT bound to: 2'b00 
	Parameter IDLE bound to: 2'b01 
	Parameter RECV bound to: 2'b10 
	Parameter FINI bound to: 2'b11 
INFO: [Synth 8-256] done synthesizing module 'uart_RXonly' (10#1) [C:/Users/lab/Documents/EmbeddedSystems/Wednesday/AidanThomasTinu/SoC/DES_SoC/Hardware/Design/uart_RXonly.v:19]
INFO: [Synth 8-638] synthesizing module 'ram_loader' [C:/Users/lab/Documents/EmbeddedSystems/Wednesday/AidanThomasTinu/SoC/DES_SoC/Hardware/Design/ram_loader.v:19]
	Parameter ADDR_WIDTH bound to: 15 - type: integer 
	Parameter INIT bound to: 2'b00 
	Parameter IDLE bound to: 2'b01 
	Parameter ACTIVE bound to: 2'b10 
	Parameter ERROR bound to: 2'b11 
	Parameter ENDL bound to: 2'b00 
	Parameter HEX bound to: 2'b01 
	Parameter QUIT bound to: 2'b10 
	Parameter OTHER bound to: 2'b11 
INFO: [Synth 8-226] default block is never used [C:/Users/lab/Documents/EmbeddedSystems/Wednesday/AidanThomasTinu/SoC/DES_SoC/Hardware/Design/ram_loader.v:76]
INFO: [Synth 8-256] done synthesizing module 'ram_loader' (11#1) [C:/Users/lab/Documents/EmbeddedSystems/Wednesday/AidanThomasTinu/SoC/DES_SoC/Hardware/Design/ram_loader.v:19]
INFO: [Synth 8-638] synthesizing module 'blk_mem_8Kword' [C:/Users/lab/Documents/EmbeddedSystems/Wednesday/AidanThomasTinu/SoC/DES_SoC/Hardware/DemoSystem.runs/synth_1/.Xil/Vivado-9476-Eleclab59/realtime/blk_mem_8Kword_stub.v:7]
INFO: [Synth 8-256] done synthesizing module 'blk_mem_8Kword' (12#1) [C:/Users/lab/Documents/EmbeddedSystems/Wednesday/AidanThomasTinu/SoC/DES_SoC/Hardware/DemoSystem.runs/synth_1/.Xil/Vivado-9476-Eleclab59/realtime/blk_mem_8Kword_stub.v:7]
INFO: [Synth 8-256] done synthesizing module 'AHBrom' (13#1) [C:/Users/lab/Documents/EmbeddedSystems/Wednesday/AidanThomasTinu/SoC/DES_SoC/Hardware/Design/AHBrom.v:17]
INFO: [Synth 8-638] synthesizing module 'AHBram' [C:/Users/lab/Documents/EmbeddedSystems/Wednesday/AidanThomasTinu/SoC/DES_SoC/Hardware/Design/AHBram.v:17]
	Parameter ADDR_WIDTH bound to: 14 - type: integer 
INFO: [Synth 8-638] synthesizing module 'blk_mem_4Kword' [C:/Users/lab/Documents/EmbeddedSystems/Wednesday/AidanThomasTinu/SoC/DES_SoC/Hardware/DemoSystem.runs/synth_1/.Xil/Vivado-9476-Eleclab59/realtime/blk_mem_4Kword_stub.v:7]
INFO: [Synth 8-256] done synthesizing module 'blk_mem_4Kword' (14#1) [C:/Users/lab/Documents/EmbeddedSystems/Wednesday/AidanThomasTinu/SoC/DES_SoC/Hardware/DemoSystem.runs/synth_1/.Xil/Vivado-9476-Eleclab59/realtime/blk_mem_4Kword_stub.v:7]
INFO: [Synth 8-256] done synthesizing module 'AHBram' (15#1) [C:/Users/lab/Documents/EmbeddedSystems/Wednesday/AidanThomasTinu/SoC/DES_SoC/Hardware/Design/AHBram.v:17]
INFO: [Synth 8-638] synthesizing module 'AHBgpio' [C:/Users/lab/Documents/EmbeddedSystems/Wednesday/AidanThomasTinu/SoC/DES_SoC/Hardware/Design/AHBgpio.v:20]
INFO: [Synth 8-256] done synthesizing module 'AHBgpio' (16#1) [C:/Users/lab/Documents/EmbeddedSystems/Wednesday/AidanThomasTinu/SoC/DES_SoC/Hardware/Design/AHBgpio.v:20]
INFO: [Synth 8-638] synthesizing module 'AHBuart' [C:/Users/lab/Documents/EmbeddedSystems/Wednesday/AidanThomasTinu/SoC/DES_SoC/Hardware/Design/AHBuart.v:28]
INFO: [Synth 8-638] synthesizing module 'FIFO' [C:/Users/lab/Documents/EmbeddedSystems/Wednesday/AidanThomasTinu/SoC/DES_SoC/Hardware/Design/fifo.v:43]
	Parameter DWIDTH bound to: 8 - type: integer 
	Parameter AWIDTH bound to: 4 - type: integer 
INFO: [Synth 8-256] done synthesizing module 'FIFO' (17#1) [C:/Users/lab/Documents/EmbeddedSystems/Wednesday/AidanThomasTinu/SoC/DES_SoC/Hardware/Design/fifo.v:43]
INFO: [Synth 8-638] synthesizing module 'uart' [C:/Users/lab/Documents/EmbeddedSystems/Wednesday/AidanThomasTinu/SoC/DES_SoC/Hardware/Design/uart.v:18]
	Parameter INCR bound to: 20'b00000000110010010101 
	Parameter INIT bound to: 2'b00 
	Parameter IDLE bound to: 2'b01 
	Parameter RECV bound to: 2'b10 
	Parameter FINI bound to: 2'b11 
INFO: [Synth 8-256] done synthesizing module 'uart' (18#1) [C:/Users/lab/Documents/EmbeddedSystems/Wednesday/AidanThomasTinu/SoC/DES_SoC/Hardware/Design/uart.v:18]
INFO: [Synth 8-256] done synthesizing module 'AHBuart' (19#1) [C:/Users/lab/Documents/EmbeddedSystems/Wednesday/AidanThomasTinu/SoC/DES_SoC/Hardware/Design/AHBuart.v:28]
INFO: [Synth 8-638] synthesizing module 'AHBdummy' [C:/Users/lab/Documents/EmbeddedSystems/Wednesday/AidanThomasTinu/SoC/DES_SoC/Hardware/Design/AHBdummy.v:16]
	Parameter OKAY bound to: 1'b0 
	Parameter ERROR bound to: 1'b1 
INFO: [Synth 8-256] done synthesizing module 'AHBdummy' (20#1) [C:/Users/lab/Documents/EmbeddedSystems/Wednesday/AidanThomasTinu/SoC/DES_SoC/Hardware/Design/AHBdummy.v:16]
INFO: [Synth 8-256] done synthesizing module 'AHBliteTop' (21#1) [C:/Users/lab/Documents/EmbeddedSystems/Wednesday/AidanThomasTinu/SoC/DES_SoC/Hardware/Design/AHBliteTop.v:17]
WARNING: [Synth 8-3917] design AHBliteTop has port JA[3] driven by constant 1
WARNING: [Synth 8-3917] design AHBliteTop has port JA[1] driven by constant 0
WARNING: [Synth 8-3917] design AHBliteTop has port JA[0] driven by constant 0
WARNING: [Synth 8-3917] design AHBliteTop has port aclMOSI driven by constant 0
WARNING: [Synth 8-3917] design AHBliteTop has port aclSCK driven by constant 0
WARNING: [Synth 8-3917] design AHBliteTop has port aclSSn driven by constant 1
---------------------------------------------------------------------------------
Finished RTL Elaboration : Time (s): cpu = 00:00:02 ; elapsed = 00:00:03 . Memory (MB): peak = 284.625 ; gain = 100.137
---------------------------------------------------------------------------------

Report Check Netlist: 
+------+------------------+-------+---------+-------+------------------+
|      |Item              |Errors |Warnings |Status |Description       |
+------+------------------+-------+---------+-------+------------------+
|1     |multi_driven_nets |      0|        0|Passed |Multi driven nets |
+------+------------------+-------+---------+-------+------------------+
---------------------------------------------------------------------------------
Finished RTL Optimization Phase 1 : Time (s): cpu = 00:00:03 ; elapsed = 00:00:03 . Memory (MB): peak = 284.625 ; gain = 100.137
---------------------------------------------------------------------------------
INFO: [Netlist 29-17] Analyzing 2 Unisim elements for replacement
INFO: [Netlist 29-28] Unisim Transformation completed in 0 CPU seconds
INFO: [Device 21-403] Loading part xc7a100tcsg324-1
INFO: [Project 1-570] Preparing netlist for logic optimization

Processing XDC Constraints
Initializing timing engine
Parsing XDC File [C:/Users/lab/Documents/EmbeddedSystems/Wednesday/AidanThomasTinu/SoC/DES_SoC/Hardware/Constraint/Nexys4_SoC.xdc]
Finished Parsing XDC File [C:/Users/lab/Documents/EmbeddedSystems/Wednesday/AidanThomasTinu/SoC/DES_SoC/Hardware/Constraint/Nexys4_SoC.xdc]
Completed Processing XDC Constraints

INFO: [Project 1-111] Unisim Transformation Summary:
No Unisim elements were transformed.

INFO: [Timing 38-2] Deriving generated clocks
Constraint Validation Runtime : Time (s): cpu = 00:00:01 ; elapsed = 00:00:00.016 . Memory (MB): peak = 596.824 ; gain = 0.000
---------------------------------------------------------------------------------
Finished Constraint Validation : Time (s): cpu = 00:00:05 ; elapsed = 00:00:06 . Memory (MB): peak = 596.824 ; gain = 412.336
---------------------------------------------------------------------------------
---------------------------------------------------------------------------------
Start Loading Part and Timing Information
---------------------------------------------------------------------------------
Loading part: xc7a100tcsg324-1
---------------------------------------------------------------------------------
Finished Loading Part and Timing Information : Time (s): cpu = 00:00:05 ; elapsed = 00:00:06 . Memory (MB): peak = 596.824 ; gain = 412.336
---------------------------------------------------------------------------------
---------------------------------------------------------------------------------
Start Applying 'set_property' XDC Constraints
---------------------------------------------------------------------------------
---------------------------------------------------------------------------------
Finished applying 'set_property' XDC Constraints : Time (s): cpu = 00:00:06 ; elapsed = 00:00:07 . Memory (MB): peak = 596.824 ; gain = 412.336
---------------------------------------------------------------------------------
INFO: [Synth 8-5546] ROM "HSEL_S0" won't be mapped to RAM because it is too sparse
INFO: [Synth 8-5546] ROM "HSEL_S1" won't be mapped to RAM because it is too sparse
INFO: [Synth 8-5546] ROM "HSEL_S2" won't be mapped to RAM because it is too sparse
INFO: [Synth 8-5546] ROM "HSEL_S3" won't be mapped to RAM because it is too sparse
INFO: [Synth 8-5546] ROM "HSEL_NOMAP" won't be mapped to RAM because it is too sparse
INFO: [Synth 8-5546] ROM "MUX_SEL" won't be mapped to RAM because it is too sparse
INFO: [Synth 8-5544] ROM "nibbleReg_reg[0]" won't be mapped to Block RAM because address size (4) smaller than threshold (5)
INFO: [Synth 8-5544] ROM "nibbleReg_reg[1]" won't be mapped to Block RAM because address size (4) smaller than threshold (5)
INFO: [Synth 8-5544] ROM "nibbleReg_reg[2]" won't be mapped to Block RAM because address size (4) smaller than threshold (5)
INFO: [Synth 8-5544] ROM "nibbleReg_reg[3]" won't be mapped to Block RAM because address size (4) smaller than threshold (5)
INFO: [Synth 8-5544] ROM "nibbleReg_reg[4]" won't be mapped to Block RAM because address size (4) smaller than threshold (5)
INFO: [Synth 8-5544] ROM "nibbleReg_reg[5]" won't be mapped to Block RAM because address size (4) smaller than threshold (5)
INFO: [Synth 8-5544] ROM "nibbleReg_reg[6]" won't be mapped to Block RAM because address size (4) smaller than threshold (5)
INFO: [Synth 8-5544] ROM "nibbleReg_reg[7]" won't be mapped to Block RAM because address size (4) smaller than threshold (5)
INFO: [Synth 8-5544] ROM "nextType" won't be mapped to Block RAM because address size (4) smaller than threshold (5)
ROM size is below threshold of ROM address width. It will be mapped to LUTs
INFO: [Synth 8-5544] ROM "byteWrite" won't be mapped to Block RAM because address size (4) smaller than threshold (5)
INFO: [Synth 8-5544] ROM "array_reg_reg[15]" won't be mapped to Block RAM because address size (4) smaller than threshold (5)
INFO: [Synth 8-5544] ROM "array_reg_reg[14]" won't be mapped to Block RAM because address size (4) smaller than threshold (5)
INFO: [Synth 8-5544] ROM "array_reg_reg[13]" won't be mapped to Block RAM because address size (4) smaller than threshold (5)
INFO: [Synth 8-5544] ROM "array_reg_reg[12]" won't be mapped to Block RAM because address size (4) smaller than threshold (5)
INFO: [Synth 8-5544] ROM "array_reg_reg[11]" won't be mapped to Block RAM because address size (4) smaller than threshold (5)
INFO: [Synth 8-5544] ROM "array_reg_reg[10]" won't be mapped to Block RAM because address size (4) smaller than threshold (5)
INFO: [Synth 8-5544] ROM "array_reg_reg[9]" won't be mapped to Block RAM because address size (4) smaller than threshold (5)
INFO: [Synth 8-5544] ROM "array_reg_reg[8]" won't be mapped to Block RAM because address size (4) smaller than threshold (5)
INFO: [Synth 8-5544] ROM "array_reg_reg[7]" won't be mapped to Block RAM because address size (4) smaller than threshold (5)
INFO: [Synth 8-5544] ROM "array_reg_reg[6]" won't be mapped to Block RAM because address size (4) smaller than threshold (5)
INFO: [Synth 8-5544] ROM "array_reg_reg[5]" won't be mapped to Block RAM because address size (4) smaller than threshold (5)
INFO: [Synth 8-5544] ROM "array_reg_reg[4]" won't be mapped to Block RAM because address size (4) smaller than threshold (5)
INFO: [Synth 8-5544] ROM "array_reg_reg[3]" won't be mapped to Block RAM because address size (4) smaller than threshold (5)
INFO: [Synth 8-5544] ROM "array_reg_reg[2]" won't be mapped to Block RAM because address size (4) smaller than threshold (5)
INFO: [Synth 8-5544] ROM "array_reg_reg[1]" won't be mapped to Block RAM because address size (4) smaller than threshold (5)
INFO: [Synth 8-5544] ROM "array_reg_reg[0]" won't be mapped to Block RAM because address size (4) smaller than threshold (5)
---------------------------------------------------------------------------------
Finished RTL Optimization Phase 2 : Time (s): cpu = 00:00:06 ; elapsed = 00:00:07 . Memory (MB): peak = 596.824 ; gain = 412.336
---------------------------------------------------------------------------------

Report RTL Partitions: 
+-+--------------+------------+----------+
| |RTL Partition |Replication |Instances |
+-+--------------+------------+----------+
+-+--------------+------------+----------+
---------------------------------------------------------------------------------
Start RTL Component Statistics 
---------------------------------------------------------------------------------
Detailed RTL Component Info : 
+---Adders : 
	   2 Input     21 Bit       Adders := 2     
	   2 Input      7 Bit       Adders := 2     
	   2 Input      4 Bit       Adders := 11    
	   2 Input      3 Bit       Adders := 1     
+---Registers : 
	               32 Bit    Registers := 1     
	               21 Bit    Registers := 2     
	               16 Bit    Registers := 4     
	               14 Bit    Registers := 1     
	                9 Bit    Registers := 2     
	                8 Bit    Registers := 39    
	                7 Bit    Registers := 2     
	                5 Bit    Registers := 1     
	                4 Bit    Registers := 19    
	                3 Bit    Registers := 2     
	                2 Bit    Registers := 8     
	                1 Bit    Registers := 12    
+---Muxes : 
	   4 Input     16 Bit        Muxes := 1     
	   2 Input     16 Bit        Muxes := 1     
	   2 Input      8 Bit        Muxes := 4     
	   4 Input      8 Bit        Muxes := 1     
	   5 Input      4 Bit        Muxes := 2     
	   2 Input      4 Bit        Muxes := 6     
	   8 Input      4 Bit        Muxes := 1     
	   5 Input      3 Bit        Muxes := 1     
	   2 Input      3 Bit        Muxes := 1     
	   6 Input      2 Bit        Muxes := 3     
	   2 Input      2 Bit        Muxes := 5     
	   5 Input      2 Bit        Muxes := 2     
	   2 Input      1 Bit        Muxes := 49    
	   4 Input      1 Bit        Muxes := 20    
---------------------------------------------------------------------------------
Finished RTL Component Statistics 
---------------------------------------------------------------------------------
---------------------------------------------------------------------------------
Start RTL Hierarchical Component Statistics 
---------------------------------------------------------------------------------
Hierarchical RTL Component report 
Module AHBliteTop 
Detailed RTL Component Info : 
+---Muxes : 
	   2 Input     16 Bit        Muxes := 1     
Module reset_gen 
Detailed RTL Component Info : 
+---Registers : 
	                5 Bit    Registers := 1     
Module AHBDCD 
Detailed RTL Component Info : 
+---Muxes : 
	   5 Input      4 Bit        Muxes := 1     
	   2 Input      4 Bit        Muxes := 1     
	   5 Input      3 Bit        Muxes := 1     
	   2 Input      1 Bit        Muxes := 5     
Module AHBMUX 
Detailed RTL Component Info : 
+---Registers : 
	                4 Bit    Registers := 1     
Module uart_RXonly 
Detailed RTL Component Info : 
+---Adders : 
	   2 Input     21 Bit       Adders := 1     
	   2 Input      7 Bit       Adders := 1     
+---Registers : 
	               21 Bit    Registers := 1     
	                9 Bit    Registers := 1     
	                8 Bit    Registers := 1     
	                7 Bit    Registers := 1     
	                2 Bit    Registers := 2     
+---Muxes : 
	   6 Input      2 Bit        Muxes := 1     
	   2 Input      1 Bit        Muxes := 1     
Module ram_loader 
Detailed RTL Component Info : 
+---Adders : 
	   2 Input      4 Bit       Adders := 2     
+---Registers : 
	                4 Bit    Registers := 10    
	                2 Bit    Registers := 2     
	                1 Bit    Registers := 1     
+---Muxes : 
	   2 Input      4 Bit        Muxes := 1     
	   5 Input      4 Bit        Muxes := 1     
	   2 Input      2 Bit        Muxes := 5     
	   5 Input      2 Bit        Muxes := 1     
	   6 Input      2 Bit        Muxes := 1     
	   4 Input      1 Bit        Muxes := 8     
	   2 Input      1 Bit        Muxes := 9     
Module AHBram 
Detailed RTL Component Info : 
+---Registers : 
	               32 Bit    Registers := 1     
	               14 Bit    Registers := 1     
	                4 Bit    Registers := 1     
	                3 Bit    Registers := 1     
	                1 Bit    Registers := 2     
+---Muxes : 
	   2 Input      8 Bit        Muxes := 4     
	   2 Input      4 Bit        Muxes := 3     
	   8 Input      4 Bit        Muxes := 1     
	   2 Input      1 Bit        Muxes := 1     
Module AHBgpio 
Detailed RTL Component Info : 
+---Registers : 
	               16 Bit    Registers := 4     
	                8 Bit    Registers := 4     
	                4 Bit    Registers := 1     
	                2 Bit    Registers := 1     
	                1 Bit    Registers := 1     
+---Muxes : 
	   4 Input     16 Bit        Muxes := 1     
	   5 Input      2 Bit        Muxes := 1     
Module FIFO 
Detailed RTL Component Info : 
+---Adders : 
	   2 Input      4 Bit       Adders := 4     
+---Registers : 
	                8 Bit    Registers := 16    
	                4 Bit    Registers := 2     
	                1 Bit    Registers := 2     
+---Muxes : 
	   4 Input      1 Bit        Muxes := 6     
	   2 Input      1 Bit        Muxes := 16    
Module uart 
Detailed RTL Component Info : 
+---Adders : 
	   2 Input     21 Bit       Adders := 1     
	   2 Input      7 Bit       Adders := 1     
	   2 Input      4 Bit       Adders := 1     
	   2 Input      3 Bit       Adders := 1     
+---Registers : 
	               21 Bit    Registers := 1     
	                9 Bit    Registers := 1     
	                8 Bit    Registers := 2     
	                7 Bit    Registers := 1     
	                4 Bit    Registers := 1     
	                3 Bit    Registers := 1     
	                2 Bit    Registers := 2     
+---Muxes : 
	   2 Input      4 Bit        Muxes := 1     
	   2 Input      3 Bit        Muxes := 1     
	   6 Input      2 Bit        Muxes := 1     
	   2 Input      1 Bit        Muxes := 1     
Module AHBuart 
Detailed RTL Component Info : 
+---Registers : 
	                4 Bit    Registers := 1     
	                2 Bit    Registers := 1     
	                1 Bit    Registers := 2     
+---Muxes : 
	   4 Input      8 Bit        Muxes := 1     
Module AHBdummy 
Detailed RTL Component Info : 
+---Registers : 
	                1 Bit    Registers := 2     
---------------------------------------------------------------------------------
Finished RTL Hierarchical Component Statistics
---------------------------------------------------------------------------------
---------------------------------------------------------------------------------
Start Part Resource Summary
---------------------------------------------------------------------------------
Part Resources:
DSPs: 240 (col length:80)
BRAMs: 270 (col length: RAMB18 80 RAMB36 40)
---------------------------------------------------------------------------------
Finished Part Resource Summary
---------------------------------------------------------------------------------
Start Parallel Synthesis Optimization  : Time (s): cpu = 00:00:06 ; elapsed = 00:00:07 . Memory (MB): peak = 596.824 ; gain = 412.336
---------------------------------------------------------------------------------
Start Cross Boundary Optimization
---------------------------------------------------------------------------------
INFO: [Synth 8-5546] ROM "decode/HSEL_S0" won't be mapped to RAM because it is too sparse
INFO: [Synth 8-5546] ROM "decode/HSEL_S1" won't be mapped to RAM because it is too sparse
INFO: [Synth 8-5546] ROM "decode/HSEL_S2" won't be mapped to RAM because it is too sparse
INFO: [Synth 8-5546] ROM "decode/HSEL_S3" won't be mapped to RAM because it is too sparse
INFO: [Synth 8-5546] ROM "decode/HSEL_NOMAP" won't be mapped to RAM because it is too sparse
INFO: [Synth 8-5546] ROM "decode/MUX_SEL" won't be mapped to RAM because it is too sparse
WARNING: [Synth 8-3917] design AHBliteTop has port rgbLED[4] driven by constant 0
WARNING: [Synth 8-3917] design AHBliteTop has port rgbLED[1] driven by constant 0
WARNING: [Synth 8-3917] design AHBliteTop has port JA[3] driven by constant 1
WARNING: [Synth 8-3917] design AHBliteTop has port JA[1] driven by constant 0
WARNING: [Synth 8-3917] design AHBliteTop has port JA[0] driven by constant 0
WARNING: [Synth 8-3917] design AHBliteTop has port aclMOSI driven by constant 0
WARNING: [Synth 8-3917] design AHBliteTop has port aclSCK driven by constant 0
WARNING: [Synth 8-3917] design AHBliteTop has port aclSSn driven by constant 1
---------------------------------------------------------------------------------
Finished Cross Boundary Optimization : Time (s): cpu = 00:00:06 ; elapsed = 00:00:07 . Memory (MB): peak = 596.824 ; gain = 412.336
---------------------------------------------------------------------------------
Finished Parallel Reinference  : Time (s): cpu = 00:00:06 ; elapsed = 00:00:07 . Memory (MB): peak = 596.824 ; gain = 412.336

Report RTL Partitions: 
+-+--------------+------------+----------+
| |RTL Partition |Replication |Instances |
+-+--------------+------------+----------+
+-+--------------+------------+----------+
INFO: [Synth 8-3333] propagating constant 0 across sequential element (\GPIO/in1A_reg[15] )
INFO: [Synth 8-3333] propagating constant 0 across sequential element (\GPIO/in1A_reg[15] )
WARNING: [Synth 8-3332] Sequential element (\mux/APHASE_MUX_SEL_reg[3] ) is unused and will be removed from module AHBliteTop.
WARNING: [Synth 8-3332] Sequential element (\GPIO/in1A_reg[14] ) is unused and will be removed from module AHBliteTop.
WARNING: [Synth 8-3332] Sequential element (\GPIO/in1A_reg[13] ) is unused and will be removed from module AHBliteTop.
WARNING: [Synth 8-3332] Sequential element (\GPIO/in1A_reg[12] ) is unused and will be removed from module AHBliteTop.
WARNING: [Synth 8-3332] Sequential element (\GPIO/in1A_reg[11] ) is unused and will be removed from module AHBliteTop.
WARNING: [Synth 8-3332] Sequential element (\GPIO/in1A_reg[10] ) is unused and will be removed from module AHBliteTop.
WARNING: [Synth 8-3332] Sequential element (\GPIO/in1A_reg[9] ) is unused and will be removed from module AHBliteTop.
WARNING: [Synth 8-3332] Sequential element (\GPIO/in1A_reg[8] ) is unused and will be removed from module AHBliteTop.
WARNING: [Synth 8-3332] Sequential element (\GPIO/in1A_reg[7] ) is unused and will be removed from module AHBliteTop.
WARNING: [Synth 8-3332] Sequential element (\GPIO/in1A_reg[6] ) is unused and will be removed from module AHBliteTop.
WARNING: [Synth 8-3332] Sequential element (\GPIO/in1A_reg[5] ) is unused and will be removed from module AHBliteTop.
WARNING: [Synth 8-3332] Sequential element (\GPIO/in1B_reg[14] ) is unused and will be removed from module AHBliteTop.
WARNING: [Synth 8-3332] Sequential element (\GPIO/in1B_reg[13] ) is unused and will be removed from module AHBliteTop.
WARNING: [Synth 8-3332] Sequential element (\GPIO/in1B_reg[12] ) is unused and will be removed from module AHBliteTop.
WARNING: [Synth 8-3332] Sequential element (\GPIO/in1B_reg[11] ) is unused and will be removed from module AHBliteTop.
WARNING: [Synth 8-3332] Sequential element (\GPIO/in1B_reg[10] ) is unused and will be removed from module AHBliteTop.
WARNING: [Synth 8-3332] Sequential element (\GPIO/in1B_reg[9] ) is unused and will be removed from module AHBliteTop.
WARNING: [Synth 8-3332] Sequential element (\GPIO/in1B_reg[8] ) is unused and will be removed from module AHBliteTop.
WARNING: [Synth 8-3332] Sequential element (\GPIO/in1B_reg[7] ) is unused and will be removed from module AHBliteTop.
WARNING: [Synth 8-3332] Sequential element (\GPIO/in1B_reg[6] ) is unused and will be removed from module AHBliteTop.
WARNING: [Synth 8-3332] Sequential element (\GPIO/in1B_reg[5] ) is unused and will be removed from module AHBliteTop.
WARNING: [Synth 8-3332] Sequential element (\UART/rHADDR_reg[0] ) is unused and will be removed from module AHBliteTop.
WARNING: [Synth 8-3332] Sequential element (\RAM/rHADDR_reg[2] ) is unused and will be removed from module AHBliteTop.
WARNING: [Synth 8-3332] Sequential element (\UART/rHADDR_reg[1] ) is unused and will be removed from module AHBliteTop.
WARNING: [Synth 8-3332] Sequential element (\RAM/rHADDR_reg[3] ) is unused and will be removed from module AHBliteTop.
WARNING: [Synth 8-3332] Sequential element (\RAM/rHSIZE_reg[0] ) is unused and will be removed from module AHBliteTop.
WARNING: [Synth 8-3332] Sequential element (\RAM/rHSIZE_reg[1] ) is unused and will be removed from module AHBliteTop.
WARNING: [Synth 8-3332] Sequential element (\RAM/rHADDR_reg[1] ) is unused and will be removed from module AHBliteTop.
WARNING: [Synth 8-3332] Sequential element (\RAM/rHADDR_reg[0] ) is unused and will be removed from module AHBliteTop.
WARNING: [Synth 8-3332] Sequential element (\GPIO/in1A_reg[15] ) is unused and will be removed from module AHBliteTop.
WARNING: [Synth 8-3332] Sequential element (\GPIO/in1B_reg[15] ) is unused and will be removed from module AHBliteTop.
---------------------------------------------------------------------------------
Start Area Optimization
---------------------------------------------------------------------------------
---------------------------------------------------------------------------------
Finished Area Optimization : Time (s): cpu = 00:00:07 ; elapsed = 00:00:08 . Memory (MB): peak = 596.824 ; gain = 412.336
---------------------------------------------------------------------------------
Finished Parallel Area Optimization  : Time (s): cpu = 00:00:07 ; elapsed = 00:00:08 . Memory (MB): peak = 596.824 ; gain = 412.336

Report RTL Partitions: 
+-+--------------+------------+----------+
| |RTL Partition |Replication |Instances |
+-+--------------+------------+----------+
+-+--------------+------------+----------+
Finished Parallel Synthesis Optimization  : Time (s): cpu = 00:00:07 ; elapsed = 00:00:08 . Memory (MB): peak = 596.824 ; gain = 412.336
---------------------------------------------------------------------------------
Start Timing Optimization
---------------------------------------------------------------------------------
---------------------------------------------------------------------------------
Start Applying XDC Timing Constraints
---------------------------------------------------------------------------------
---------------------------------------------------------------------------------
Finished Applying XDC Timing Constraints : Time (s): cpu = 00:00:11 ; elapsed = 00:00:12 . Memory (MB): peak = 596.824 ; gain = 412.336
---------------------------------------------------------------------------------
---------------------------------------------------------------------------------
Finished Timing Optimization : Time (s): cpu = 00:00:11 ; elapsed = 00:00:12 . Memory (MB): peak = 596.824 ; gain = 412.336
---------------------------------------------------------------------------------

Report RTL Partitions: 
+-+--------------+------------+----------+
| |RTL Partition |Replication |Instances |
+-+--------------+------------+----------+
+-+--------------+------------+----------+
---------------------------------------------------------------------------------
Start Technology Mapping
---------------------------------------------------------------------------------
---------------------------------------------------------------------------------
Finished Technology Mapping : Time (s): cpu = 00:00:11 ; elapsed = 00:00:13 . Memory (MB): peak = 596.824 ; gain = 412.336
---------------------------------------------------------------------------------

Report RTL Partitions: 
+-+--------------+------------+----------+
| |RTL Partition |Replication |Instances |
+-+--------------+------------+----------+
+-+--------------+------------+----------+
---------------------------------------------------------------------------------
Start IO Insertion
---------------------------------------------------------------------------------
---------------------------------------------------------------------------------
Start Final Netlist Cleanup
---------------------------------------------------------------------------------
---------------------------------------------------------------------------------
Finished Final Netlist Cleanup
---------------------------------------------------------------------------------
---------------------------------------------------------------------------------
Finished IO Insertion : Time (s): cpu = 00:00:12 ; elapsed = 00:00:13 . Memory (MB): peak = 596.824 ; gain = 412.336
---------------------------------------------------------------------------------

Report Check Netlist: 
+------+------------------+-------+---------+-------+------------------+
|      |Item              |Errors |Warnings |Status |Description       |
+------+------------------+-------+---------+-------+------------------+
|1     |multi_driven_nets |      0|        0|Passed |Multi driven nets |
+------+------------------+-------+---------+-------+------------------+
---------------------------------------------------------------------------------
Start Renaming Generated Instances
---------------------------------------------------------------------------------
---------------------------------------------------------------------------------
Finished Renaming Generated Instances : Time (s): cpu = 00:00:12 ; elapsed = 00:00:13 . Memory (MB): peak = 596.824 ; gain = 412.336
---------------------------------------------------------------------------------

Report RTL Partitions: 
+-+--------------+------------+----------+
| |RTL Partition |Replication |Instances |
+-+--------------+------------+----------+
+-+--------------+------------+----------+
---------------------------------------------------------------------------------
Start Rebuilding User Hierarchy
---------------------------------------------------------------------------------
---------------------------------------------------------------------------------
Finished Rebuilding User Hierarchy : Time (s): cpu = 00:00:12 ; elapsed = 00:00:13 . Memory (MB): peak = 596.824 ; gain = 412.336
---------------------------------------------------------------------------------
---------------------------------------------------------------------------------
Start Renaming Generated Ports : Time (s): cpu = 00:00:12 ; elapsed = 00:00:13 . Memory (MB): peak = 596.824 ; gain = 412.336
---------------------------------------------------------------------------------
---------------------------------------------------------------------------------
Finished Renaming Generated Ports : Time (s): cpu = 00:00:12 ; elapsed = 00:00:13 . Memory (MB): peak = 596.824 ; gain = 412.336
---------------------------------------------------------------------------------
---------------------------------------------------------------------------------
Start Writing Synthesis Report
---------------------------------------------------------------------------------

Report BlackBoxes: 
+------+---------------+----------+
|      |BlackBox name  |Instances |
+------+---------------+----------+
|1     |CORTEXM0DS     |         1|
|2     |blk_mem_4Kword |         1|
|3     |blk_mem_8Kword |         1|
+------+---------------+----------+

Report Cell Usage: 
+------+---------------+------+
|      |Cell           |Count |
+------+---------------+------+
|1     |CORTEXM0DS     |     1|
|2     |blk_mem_4Kword |     1|
|3     |blk_mem_8Kword |     1|
|4     |BUFG           |     2|
|5     |CARRY4         |    19|
|6     |LUT1           |    78|
|7     |LUT2           |    28|
|8     |LUT3           |    54|
|9     |LUT4           |    34|
|10    |LUT5           |   101|
|11    |LUT6           |   149|
|12    |MUXF7          |    33|
|13    |MUXF8          |    12|
|14    |PLLE2_ADV      |     1|
|15    |FDCE           |    19|
|16    |FDRE           |   581|
|17    |FDSE           |     7|
|18    |IBUF           |    25|
|19    |OBUF           |    34|
+------+---------------+------+

Report Instance Areas: 
+------+-------------+------------+------+
|      |Instance     |Module      |Cells |
+------+-------------+------------+------+
|1     |top          |            |  1323|
|2     |  DUMMY      |AHBdummy    |     7|
|3     |  GPIO       |AHBgpio     |   118|
|4     |  RAM        |AHBram      |   123|
|5     |  ROM        |AHBrom      |   248|
|6     |    loader   |ram_loader  |   113|
|7     |    uart1    |uart_RXonly |   103|
|8     |  UART       |AHBuart     |   594|
|9     |    uFIFO_RX |FIFO        |   230|
|10    |    uFIFO_TX |FIFO_0      |   233|
|11    |    uart2    |uart        |   121|
|12    |  clockGen   |clock_gen   |     5|
|13    |  mux        |AHBMUX      |    42|
|14    |  resetGen   |reset_gen   |    11|
|15    |  statusInd  |status_ind  |    35|
+------+-------------+------------+------+
---------------------------------------------------------------------------------
Finished Writing Synthesis Report : Time (s): cpu = 00:00:12 ; elapsed = 00:00:13 . Memory (MB): peak = 596.824 ; gain = 412.336
---------------------------------------------------------------------------------
Synthesis finished with 0 errors, 0 critical warnings and 39 warnings.
Synthesis Optimization Runtime : Time (s): cpu = 00:00:07 ; elapsed = 00:00:09 . Memory (MB): peak = 596.824 ; gain = 76.453
Synthesis Optimization Complete : Time (s): cpu = 00:00:12 ; elapsed = 00:00:13 . Memory (MB): peak = 596.824 ; gain = 412.336
INFO: [Project 1-571] Translating synthesized netlist
INFO: [Netlist 29-17] Analyzing 45 Unisim elements for replacement
INFO: [Netlist 29-28] Unisim Transformation completed in 0 CPU seconds
INFO: [Project 1-570] Preparing netlist for logic optimization
INFO: [Opt 31-138] Pushed 0 inverter(s) to 0 load pin(s).
INFO: [Project 1-111] Unisim Transformation Summary:
No Unisim elements were transformed.

INFO: [Common 17-83] Releasing license: Synthesis
98 Infos, 45 Warnings, 0 Critical Warnings and 0 Errors encountered.
synth_design completed successfully
synth_design: Time (s): cpu = 00:00:11 ; elapsed = 00:00:12 . Memory (MB): peak = 596.824 ; gain = 392.336
report_utilization: Time (s): cpu = 00:00:00 ; elapsed = 00:00:00.033 . Memory (MB): peak = 596.824 ; gain = 0.000
INFO: [Common 17-206] Exiting Vivado at Thu Mar 26 14:57:47 2026...
